<?xml version="1.0" encoding="UTF-8"?>
<coverage generated="1764065415827" clover="3.2.0">
  <project timestamp="1764065415827" name="All files">
    <metrics statements="1233" coveredstatements="898" conditionals="464" coveredconditionals="258" methods="344" coveredmethods="284" elements="2041" coveredelements="1440" complexity="0" loc="1233" ncloc="1233" packages="5" files="19" classes="19"/>
    <package name="core">
      <metrics statements="362" coveredstatements="41" conditionals="174" coveredconditionals="11" methods="71" coveredmethods="16"/>
      <file name="App.js" path="/Users/kelvin/Kelvin-WorkSpace/Lottery/src/core/App.js">
        <metrics statements="277" coveredstatements="0" conditionals="132" coveredconditionals="0" methods="46" coveredmethods="0"/>
        <line num="14" count="0" type="stmt"/>
        <line num="15" count="0" type="stmt"/>
        <line num="16" count="0" type="stmt"/>
        <line num="17" count="0" type="stmt"/>
        <line num="18" count="0" type="stmt"/>
        <line num="19" count="0" type="stmt"/>
        <line num="21" count="0" type="stmt"/>
        <line num="22" count="0" type="stmt"/>
        <line num="24" count="0" type="stmt"/>
        <line num="28" count="0" type="stmt"/>
        <line num="29" count="0" type="stmt"/>
        <line num="34" count="0" type="stmt"/>
        <line num="35" count="0" type="stmt"/>
        <line num="37" count="0" type="cond" truecount="0" falsecount="4"/>
        <line num="38" count="0" type="stmt"/>
        <line num="39" count="0" type="stmt"/>
        <line num="40" count="0" type="stmt"/>
        <line num="41" count="0" type="cond" truecount="0" falsecount="2"/>
        <line num="43" count="0" type="stmt"/>
        <line num="48" count="0" type="stmt"/>
        <line num="49" count="0" type="stmt"/>
        <line num="51" count="0" type="cond" truecount="0" falsecount="4"/>
        <line num="52" count="0" type="stmt"/>
        <line num="53" count="0" type="stmt"/>
        <line num="54" count="0" type="stmt"/>
        <line num="55" count="0" type="cond" truecount="0" falsecount="4"/>
        <line num="57" count="0" type="stmt"/>
        <line num="62" count="0" type="stmt"/>
        <line num="63" count="0" type="cond" truecount="0" falsecount="2"/>
        <line num="64" count="0" type="stmt"/>
        <line num="68" count="0" type="stmt"/>
        <line num="69" count="0" type="cond" truecount="0" falsecount="2"/>
        <line num="70" count="0" type="stmt"/>
        <line num="74" count="0" type="stmt"/>
        <line num="75" count="0" type="cond" truecount="0" falsecount="2"/>
        <line num="76" count="0" type="stmt"/>
        <line num="80" count="0" type="stmt"/>
        <line num="81" count="0" type="cond" truecount="0" falsecount="2"/>
        <line num="82" count="0" type="stmt"/>
        <line num="85" count="0" type="stmt"/>
        <line num="86" count="0" type="cond" truecount="0" falsecount="2"/>
        <line num="87" count="0" type="stmt"/>
        <line num="91" count="0" type="stmt"/>
        <line num="92" count="0" type="stmt"/>
        <line num="93" count="0" type="stmt"/>
        <line num="94" count="0" type="cond" truecount="0" falsecount="2"/>
        <line num="95" count="0" type="stmt"/>
        <line num="96" count="0" type="cond" truecount="0" falsecount="2"/>
        <line num="97" count="0" type="stmt"/>
        <line num="104" count="0" type="stmt"/>
        <line num="105" count="0" type="stmt"/>
        <line num="106" count="0" type="stmt"/>
        <line num="108" count="0" type="stmt"/>
        <line num="109" count="0" type="stmt"/>
        <line num="111" count="0" type="stmt"/>
        <line num="112" count="0" type="cond" truecount="0" falsecount="2"/>
        <line num="115" count="0" type="stmt"/>
        <line num="116" count="0" type="stmt"/>
        <line num="121" count="0" type="stmt"/>
        <line num="122" count="0" type="stmt"/>
        <line num="123" count="0" type="stmt"/>
        <line num="124" count="0" type="stmt"/>
        <line num="126" count="0" type="stmt"/>
        <line num="127" count="0" type="stmt"/>
        <line num="128" count="0" type="stmt"/>
        <line num="129" count="0" type="stmt"/>
        <line num="130" count="0" type="stmt"/>
        <line num="132" count="0" type="stmt"/>
        <line num="136" count="0" type="stmt"/>
        <line num="137" count="0" type="stmt"/>
        <line num="139" count="0" type="stmt"/>
        <line num="140" count="0" type="cond" truecount="0" falsecount="2"/>
        <line num="143" count="0" type="stmt"/>
        <line num="144" count="0" type="stmt"/>
        <line num="149" count="0" type="stmt"/>
        <line num="150" count="0" type="stmt"/>
        <line num="151" count="0" type="stmt"/>
        <line num="153" count="0" type="stmt"/>
        <line num="154" count="0" type="cond" truecount="0" falsecount="2"/>
        <line num="158" count="0" type="stmt"/>
        <line num="159" count="0" type="stmt"/>
        <line num="162" count="0" type="cond" truecount="0" falsecount="4"/>
        <line num="163" count="0" type="stmt"/>
        <line num="164" count="0" type="stmt"/>
        <line num="165" count="0" type="stmt"/>
        <line num="166" count="0" type="stmt"/>
        <line num="167" count="0" type="cond" truecount="0" falsecount="2"/>
        <line num="168" count="0" type="stmt"/>
        <line num="173" count="0" type="stmt"/>
        <line num="174" count="0" type="cond" truecount="0" falsecount="4"/>
        <line num="175" count="0" type="stmt"/>
        <line num="180" count="0" type="cond" truecount="0" falsecount="2"/>
        <line num="182" count="0" type="stmt"/>
        <line num="183" count="0" type="stmt"/>
        <line num="184" count="0" type="stmt"/>
        <line num="185" count="0" type="stmt"/>
        <line num="186" count="0" type="stmt"/>
        <line num="189" count="0" type="stmt"/>
        <line num="193" count="0" type="stmt"/>
        <line num="194" count="0" type="stmt"/>
        <line num="196" count="0" type="cond" truecount="0" falsecount="2"/>
        <line num="197" count="0" type="stmt"/>
        <line num="198" count="0" type="stmt"/>
        <line num="202" count="0" type="stmt"/>
        <line num="203" count="0" type="stmt"/>
        <line num="205" count="0" type="stmt"/>
        <line num="206" count="0" type="stmt"/>
        <line num="209" count="0" type="stmt"/>
        <line num="211" count="0" type="cond" truecount="0" falsecount="2"/>
        <line num="212" count="0" type="stmt"/>
        <line num="218" count="0" type="stmt"/>
        <line num="219" count="0" type="stmt"/>
        <line num="220" count="0" type="stmt"/>
        <line num="223" count="0" type="cond" truecount="0" falsecount="2"/>
        <line num="224" count="0" type="stmt"/>
        <line num="225" count="0" type="stmt"/>
        <line num="229" count="0" type="stmt"/>
        <line num="230" count="0" type="stmt"/>
        <line num="231" count="0" type="stmt"/>
        <line num="232" count="0" type="stmt"/>
        <line num="238" count="0" type="stmt"/>
        <line num="239" count="0" type="stmt"/>
        <line num="241" count="0" type="stmt"/>
        <line num="243" count="0" type="stmt"/>
        <line num="244" count="0" type="stmt"/>
        <line num="245" count="0" type="stmt"/>
        <line num="246" count="0" type="stmt"/>
        <line num="250" count="0" type="cond" truecount="0" falsecount="2"/>
        <line num="251" count="0" type="stmt"/>
        <line num="252" count="0" type="stmt"/>
        <line num="256" count="0" type="stmt"/>
        <line num="257" count="0" type="cond" truecount="0" falsecount="2"/>
        <line num="258" count="0" type="stmt"/>
        <line num="261" count="0" type="stmt"/>
        <line num="262" count="0" type="stmt"/>
        <line num="265" count="0" type="stmt"/>
        <line num="266" count="0" type="stmt"/>
        <line num="267" count="0" type="cond" truecount="0" falsecount="2"/>
        <line num="269" count="0" type="cond" truecount="0" falsecount="2"/>
        <line num="273" count="0" type="stmt"/>
        <line num="287" count="0" type="stmt"/>
        <line num="288" count="0" type="stmt"/>
        <line num="294" count="0" type="stmt"/>
        <line num="295" count="0" type="stmt"/>
        <line num="300" count="0" type="stmt"/>
        <line num="301" count="0" type="stmt"/>
        <line num="303" count="0" type="cond" truecount="0" falsecount="2"/>
        <line num="304" count="0" type="stmt"/>
        <line num="305" count="0" type="stmt"/>
        <line num="308" count="0" type="stmt"/>
        <line num="309" count="0" type="stmt"/>
        <line num="311" count="0" type="stmt"/>
        <line num="312" count="0" type="stmt"/>
        <line num="314" count="0" type="stmt"/>
        <line num="315" count="0" type="cond" truecount="0" falsecount="2"/>
        <line num="316" count="0" type="stmt"/>
        <line num="319" count="0" type="stmt"/>
        <line num="320" count="0" type="cond" truecount="0" falsecount="2"/>
        <line num="321" count="0" type="stmt"/>
        <line num="322" count="0" type="stmt"/>
        <line num="325" count="0" type="stmt"/>
        <line num="326" count="0" type="stmt"/>
        <line num="327" count="0" type="stmt"/>
        <line num="328" count="0" type="stmt"/>
        <line num="331" count="0" type="stmt"/>
        <line num="332" count="0" type="stmt"/>
        <line num="334" count="0" type="stmt"/>
        <line num="335" count="0" type="stmt"/>
        <line num="336" count="0" type="stmt"/>
        <line num="337" count="0" type="stmt"/>
        <line num="338" count="0" type="stmt"/>
        <line num="341" count="0" type="cond" truecount="0" falsecount="2"/>
        <line num="343" count="0" type="stmt"/>
        <line num="344" count="0" type="cond" truecount="0" falsecount="2"/>
        <line num="345" count="0" type="stmt"/>
        <line num="348" count="0" type="stmt"/>
        <line num="349" count="0" type="stmt"/>
        <line num="351" count="0" type="stmt"/>
        <line num="352" count="0" type="stmt"/>
        <line num="353" count="0" type="cond" truecount="0" falsecount="2"/>
        <line num="355" count="0" type="cond" truecount="0" falsecount="2"/>
        <line num="359" count="0" type="stmt"/>
        <line num="371" count="0" type="stmt"/>
        <line num="372" count="0" type="stmt"/>
        <line num="373" count="0" type="stmt"/>
        <line num="375" count="0" type="cond" truecount="0" falsecount="5"/>
        <line num="376" count="0" type="cond" truecount="0" falsecount="2"/>
        <line num="377" count="0" type="stmt"/>
        <line num="379" count="0" type="stmt"/>
        <line num="391" count="0" type="stmt"/>
        <line num="394" count="0" type="stmt"/>
        <line num="400" count="0" type="stmt"/>
        <line num="401" count="0" type="stmt"/>
        <line num="406" count="0" type="stmt"/>
        <line num="407" count="0" type="stmt"/>
        <line num="408" count="0" type="cond" truecount="0" falsecount="2"/>
        <line num="409" count="0" type="stmt"/>
        <line num="410" count="0" type="stmt"/>
        <line num="414" count="0" type="stmt"/>
        <line num="415" count="0" type="stmt"/>
        <line num="417" count="0" type="stmt"/>
        <line num="418" count="0" type="stmt"/>
        <line num="421" count="0" type="stmt"/>
        <line num="424" count="0" type="stmt"/>
        <line num="425" count="0" type="cond" truecount="0" falsecount="2"/>
        <line num="426" count="0" type="stmt"/>
        <line num="430" count="0" type="stmt"/>
        <line num="431" count="0" type="stmt"/>
        <line num="432" count="0" type="stmt"/>
        <line num="433" count="0" type="stmt"/>
        <line num="437" count="0" type="stmt"/>
        <line num="438" count="0" type="cond" truecount="0" falsecount="4"/>
        <line num="441" count="0" type="stmt"/>
        <line num="442" count="0" type="stmt"/>
        <line num="444" count="0" type="stmt"/>
        <line num="446" count="0" type="stmt"/>
        <line num="448" count="0" type="cond" truecount="0" falsecount="2"/>
        <line num="449" count="0" type="stmt"/>
        <line num="450" count="0" type="stmt"/>
        <line num="455" count="0" type="stmt"/>
        <line num="458" count="0" type="stmt"/>
        <line num="459" count="0" type="stmt"/>
        <line num="462" count="0" type="stmt"/>
        <line num="463" count="0" type="cond" truecount="0" falsecount="2"/>
        <line num="464" count="0" type="cond" truecount="0" falsecount="2"/>
        <line num="465" count="0" type="stmt"/>
        <line num="472" count="0" type="stmt"/>
        <line num="476" count="0" type="stmt"/>
        <line num="478" count="0" type="stmt"/>
        <line num="480" count="0" type="stmt"/>
        <line num="486" count="0" type="stmt"/>
        <line num="487" count="0" type="stmt"/>
        <line num="493" count="0" type="stmt"/>
        <line num="494" count="0" type="stmt"/>
        <line num="496" count="0" type="stmt"/>
        <line num="498" count="0" type="stmt"/>
        <line num="499" count="0" type="stmt"/>
        <line num="500" count="0" type="stmt"/>
        <line num="501" count="0" type="stmt"/>
        <line num="502" count="0" type="stmt"/>
        <line num="505" count="0" type="cond" truecount="0" falsecount="2"/>
        <line num="508" count="0" type="stmt"/>
        <line num="511" count="0" type="stmt"/>
        <line num="512" count="0" type="cond" truecount="0" falsecount="2"/>
        <line num="516" count="0" type="stmt"/>
        <line num="518" count="0" type="stmt"/>
        <line num="524" count="0" type="stmt"/>
        <line num="525" count="0" type="stmt"/>
        <line num="526" count="0" type="stmt"/>
        <line num="528" count="0" type="cond" truecount="0" falsecount="5"/>
        <line num="529" count="0" type="cond" truecount="0" falsecount="2"/>
        <line num="530" count="0" type="stmt"/>
        <line num="532" count="0" type="stmt"/>
        <line num="544" count="0" type="stmt"/>
        <line num="549" count="0" type="stmt"/>
        <line num="550" count="0" type="stmt"/>
        <line num="552" count="0" type="stmt"/>
        <line num="553" count="0" type="stmt"/>
        <line num="554" count="0" type="stmt"/>
        <line num="555" count="0" type="stmt"/>
        <line num="556" count="0" type="stmt"/>
        <line num="558" count="0" type="stmt"/>
        <line num="563" count="0" type="stmt"/>
        <line num="564" count="0" type="cond" truecount="0" falsecount="2"/>
        <line num="565" count="0" type="stmt"/>
        <line num="566" count="0" type="stmt"/>
        <line num="570" count="0" type="stmt"/>
        <line num="571" count="0" type="stmt"/>
        <line num="572" count="0" type="cond" truecount="0" falsecount="2"/>
        <line num="573" count="0" type="cond" truecount="0" falsecount="2"/>
        <line num="575" count="0" type="stmt"/>
        <line num="576" count="0" type="cond" truecount="0" falsecount="2"/>
        <line num="580" count="0" type="stmt"/>
        <line num="581" count="0" type="stmt"/>
        <line num="582" count="0" type="stmt"/>
        <line num="583" count="0" type="stmt"/>
        <line num="584" count="0" type="stmt"/>
      </file>
      <file name="DataProcessor.js" path="/Users/kelvin/Kelvin-WorkSpace/Lottery/src/core/DataProcessor.js">
        <metrics statements="85" coveredstatements="41" conditionals="42" coveredconditionals="11" methods="25" coveredmethods="16"/>
        <line num="9" count="99" type="stmt"/>
        <line num="10" count="99" type="stmt"/>
        <line num="18" count="105" type="stmt"/>
        <line num="19" count="105" type="stmt"/>
        <line num="20" count="105" type="stmt"/>
        <line num="22" count="105" type="stmt"/>
        <line num="23" count="52500" type="stmt"/>
        <line num="24" count="52500" type="stmt"/>
        <line num="26" count="52500" type="stmt"/>
        <line num="28" count="52500" type="stmt"/>
        <line num="29" count="59844" type="stmt"/>
        <line num="32" count="52500" type="stmt"/>
        <line num="35" count="548562" type="stmt"/>
        <line num="39" count="105" type="stmt"/>
        <line num="50" count="52503" type="stmt"/>
        <line num="51" count="52503" type="stmt"/>
        <line num="52" count="332570" type="stmt"/>
        <line num="54" count="52503" type="stmt"/>
        <line num="63" count="0" type="stmt"/>
        <line num="64" count="0" type="stmt"/>
        <line num="65" count="0" type="stmt"/>
        <line num="66" count="0" type="stmt"/>
        <line num="67" count="0" type="stmt"/>
        <line num="68" count="0" type="stmt"/>
        <line num="69" count="0" type="stmt"/>
        <line num="71" count="0" type="cond" truecount="0" falsecount="2"/>
        <line num="72" count="0" type="stmt"/>
        <line num="73" count="0" type="stmt"/>
        <line num="76" count="0" type="stmt"/>
        <line num="77" count="0" type="cond" truecount="0" falsecount="2"/>
        <line num="78" count="0" type="cond" truecount="0" falsecount="4"/>
        <line num="81" count="0" type="stmt"/>
        <line num="82" count="0" type="stmt"/>
        <line num="83" count="0" type="cond" truecount="0" falsecount="2"/>
        <line num="85" count="0" type="stmt"/>
        <line num="88" count="0" type="cond" truecount="0" falsecount="2"/>
        <line num="89" count="0" type="cond" truecount="0" falsecount="4"/>
        <line num="90" count="0" type="cond" truecount="0" falsecount="2"/>
        <line num="92" count="0" type="stmt"/>
        <line num="94" count="0" type="stmt"/>
        <line num="95" count="0" type="stmt"/>
        <line num="99" count="0" type="stmt"/>
        <line num="101" count="0" type="cond" truecount="0" falsecount="2"/>
        <line num="103" count="0" type="stmt"/>
        <line num="105" count="0" type="stmt"/>
        <line num="106" count="0" type="stmt"/>
        <line num="110" count="0" type="stmt"/>
        <line num="113" count="0" type="stmt"/>
        <line num="114" count="0" type="cond" truecount="0" falsecount="3"/>
        <line num="119" count="0" type="cond" truecount="0" falsecount="6"/>
        <line num="123" count="0" type="stmt"/>
        <line num="126" count="0" type="stmt"/>
        <line num="132" count="0" type="cond" truecount="0" falsecount="2"/>
        <line num="133" count="0" type="stmt"/>
        <line num="135" count="0" type="stmt"/>
        <line num="138" count="0" type="stmt"/>
        <line num="141" count="0" type="stmt"/>
        <line num="142" count="0" type="stmt"/>
        <line num="151" count="86" type="stmt"/>
        <line num="152" count="86" type="stmt"/>
        <line num="161" count="0" type="stmt"/>
        <line num="162" count="0" type="stmt"/>
        <line num="163" count="0" type="stmt"/>
        <line num="165" count="0" type="stmt"/>
        <line num="180" count="8" type="stmt"/>
        <line num="181" count="4" type="stmt"/>
        <line num="182" count="4" type="stmt"/>
        <line num="184" count="4" type="stmt"/>
        <line num="185" count="5" type="cond" truecount="2" falsecount="0"/>
        <line num="186" count="1" type="stmt"/>
        <line num="188" count="4" type="stmt"/>
        <line num="189" count="4" type="stmt"/>
        <line num="193" count="4" type="stmt"/>
        <line num="194" count="9" type="stmt"/>
        <line num="196" count="4" type="stmt"/>
        <line num="210" count="41" type="stmt"/>
        <line num="219" count="70" type="cond" truecount="2" falsecount="0"/>
        <line num="220" count="69" type="stmt"/>
        <line num="228" count="4" type="stmt"/>
        <line num="229" count="4" type="stmt"/>
        <line num="238" count="3" type="cond" truecount="2" falsecount="0"/>
        <line num="239" count="2" type="stmt"/>
        <line num="240" count="1000" type="cond" truecount="2" falsecount="0"/>
        <line num="251" count="3" type="stmt"/>
        <line num="252" count="1497" type="cond" truecount="2" falsecount="0"/>
      </file>
    </package>
    <package name="data">
      <metrics statements="53" coveredstatements="53" conditionals="24" coveredconditionals="24" methods="16" coveredmethods="16"/>
      <file name="StatisticsService.js" path="/Users/kelvin/Kelvin-WorkSpace/Lottery/src/data/StatisticsService.js">
        <metrics statements="53" coveredstatements="53" conditionals="24" coveredconditionals="24" methods="16" coveredmethods="16"/>
        <line num="9" count="74" type="stmt"/>
        <line num="16" count="3" type="stmt"/>
        <line num="17" count="3" type="cond" truecount="2" falsecount="0"/>
        <line num="18" count="1" type="stmt"/>
        <line num="21" count="1000" type="stmt"/>
        <line num="22" count="2" type="stmt"/>
        <line num="24" count="2" type="stmt"/>
        <line num="38" count="229" type="cond" truecount="2" falsecount="0"/>
        <line num="39" count="229" type="stmt"/>
        <line num="42" count="229" type="stmt"/>
        <line num="43" count="11221" type="stmt"/>
        <line num="47" count="229" type="stmt"/>
        <line num="48" count="16772" type="stmt"/>
        <line num="49" count="100632" type="stmt"/>
        <line num="53" count="229" type="stmt"/>
        <line num="60" count="109" type="cond" truecount="2" falsecount="0"/>
        <line num="61" count="109" type="stmt"/>
        <line num="64" count="109" type="stmt"/>
        <line num="65" count="5341" type="stmt"/>
        <line num="79" count="109" type="stmt"/>
        <line num="80" count="5341" type="stmt"/>
        <line num="81" count="5341" type="stmt"/>
        <line num="82" count="43791" type="cond" truecount="2" falsecount="0"/>
        <line num="83" count="5305" type="stmt"/>
        <line num="84" count="5305" type="stmt"/>
        <line num="85" count="5305" type="stmt"/>
        <line num="88" count="5341" type="cond" truecount="2" falsecount="0"/>
        <line num="89" count="36" type="stmt"/>
        <line num="93" count="109" type="stmt"/>
        <line num="100" count="5" type="stmt"/>
        <line num="101" count="5" type="stmt"/>
        <line num="102" count="5" type="stmt"/>
        <line num="103" count="1061" type="stmt"/>
        <line num="106" count="40" type="stmt"/>
        <line num="117" count="5" type="stmt"/>
        <line num="118" count="5" type="stmt"/>
        <line num="119" count="5" type="stmt"/>
        <line num="120" count="1055" type="stmt"/>
        <line num="123" count="40" type="stmt"/>
        <line num="134" count="4" type="stmt"/>
        <line num="135" count="4" type="stmt"/>
        <line num="144" count="4" type="stmt"/>
        <line num="145" count="1500" type="stmt"/>
        <line num="146" count="9000" type="cond" truecount="2" falsecount="0"/>
        <line num="147" count="7199" type="cond" truecount="2" falsecount="0"/>
        <line num="148" count="5371" type="cond" truecount="2" falsecount="0"/>
        <line num="149" count="3555" type="cond" truecount="2" falsecount="0"/>
        <line num="150" count="1690" type="stmt"/>
        <line num="155" count="4" type="stmt"/>
        <line num="156" count="4" type="cond" truecount="2" falsecount="0"/>
        <line num="157" count="3" type="stmt"/>
        <line num="158" count="15" type="stmt"/>
        <line num="162" count="4" type="stmt"/>
      </file>
    </package>
    <package name="engine">
      <metrics statements="13" coveredstatements="13" conditionals="8" coveredconditionals="8" methods="3" coveredmethods="3"/>
      <file name="PredictionEngine.js" path="/Users/kelvin/Kelvin-WorkSpace/Lottery/src/engine/PredictionEngine.js">
        <metrics statements="13" coveredstatements="13" conditionals="8" coveredconditionals="8" methods="3" coveredmethods="3"/>
        <line num="19" count="22" type="stmt"/>
        <line num="20" count="22" type="stmt"/>
        <line num="21" count="22" type="stmt"/>
        <line num="56" count="34" type="stmt"/>
        <line num="58" count="34" type="cond" truecount="2" falsecount="0"/>
        <line num="59" count="1" type="stmt"/>
        <line num="62" count="33" type="stmt"/>
        <line num="63" count="33" type="cond" truecount="2" falsecount="0"/>
        <line num="65" count="1" type="stmt"/>
        <line num="66" count="1" type="stmt"/>
        <line num="69" count="32" type="stmt"/>
        <line num="74" count="5" type="cond" truecount="2" falsecount="0"/>
        <line num="75" count="5" type="stmt"/>
      </file>
    </package>
    <package name="engine.strategies">
      <metrics statements="802" coveredstatements="790" conditionals="258" coveredconditionals="215" methods="254" coveredmethods="249"/>
      <file name="BayesianStrategy.js" path="/Users/kelvin/Kelvin-WorkSpace/Lottery/src/engine/strategies/BayesianStrategy.js">
        <metrics statements="31" coveredstatements="31" conditionals="11" coveredconditionals="10" methods="10" coveredmethods="10"/>
        <line num="5" count="112" type="stmt"/>
        <line num="9" count="28" type="stmt"/>
        <line num="10" count="28" type="stmt"/>
        <line num="13" count="28" type="stmt"/>
        <line num="14" count="28" type="stmt"/>
        <line num="15" count="28" type="stmt"/>
        <line num="16" count="28" type="stmt"/>
        <line num="17" count="1372" type="cond" truecount="2" falsecount="0"/>
        <line num="22" count="28" type="stmt"/>
        <line num="25" count="28" type="stmt"/>
        <line num="27" count="28" type="stmt"/>
        <line num="28" count="1372" type="stmt"/>
        <line num="29" count="1372" type="stmt"/>
        <line num="31" count="1372" type="stmt"/>
        <line num="32" count="8232" type="cond" truecount="2" falsecount="0"/>
        <line num="33" count="8232" type="stmt"/>
        <line num="34" count="49392" type="cond" truecount="2" falsecount="0"/>
        <line num="40" count="28" type="stmt"/>
        <line num="41" count="1372" type="stmt"/>
        <line num="42" count="1372" type="stmt"/>
        <line num="43" count="8232" type="cond" truecount="3" falsecount="0"/>
        <line num="44" count="8232" type="cond" truecount="1" falsecount="1"/>
        <line num="45" count="8232" type="stmt"/>
        <line num="49" count="1372" type="stmt"/>
        <line num="53" count="1372" type="stmt"/>
        <line num="54" count="1372" type="stmt"/>
        <line num="56" count="28" type="stmt"/>
        <line num="57" count="5944" type="stmt"/>
        <line num="59" count="168" type="stmt"/>
        <line num="61" count="288" type="stmt"/>
        <line num="63" count="28" type="stmt"/>
      </file>
      <file name="CollaborativeStrategy.js" path="/Users/kelvin/Kelvin-WorkSpace/Lottery/src/engine/strategies/CollaborativeStrategy.js">
        <metrics statements="223" coveredstatements="221" conditionals="75" coveredconditionals="57" methods="79" coveredmethods="79"/>
        <line num="17" count="90" type="stmt"/>
        <line num="18" count="90" type="stmt"/>
        <line num="21" count="90" type="stmt"/>
        <line num="66" count="90" type="stmt"/>
        <line num="70" count="25" type="stmt"/>
        <line num="72" count="25" type="cond" truecount="4" falsecount="0"/>
        <line num="74" count="8" type="stmt"/>
        <line num="76" count="6" type="stmt"/>
        <line num="79" count="11" type="stmt"/>
        <line num="88" count="8" type="stmt"/>
        <line num="91" count="8" type="stmt"/>
        <line num="92" count="8" type="stmt"/>
        <line num="95" count="8" type="stmt"/>
        <line num="96" count="8" type="stmt"/>
        <line num="103" count="8" type="stmt"/>
        <line num="104" count="8" type="stmt"/>
        <line num="107" count="8" type="stmt"/>
        <line num="110" count="8" type="stmt"/>
        <line num="117" count="8" type="stmt"/>
        <line num="118" count="8" type="stmt"/>
        <line num="121" count="8" type="stmt"/>
        <line num="124" count="8" type="stmt"/>
        <line num="131" count="8" type="stmt"/>
        <line num="135" count="8" type="stmt"/>
        <line num="136" count="78" type="stmt"/>
        <line num="148" count="6" type="stmt"/>
        <line num="149" count="6" type="stmt"/>
        <line num="152" count="6" type="stmt"/>
        <line num="153" count="30" type="stmt"/>
        <line num="154" count="30" type="stmt"/>
        <line num="158" count="6" type="stmt"/>
        <line num="161" count="6" type="stmt"/>
        <line num="164" count="6" type="stmt"/>
        <line num="165" count="1266" type="stmt"/>
        <line num="167" count="36" type="stmt"/>
        <line num="169" count="6" type="stmt"/>
        <line num="170" count="294" type="stmt"/>
        <line num="171" count="6" type="stmt"/>
        <line num="172" count="294" type="stmt"/>
        <line num="175" count="6" type="stmt"/>
        <line num="176" count="63" type="stmt"/>
        <line num="189" count="11" type="stmt"/>
        <line num="190" count="11" type="stmt"/>
        <line num="191" count="11" type="stmt"/>
        <line num="192" count="11" type="stmt"/>
        <line num="193" count="2340" type="stmt"/>
        <line num="195" count="275" type="stmt"/>
        <line num="198" count="11" type="stmt"/>
        <line num="199" count="11" type="stmt"/>
        <line num="200" count="11" type="stmt"/>
        <line num="203" count="11" type="stmt"/>
        <line num="204" count="11" type="stmt"/>
        <line num="207" count="11" type="stmt"/>
        <line num="208" count="11" type="stmt"/>
        <line num="211" count="11" type="stmt"/>
        <line num="212" count="11" type="stmt"/>
        <line num="213" count="165" type="cond" truecount="1" falsecount="1"/>
        <line num="216" count="11" type="stmt"/>
        <line num="217" count="462" type="stmt"/>
        <line num="219" count="66" type="stmt"/>
        <line num="222" count="11" type="stmt"/>
        <line num="225" count="11" type="stmt"/>
        <line num="226" count="539" type="stmt"/>
        <line num="227" count="11" type="stmt"/>
        <line num="228" count="539" type="stmt"/>
        <line num="231" count="11" type="stmt"/>
        <line num="232" count="113" type="stmt"/>
        <line num="244" count="87" type="stmt"/>
        <line num="246" count="87" type="stmt"/>
        <line num="247" count="125" type="stmt"/>
        <line num="248" count="125" type="cond" truecount="1" falsecount="1"/>
        <line num="250" count="125" type="stmt"/>
        <line num="251" count="275" type="stmt"/>
        <line num="252" count="275" type="stmt"/>
        <line num="253" count="275" type="stmt"/>
        <line num="262" count="0" type="stmt"/>
        <line num="267" count="87" type="stmt"/>
        <line num="274" count="8" type="stmt"/>
        <line num="275" count="392" type="stmt"/>
        <line num="277" count="8" type="stmt"/>
        <line num="279" count="48" type="stmt"/>
        <line num="280" count="2352" type="cond" truecount="1" falsecount="1"/>
        <line num="281" count="2352" type="stmt"/>
        <line num="285" count="48" type="stmt"/>
        <line num="286" count="288" type="stmt"/>
        <line num="290" count="8" type="stmt"/>
        <line num="291" count="1708" type="stmt"/>
        <line num="293" count="200" type="stmt"/>
        <line num="300" count="19" type="stmt"/>
        <line num="301" count="475" type="stmt"/>
        <line num="303" count="19" type="stmt"/>
        <line num="304" count="76" type="stmt"/>
        <line num="305" count="1900" type="cond" truecount="2" falsecount="0"/>
        <line num="306" count="1900" type="stmt"/>
        <line num="309" count="1900" type="stmt"/>
        <line num="310" count="1900" type="cond" truecount="2" falsecount="0"/>
        <line num="311" count="348" type="stmt"/>
        <line num="316" count="19" type="stmt"/>
        <line num="317" count="1613" type="stmt"/>
        <line num="319" count="261" type="stmt"/>
        <line num="326" count="8" type="stmt"/>
        <line num="327" count="96" type="stmt"/>
        <line num="329" count="8" type="stmt"/>
        <line num="330" count="8" type="stmt"/>
        <line num="331" count="48" type="cond" truecount="2" falsecount="0"/>
        <line num="332" count="23" type="stmt"/>
        <line num="338" count="8" type="cond" truecount="1" falsecount="1"/>
        <line num="339" count="8" type="stmt"/>
        <line num="340" count="8" type="stmt"/>
        <line num="341" count="16" type="stmt"/>
        <line num="343" count="8" type="cond" truecount="1" falsecount="1"/>
        <line num="344" count="0" type="stmt"/>
        <line num="348" count="8" type="stmt"/>
        <line num="349" count="215" type="stmt"/>
        <line num="351" count="48" type="stmt"/>
        <line num="358" count="36" type="stmt"/>
        <line num="359" count="1764" type="stmt"/>
        <line num="361" count="36" type="stmt"/>
        <line num="363" count="341" type="stmt"/>
        <line num="364" count="16709" type="cond" truecount="2" falsecount="0"/>
        <line num="365" count="16709" type="stmt"/>
        <line num="369" count="341" type="stmt"/>
        <line num="370" count="2046" type="stmt"/>
        <line num="374" count="36" type="stmt"/>
        <line num="381" count="6" type="stmt"/>
        <line num="382" count="1266" type="stmt"/>
        <line num="384" count="36" type="stmt"/>
        <line num="387" count="6" type="stmt"/>
        <line num="388" count="36" type="stmt"/>
        <line num="390" count="6" type="stmt"/>
        <line num="391" count="66" type="stmt"/>
        <line num="392" count="396" type="cond" truecount="2" falsecount="0"/>
        <line num="393" count="170" type="stmt"/>
        <line num="399" count="36" type="stmt"/>
        <line num="401" count="6" type="stmt"/>
        <line num="403" count="6" type="stmt"/>
        <line num="406" count="36" type="stmt"/>
        <line num="408" count="36" type="stmt"/>
        <line num="416" count="11" type="stmt"/>
        <line num="419" count="66" type="stmt"/>
        <line num="420" count="11" type="cond" truecount="4" falsecount="0"/>
        <line num="421" count="1" type="stmt"/>
        <line num="425" count="66" type="stmt"/>
        <line num="426" count="11" type="cond" truecount="2" falsecount="0"/>
        <line num="427" count="1" type="stmt"/>
        <line num="431" count="66" type="stmt"/>
        <line num="432" count="11" type="cond" truecount="4" falsecount="0"/>
        <line num="433" count="4" type="stmt"/>
        <line num="436" count="11" type="stmt"/>
        <line num="440" count="1" type="stmt"/>
        <line num="441" count="1" type="stmt"/>
        <line num="444" count="1" type="stmt"/>
        <line num="445" count="41" type="stmt"/>
        <line num="446" count="15" type="stmt"/>
        <line num="448" count="1" type="stmt"/>
        <line num="449" count="15" type="stmt"/>
        <line num="450" count="15" type="cond" truecount="1" falsecount="1"/>
        <line num="451" count="4" type="stmt"/>
        <line num="453" count="1" type="cond" truecount="1" falsecount="1"/>
        <line num="456" count="1" type="stmt"/>
        <line num="457" count="1" type="stmt"/>
        <line num="458" count="6" type="cond" truecount="1" falsecount="1"/>
        <line num="459" count="4" type="cond" truecount="2" falsecount="2"/>
        <line num="461" count="1" type="cond" truecount="3" falsecount="1"/>
        <line num="462" count="1" type="stmt"/>
        <line num="463" count="1" type="stmt"/>
        <line num="466" count="1" type="stmt"/>
        <line num="470" count="1" type="stmt"/>
        <line num="471" count="43" type="stmt"/>
        <line num="472" count="15" type="stmt"/>
        <line num="475" count="1" type="stmt"/>
        <line num="476" count="1" type="stmt"/>
        <line num="477" count="5" type="cond" truecount="2" falsecount="0"/>
        <line num="480" count="1" type="cond" truecount="1" falsecount="1"/>
        <line num="482" count="1" type="stmt"/>
        <line num="485" count="1" type="stmt"/>
        <line num="486" count="1" type="stmt"/>
        <line num="487" count="15" type="stmt"/>
        <line num="488" count="15" type="cond" truecount="2" falsecount="0"/>
        <line num="491" count="1" type="cond" truecount="1" falsecount="1"/>
        <line num="493" count="1" type="stmt"/>
        <line num="494" count="5" type="cond" truecount="2" falsecount="2"/>
        <line num="495" count="1" type="stmt"/>
        <line num="496" count="1" type="stmt"/>
        <line num="497" count="1" type="stmt"/>
        <line num="501" count="1" type="stmt"/>
        <line num="505" count="4" type="stmt"/>
        <line num="506" count="4" type="stmt"/>
        <line num="508" count="4" type="stmt"/>
        <line num="509" count="168" type="stmt"/>
        <line num="510" count="60" type="stmt"/>
        <line num="511" count="60" type="stmt"/>
        <line num="513" count="4" type="stmt"/>
        <line num="516" count="4" type="stmt"/>
        <line num="517" count="21" type="stmt"/>
        <line num="518" count="114" type="stmt"/>
        <line num="519" count="114" type="stmt"/>
        <line num="521" count="114" type="cond" truecount="5" falsecount="1"/>
        <line num="522" count="84" type="stmt"/>
        <line num="523" count="84" type="cond" truecount="4" falsecount="0"/>
        <line num="524" count="3" type="stmt"/>
        <line num="525" count="3" type="stmt"/>
        <line num="531" count="1" type="stmt"/>
        <line num="538" count="8" type="stmt"/>
        <line num="539" count="8" type="stmt"/>
        <line num="541" count="392" type="stmt"/>
        <line num="542" count="8" type="stmt"/>
        <line num="543" count="8" type="stmt"/>
        <line num="544" count="392" type="stmt"/>
        <line num="547" count="8" type="stmt"/>
        <line num="552" count="8" type="stmt"/>
        <line num="554" count="8" type="stmt"/>
        <line num="559" count="6" type="stmt"/>
        <line num="560" count="6" type="stmt"/>
        <line num="561" count="6" type="stmt"/>
        <line num="566" count="66" type="stmt"/>
        <line num="567" count="11" type="stmt"/>
        <line num="571" count="8" type="stmt"/>
        <line num="572" count="24" type="stmt"/>
        <line num="573" count="24" type="stmt"/>
        <line num="577" count="6" type="cond" truecount="2" falsecount="2"/>
        <line num="578" count="6" type="stmt"/>
        <line num="584" count="11" type="stmt"/>
      </file>
      <file name="DeviationStrategy.js" path="/Users/kelvin/Kelvin-WorkSpace/Lottery/src/engine/strategies/DeviationStrategy.js">
        <metrics statements="27" coveredstatements="27" conditionals="12" coveredconditionals="12" methods="7" coveredmethods="7"/>
        <line num="5" count="492" type="stmt"/>
        <line num="9" count="27" type="stmt"/>
        <line num="10" count="27" type="stmt"/>
        <line num="13" count="27" type="stmt"/>
        <line num="14" count="27" type="stmt"/>
        <line num="17" count="27" type="stmt"/>
        <line num="18" count="27" type="stmt"/>
        <line num="19" count="1323" type="cond" truecount="2" falsecount="0"/>
        <line num="20" count="1323" type="stmt"/>
        <line num="22" count="27" type="stmt"/>
        <line num="24" count="27" type="stmt"/>
        <line num="25" count="1323" type="cond" truecount="2" falsecount="0"/>
        <line num="26" count="1323" type="stmt"/>
        <line num="29" count="1323" type="cond" truecount="2" falsecount="0"/>
        <line num="31" count="68" type="stmt"/>
        <line num="32" count="1255" type="cond" truecount="2" falsecount="0"/>
        <line num="34" count="36" type="stmt"/>
        <line num="35" count="1219" type="cond" truecount="4" falsecount="0"/>
        <line num="37" count="245" type="stmt"/>
        <line num="39" count="974" type="stmt"/>
        <line num="44" count="1323" type="stmt"/>
        <line num="45" count="1323" type="stmt"/>
        <line num="47" count="27" type="stmt"/>
        <line num="48" count="5337" type="stmt"/>
        <line num="50" count="162" type="stmt"/>
        <line num="52" count="257" type="stmt"/>
        <line num="54" count="27" type="stmt"/>
      </file>
      <file name="FrequencyStrategy.js" path="/Users/kelvin/Kelvin-WorkSpace/Lottery/src/engine/strategies/FrequencyStrategy.js">
        <metrics statements="16" coveredstatements="16" conditionals="0" coveredconditionals="0" methods="8" coveredmethods="8"/>
        <line num="5" count="503" type="stmt"/>
        <line num="9" count="51" type="stmt"/>
        <line num="10" count="51" type="stmt"/>
        <line num="11" count="51" type="stmt"/>
        <line num="13" count="51" type="stmt"/>
        <line num="14" count="2499" type="stmt"/>
        <line num="17" count="51" type="stmt"/>
        <line num="18" count="10746" type="stmt"/>
        <line num="20" count="306" type="stmt"/>
        <line num="22" count="519" type="stmt"/>
        <line num="24" count="51" type="stmt"/>
        <line num="35" count="312" type="stmt"/>
        <line num="36" count="52" type="stmt"/>
        <line num="37" count="52" type="stmt"/>
        <line num="40" count="52" type="stmt"/>
        <line num="41" count="52" type="stmt"/>
      </file>
      <file name="HotColdMixStrategy.js" path="/Users/kelvin/Kelvin-WorkSpace/Lottery/src/engine/strategies/HotColdMixStrategy.js">
        <metrics statements="8" coveredstatements="8" conditionals="0" coveredconditionals="0" methods="5" coveredmethods="5"/>
        <line num="11" count="22" type="stmt"/>
        <line num="15" count="10" type="stmt"/>
        <line num="16" count="10" type="stmt"/>
        <line num="17" count="1" type="stmt"/>
        <line num="18" count="1" type="stmt"/>
        <line num="19" count="1" type="stmt"/>
        <line num="20" count="9" type="stmt"/>
        <line num="21" count="1" type="stmt"/>
      </file>
      <file name="MLStrategy.js" path="/Users/kelvin/Kelvin-WorkSpace/Lottery/src/engine/strategies/MLStrategy.js">
        <metrics statements="156" coveredstatements="156" conditionals="59" coveredconditionals="55" methods="36" coveredmethods="36"/>
        <line num="9" count="246" type="stmt"/>
        <line num="10" count="246" type="stmt"/>
        <line num="14" count="53" type="cond" truecount="4" falsecount="0"/>
        <line num="16" count="26" type="stmt"/>
        <line num="18" count="26" type="stmt"/>
        <line num="21" count="1" type="stmt"/>
        <line num="29" count="1" type="stmt"/>
        <line num="30" count="1" type="stmt"/>
        <line num="33" count="49" type="stmt"/>
        <line num="36" count="1" type="stmt"/>
        <line num="37" count="1" type="cond" truecount="1" falsecount="1"/>
        <line num="38" count="1" type="stmt"/>
        <line num="39" count="49" type="stmt"/>
        <line num="43" count="1" type="stmt"/>
        <line num="44" count="1" type="stmt"/>
        <line num="45" count="1" type="cond" truecount="1" falsecount="1"/>
        <line num="46" count="1" type="stmt"/>
        <line num="47" count="49" type="stmt"/>
        <line num="51" count="1" type="stmt"/>
        <line num="52" count="1" type="stmt"/>
        <line num="53" count="49" type="stmt"/>
        <line num="54" count="49" type="stmt"/>
        <line num="55" count="49" type="cond" truecount="4" falsecount="0"/>
        <line num="56" count="32" type="cond" truecount="2" falsecount="0"/>
        <line num="57" count="24" type="stmt"/>
        <line num="58" count="49" type="stmt"/>
        <line num="62" count="1" type="stmt"/>
        <line num="63" count="49" type="stmt"/>
        <line num="67" count="49" type="stmt"/>
        <line num="68" count="1" type="stmt"/>
        <line num="69" count="1" type="stmt"/>
        <line num="70" count="49" type="stmt"/>
        <line num="73" count="1" type="stmt"/>
        <line num="74" count="215" type="stmt"/>
        <line num="76" count="6" type="stmt"/>
        <line num="78" count="10" type="stmt"/>
        <line num="80" count="1" type="stmt"/>
        <line num="93" count="26" type="stmt"/>
        <line num="94" count="26" type="stmt"/>
        <line num="97" count="26" type="stmt"/>
        <line num="98" count="26" type="stmt"/>
        <line num="99" count="26" type="stmt"/>
        <line num="102" count="26" type="stmt"/>
        <line num="103" count="26" type="stmt"/>
        <line num="104" count="780" type="stmt"/>
        <line num="107" count="780" type="stmt"/>
        <line num="108" count="780" type="stmt"/>
        <line num="109" count="780" type="stmt"/>
        <line num="111" count="780" type="stmt"/>
        <line num="112" count="38220" type="stmt"/>
        <line num="114" count="38220" type="cond" truecount="2" falsecount="0"/>
        <line num="115" count="27195" type="stmt"/>
        <line num="117" count="38220" type="cond" truecount="2" falsecount="0"/>
        <line num="118" count="26166" type="stmt"/>
        <line num="119" count="26166" type="cond" truecount="4" falsecount="0"/>
        <line num="121" count="38220" type="cond" truecount="2" falsecount="0"/>
        <line num="122" count="27293" type="stmt"/>
        <line num="123" count="27293" type="stmt"/>
        <line num="124" count="272930" type="cond" truecount="2" falsecount="0"/>
        <line num="125" count="27293" type="stmt"/>
        <line num="128" count="38220" type="stmt"/>
        <line num="129" count="38220" type="stmt"/>
        <line num="132" count="780" type="stmt"/>
        <line num="136" count="26" type="stmt"/>
        <line num="137" count="26" type="stmt"/>
        <line num="138" count="38220" type="stmt"/>
        <line num="139" count="1274" type="stmt"/>
        <line num="143" count="1274" type="stmt"/>
        <line num="144" count="26" type="stmt"/>
        <line num="145" count="1274" type="stmt"/>
        <line num="148" count="26" type="stmt"/>
        <line num="149" count="5512" type="stmt"/>
        <line num="151" count="156" type="stmt"/>
        <line num="153" count="272" type="stmt"/>
        <line num="155" count="26" type="stmt"/>
        <line num="168" count="26" type="stmt"/>
        <line num="169" count="26" type="stmt"/>
        <line num="171" count="26" type="stmt"/>
        <line num="172" count="26" type="stmt"/>
        <line num="175" count="26" type="stmt"/>
        <line num="176" count="26" type="stmt"/>
        <line num="177" count="26" type="stmt"/>
        <line num="179" count="26" type="stmt"/>
        <line num="180" count="1300" type="stmt"/>
        <line num="184" count="26" type="stmt"/>
        <line num="185" count="39000" type="stmt"/>
        <line num="188" count="780" type="stmt"/>
        <line num="189" count="780" type="stmt"/>
        <line num="190" count="39000" type="stmt"/>
        <line num="191" count="39000" type="stmt"/>
        <line num="194" count="39000" type="cond" truecount="2" falsecount="0"/>
        <line num="197" count="39000" type="cond" truecount="2" falsecount="0"/>
        <line num="198" count="3911" type="stmt"/>
        <line num="201" count="39000" type="stmt"/>
        <line num="204" count="780" type="stmt"/>
        <line num="208" count="1300" type="stmt"/>
        <line num="209" count="26" type="stmt"/>
        <line num="210" count="26" type="stmt"/>
        <line num="213" count="26" type="stmt"/>
        <line num="214" count="1274" type="stmt"/>
        <line num="216" count="26" type="stmt"/>
        <line num="217" count="1300" type="stmt"/>
        <line num="218" count="1300" type="stmt"/>
        <line num="219" count="7800" type="stmt"/>
        <line num="223" count="1274" type="stmt"/>
        <line num="224" count="26" type="stmt"/>
        <line num="225" count="1274" type="stmt"/>
        <line num="228" count="282" type="stmt"/>
        <line num="230" count="26" type="stmt"/>
        <line num="241" count="1300" type="stmt"/>
        <line num="242" count="63700" type="stmt"/>
        <line num="244" count="1300" type="stmt"/>
        <line num="245" count="3902" type="stmt"/>
        <line num="246" count="3902" type="stmt"/>
        <line num="247" count="99346" type="stmt"/>
        <line num="248" count="99346" type="cond" truecount="4" falsecount="0"/>
        <line num="249" count="3900" type="stmt"/>
        <line num="250" count="3900" type="stmt"/>
        <line num="255" count="3902" type="cond" truecount="2" falsecount="0"/>
        <line num="256" count="191100" type="stmt"/>
        <line num="257" count="191100" type="stmt"/>
        <line num="258" count="3900" type="cond" truecount="1" falsecount="1"/>
        <line num="259" count="3900" type="stmt"/>
        <line num="264" count="1300" type="stmt"/>
        <line num="268" count="40300" type="stmt"/>
        <line num="271" count="40300" type="stmt"/>
        <line num="272" count="241800" type="stmt"/>
        <line num="276" count="40300" type="stmt"/>
        <line num="277" count="241800" type="stmt"/>
        <line num="278" count="241800" type="cond" truecount="4" falsecount="0"/>
        <line num="282" count="241800" type="stmt"/>
        <line num="283" count="40300" type="cond" truecount="2" falsecount="0"/>
        <line num="284" count="19747" type="cond" truecount="4" falsecount="0"/>
        <line num="287" count="241800" type="stmt"/>
        <line num="288" count="40300" type="stmt"/>
        <line num="291" count="241800" type="stmt"/>
        <line num="292" count="40300" type="cond" truecount="4" falsecount="0"/>
        <line num="294" count="40300" type="stmt"/>
        <line num="298" count="78000" type="stmt"/>
        <line num="299" count="78000" type="stmt"/>
        <line num="300" count="78000" type="cond" truecount="2" falsecount="0"/>
        <line num="304" count="31034" type="stmt"/>
        <line num="305" count="31034" type="stmt"/>
        <line num="308" count="31034" type="stmt"/>
        <line num="309" count="31034" type="cond" truecount="2" falsecount="0"/>
        <line num="310" count="214382" type="stmt"/>
        <line num="311" count="214382" type="cond" truecount="2" falsecount="0"/>
        <line num="312" count="186204" type="stmt"/>
        <line num="313" count="186204" type="stmt"/>
        <line num="317" count="31034" type="stmt"/>
        <line num="321" count="3911" type="stmt"/>
        <line num="322" count="3911" type="stmt"/>
        <line num="324" count="3911" type="stmt"/>
        <line num="325" count="4430" type="stmt"/>
        <line num="328" count="3911" type="stmt"/>
        <line num="329" count="3911" type="stmt"/>
      </file>
      <file name="MarkovStrategy.js" path="/Users/kelvin/Kelvin-WorkSpace/Lottery/src/engine/strategies/MarkovStrategy.js">
        <metrics statements="29" coveredstatements="29" conditionals="2" coveredconditionals="1" methods="11" coveredmethods="11"/>
        <line num="8" count="28" type="stmt"/>
        <line num="9" count="28" type="stmt"/>
        <line num="12" count="28" type="stmt"/>
        <line num="13" count="1372" type="stmt"/>
        <line num="14" count="1372" type="stmt"/>
        <line num="15" count="67228" type="stmt"/>
        <line num="22" count="28" type="stmt"/>
        <line num="23" count="1372" type="stmt"/>
        <line num="24" count="1372" type="stmt"/>
        <line num="26" count="1372" type="stmt"/>
        <line num="27" count="8232" type="stmt"/>
        <line num="28" count="49392" type="stmt"/>
        <line num="34" count="28" type="stmt"/>
        <line num="35" count="28" type="stmt"/>
        <line num="36" count="1372" type="stmt"/>
        <line num="38" count="28" type="stmt"/>
        <line num="39" count="168" type="stmt"/>
        <line num="40" count="8232" type="cond" truecount="1" falsecount="1"/>
        <line num="42" count="168" type="stmt"/>
        <line num="44" count="8232" type="stmt"/>
        <line num="45" count="8232" type="stmt"/>
        <line num="50" count="1372" type="stmt"/>
        <line num="51" count="28" type="stmt"/>
        <line num="52" count="1372" type="stmt"/>
        <line num="55" count="28" type="stmt"/>
        <line num="56" count="5902" type="stmt"/>
        <line num="58" count="168" type="stmt"/>
        <line num="60" count="285" type="stmt"/>
        <line num="62" count="28" type="stmt"/>
      </file>
      <file name="MonteCarloStrategy.js" path="/Users/kelvin/Kelvin-WorkSpace/Lottery/src/engine/strategies/MonteCarloStrategy.js">
        <metrics statements="26" coveredstatements="26" conditionals="0" coveredconditionals="0" methods="7" coveredmethods="7"/>
        <line num="5" count="492" type="stmt"/>
        <line num="9" count="27" type="stmt"/>
        <line num="10" count="27" type="stmt"/>
        <line num="11" count="27" type="stmt"/>
        <line num="12" count="27" type="stmt"/>
        <line num="15" count="27" type="stmt"/>
        <line num="16" count="27" type="stmt"/>
        <line num="19" count="1323" type="stmt"/>
        <line num="20" count="1323" type="stmt"/>
        <line num="21" count="29430" type="stmt"/>
        <line num="25" count="27" type="stmt"/>
        <line num="26" count="1323" type="stmt"/>
        <line num="29" count="27" type="stmt"/>
        <line num="30" count="270000" type="stmt"/>
        <line num="31" count="270000" type="stmt"/>
        <line num="32" count="1713235" type="stmt"/>
        <line num="33" count="1713235" type="stmt"/>
        <line num="35" count="1620000" type="stmt"/>
        <line num="39" count="27" type="stmt"/>
        <line num="40" count="27" type="stmt"/>
        <line num="41" count="1323" type="stmt"/>
        <line num="44" count="27" type="stmt"/>
        <line num="45" count="5705" type="stmt"/>
        <line num="47" count="162" type="stmt"/>
        <line num="49" count="273" type="stmt"/>
        <line num="51" count="27" type="stmt"/>
      </file>
      <file name="OddEvenBalanceStrategy.js" path="/Users/kelvin/Kelvin-WorkSpace/Lottery/src/engine/strategies/OddEvenBalanceStrategy.js">
        <metrics statements="14" coveredstatements="14" conditionals="10" coveredconditionals="8" methods="5" coveredmethods="5"/>
        <line num="10" count="22" type="stmt"/>
        <line num="15" count="1" type="stmt"/>
        <line num="17" count="1" type="stmt"/>
        <line num="18" count="1" type="stmt"/>
        <line num="19" count="49" type="cond" truecount="2" falsecount="0"/>
        <line num="20" count="25" type="stmt"/>
        <line num="22" count="1" type="cond" truecount="1" falsecount="1"/>
        <line num="24" count="1" type="stmt"/>
        <line num="25" count="1" type="stmt"/>
        <line num="26" count="49" type="cond" truecount="5" falsecount="1"/>
        <line num="27" count="24" type="stmt"/>
        <line num="30" count="81" type="stmt"/>
        <line num="31" count="11" type="stmt"/>
        <line num="32" count="1" type="stmt"/>
      </file>
      <file name="SumRangeStrategy.js" path="/Users/kelvin/Kelvin-WorkSpace/Lottery/src/engine/strategies/SumRangeStrategy.js">
        <metrics statements="79" coveredstatements="69" conditionals="24" coveredconditionals="20" methods="22" coveredmethods="17"/>
        <line num="20" count="22" type="stmt"/>
        <line num="22" count="22" type="stmt"/>
        <line num="23" count="22" type="stmt"/>
        <line num="30" count="426" type="stmt"/>
        <line num="37" count="71" type="stmt"/>
        <line num="40" count="71" type="stmt"/>
        <line num="41" count="426" type="stmt"/>
        <line num="42" count="1065" type="stmt"/>
        <line num="43" count="1065" type="stmt"/>
        <line num="47" count="71" type="stmt"/>
        <line num="54" count="50" type="stmt"/>
        <line num="55" count="50" type="stmt"/>
        <line num="58" count="1" type="stmt"/>
        <line num="59" count="1" type="stmt"/>
        <line num="60" count="50" type="cond" truecount="2" falsecount="0"/>
        <line num="64" count="1" type="stmt"/>
        <line num="65" count="15" type="stmt"/>
        <line num="67" count="3" type="stmt"/>
        <line num="69" count="1" type="stmt"/>
        <line num="80" count="50" type="stmt"/>
        <line num="81" count="50" type="stmt"/>
        <line num="84" count="50" type="stmt"/>
        <line num="85" count="1" type="stmt"/>
        <line num="87" count="1" type="stmt"/>
        <line num="96" count="1" type="cond" truecount="1" falsecount="1"/>
        <line num="98" count="0" type="stmt"/>
        <line num="99" count="0" type="stmt"/>
        <line num="100" count="0" type="stmt"/>
        <line num="101" count="0" type="stmt"/>
        <line num="103" count="0" type="stmt"/>
        <line num="104" count="0" type="stmt"/>
        <line num="106" count="0" type="stmt"/>
        <line num="115" count="1" type="stmt"/>
        <line num="116" count="1" type="stmt"/>
        <line num="117" count="1" type="stmt"/>
        <line num="120" count="1" type="stmt"/>
        <line num="121" count="1" type="stmt"/>
        <line num="122" count="1" type="stmt"/>
        <line num="125" count="1" type="stmt"/>
        <line num="128" count="1" type="stmt"/>
        <line num="129" count="1" type="stmt"/>
        <line num="130" count="49" type="stmt"/>
        <line num="132" count="216" type="stmt"/>
        <line num="135" count="1" type="stmt"/>
        <line num="136" count="1" type="stmt"/>
        <line num="139" count="1" type="stmt"/>
        <line num="140" count="20" type="stmt"/>
        <line num="141" count="20" type="stmt"/>
        <line num="142" count="20" type="stmt"/>
        <line num="143" count="20" type="stmt"/>
        <line num="146" count="20" type="cond" truecount="2" falsecount="0"/>
        <line num="147" count="126" type="cond" truecount="2" falsecount="0"/>
        <line num="149" count="120" type="stmt"/>
        <line num="150" count="120" type="stmt"/>
        <line num="153" count="120" type="stmt"/>
        <line num="154" count="120" type="stmt"/>
        <line num="157" count="120" type="cond" truecount="4" falsecount="0"/>
        <line num="158" count="100" type="stmt"/>
        <line num="159" count="100" type="stmt"/>
        <line num="160" count="100" type="stmt"/>
        <line num="161" count="100" type="stmt"/>
        <line num="166" count="20" type="cond" truecount="1" falsecount="1"/>
        <line num="167" count="20" type="stmt"/>
        <line num="168" count="20" type="stmt"/>
        <line num="171" count="20" type="cond" truecount="5" falsecount="1"/>
        <line num="174" count="20" type="stmt"/>
        <line num="175" count="20" type="stmt"/>
        <line num="176" count="20" type="stmt"/>
        <line num="178" count="20" type="cond" truecount="2" falsecount="0"/>
        <line num="179" count="5" type="stmt"/>
        <line num="180" count="52" type="stmt"/>
        <line num="187" count="1" type="cond" truecount="1" falsecount="1"/>
        <line num="188" count="0" type="stmt"/>
        <line num="189" count="0" type="stmt"/>
        <line num="191" count="0" type="stmt"/>
        <line num="199" count="1" type="stmt"/>
        <line num="200" count="1" type="stmt"/>
        <line num="201" count="1" type="stmt"/>
        <line num="203" count="1" type="stmt"/>
      </file>
      <file name="TrendStrategy.js" path="/Users/kelvin/Kelvin-WorkSpace/Lottery/src/engine/strategies/TrendStrategy.js">
        <metrics statements="20" coveredstatements="20" conditionals="0" coveredconditionals="0" methods="10" coveredmethods="10"/>
        <line num="8" count="30" type="stmt"/>
        <line num="10" count="30" type="stmt"/>
        <line num="11" count="1470" type="stmt"/>
        <line num="14" count="30" type="stmt"/>
        <line num="15" count="30" type="stmt"/>
        <line num="17" count="30" type="stmt"/>
        <line num="24" count="1500" type="stmt"/>
        <line num="25" count="1500" type="stmt"/>
        <line num="27" count="1500" type="stmt"/>
        <line num="28" count="9000" type="stmt"/>
        <line num="32" count="1470" type="stmt"/>
        <line num="33" count="30" type="stmt"/>
        <line num="34" count="30" type="stmt"/>
        <line num="35" count="1470" type="stmt"/>
        <line num="38" count="30" type="stmt"/>
        <line num="39" count="6392" type="stmt"/>
        <line num="41" count="180" type="stmt"/>
        <line num="43" count="313" type="stmt"/>
        <line num="45" count="30" type="stmt"/>
        <line num="56" count="30" type="stmt"/>
      </file>
      <file name="UnifiedEnsembleStrategy.js" path="/Users/kelvin/Kelvin-WorkSpace/Lottery/src/engine/strategies/UnifiedEnsembleStrategy.js">
        <metrics statements="158" coveredstatements="158" conditionals="47" coveredconditionals="34" methods="48" coveredmethods="48"/>
        <line num="14" count="380" type="stmt"/>
        <line num="15" count="380" type="stmt"/>
        <line num="18" count="380" type="stmt"/>
        <line num="28" count="80" type="stmt"/>
        <line num="30" count="80" type="cond" truecount="6" falsecount="0"/>
        <line num="32" count="1" type="stmt"/>
        <line num="34" count="26" type="stmt"/>
        <line num="36" count="26" type="stmt"/>
        <line num="38" count="26" type="stmt"/>
        <line num="41" count="1" type="stmt"/>
        <line num="49" count="1" type="stmt"/>
        <line num="50" count="1" type="stmt"/>
        <line num="51" count="49" type="stmt"/>
        <line num="54" count="1" type="stmt"/>
        <line num="55" count="1" type="stmt"/>
        <line num="56" count="5" type="stmt"/>
        <line num="57" count="5" type="stmt"/>
        <line num="61" count="1" type="stmt"/>
        <line num="62" count="5" type="stmt"/>
        <line num="63" count="245" type="cond" truecount="2" falsecount="0"/>
        <line num="64" count="244" type="stmt"/>
        <line num="70" count="49" type="cond" truecount="1" falsecount="1"/>
        <line num="71" count="49" type="stmt"/>
        <line num="73" count="1" type="stmt"/>
        <line num="74" count="212" type="stmt"/>
        <line num="76" count="6" type="stmt"/>
        <line num="78" count="9" type="stmt"/>
        <line num="80" count="1" type="stmt"/>
        <line num="93" count="1" type="stmt"/>
        <line num="94" count="1" type="stmt"/>
        <line num="97" count="1" type="stmt"/>
        <line num="98" count="49" type="stmt"/>
        <line num="102" count="1" type="stmt"/>
        <line num="103" count="1" type="stmt"/>
        <line num="104" count="1" type="stmt"/>
        <line num="105" count="1" type="stmt"/>
        <line num="106" count="1" type="cond" truecount="1" falsecount="1"/>
        <line num="109" count="1" type="stmt"/>
        <line num="112" count="1" type="stmt"/>
        <line num="113" count="3" type="stmt"/>
        <line num="114" count="147" type="stmt"/>
        <line num="116" count="147" type="stmt"/>
        <line num="123" count="588" type="stmt"/>
        <line num="124" count="147" type="stmt"/>
        <line num="129" count="49" type="stmt"/>
        <line num="130" count="49" type="stmt"/>
        <line num="132" count="1" type="stmt"/>
        <line num="133" count="215" type="stmt"/>
        <line num="135" count="6" type="stmt"/>
        <line num="137" count="10" type="stmt"/>
        <line num="139" count="1" type="stmt"/>
        <line num="152" count="26" type="stmt"/>
        <line num="153" count="26" type="stmt"/>
        <line num="154" count="26" type="stmt"/>
        <line num="155" count="26" type="stmt"/>
        <line num="156" count="26" type="stmt"/>
        <line num="159" count="26" type="stmt"/>
        <line num="160" count="1274" type="stmt"/>
        <line num="161" count="1274" type="stmt"/>
        <line num="164" count="26" type="stmt"/>
        <line num="165" count="26" type="stmt"/>
        <line num="166" count="1300" type="stmt"/>
        <line num="167" count="1300" type="stmt"/>
        <line num="168" count="1300" type="stmt"/>
        <line num="169" count="7800" type="stmt"/>
        <line num="170" count="7800" type="stmt"/>
        <line num="175" count="26" type="stmt"/>
        <line num="176" count="26" type="stmt"/>
        <line num="178" count="26" type="stmt"/>
        <line num="185" count="26" type="stmt"/>
        <line num="186" count="26" type="cond" truecount="1" falsecount="1"/>
        <line num="187" count="1274" type="cond" truecount="1" falsecount="1"/>
        <line num="189" count="26" type="stmt"/>
        <line num="190" count="1274" type="stmt"/>
        <line num="191" count="1274" type="stmt"/>
        <line num="192" count="1274" type="stmt"/>
        <line num="194" count="1274" type="stmt"/>
        <line num="198" count="1274" type="stmt"/>
        <line num="199" count="26" type="stmt"/>
        <line num="200" count="1274" type="stmt"/>
        <line num="203" count="26" type="stmt"/>
        <line num="204" count="5488" type="stmt"/>
        <line num="206" count="156" type="stmt"/>
        <line num="208" count="258" type="stmt"/>
        <line num="210" count="26" type="stmt"/>
        <line num="223" count="26" type="stmt"/>
        <line num="226" count="26" type="stmt"/>
        <line num="227" count="26" type="stmt"/>
        <line num="230" count="26" type="stmt"/>
        <line num="231" count="1274" type="stmt"/>
        <line num="234" count="26" type="stmt"/>
        <line num="235" count="1300" type="stmt"/>
        <line num="236" count="7800" type="stmt"/>
        <line num="238" count="1300" type="cond" truecount="2" falsecount="0"/>
        <line num="239" count="744" type="stmt"/>
        <line num="240" count="4464" type="cond" truecount="2" falsecount="0"/>
        <line num="241" count="3361" type="stmt"/>
        <line num="248" count="1274" type="stmt"/>
        <line num="249" count="26" type="stmt"/>
        <line num="250" count="26" type="stmt"/>
        <line num="251" count="1274" type="cond" truecount="1" falsecount="1"/>
        <line num="254" count="26" type="stmt"/>
        <line num="255" count="5447" type="stmt"/>
        <line num="257" count="156" type="stmt"/>
        <line num="259" count="266" type="stmt"/>
        <line num="261" count="26" type="stmt"/>
        <line num="274" count="26" type="stmt"/>
        <line num="275" count="26" type="stmt"/>
        <line num="277" count="1274" type="stmt"/>
        <line num="280" count="26" type="stmt"/>
        <line num="281" count="26" type="stmt"/>
        <line num="284" count="26" type="stmt"/>
        <line num="285" count="26" type="cond" truecount="1" falsecount="1"/>
        <line num="288" count="26" type="stmt"/>
        <line num="291" count="26" type="stmt"/>
        <line num="292" count="1300" type="stmt"/>
        <line num="293" count="7800" type="stmt"/>
        <line num="294" count="7800" type="stmt"/>
        <line num="296" count="26" type="stmt"/>
        <line num="299" count="26" type="stmt"/>
        <line num="300" count="7800" type="cond" truecount="2" falsecount="0"/>
        <line num="301" count="26" type="stmt"/>
        <line num="302" count="26" type="stmt"/>
        <line num="305" count="26" type="stmt"/>
        <line num="306" count="26" type="stmt"/>
        <line num="307" count="1274" type="stmt"/>
        <line num="308" count="26" type="stmt"/>
        <line num="309" count="3120" type="stmt"/>
        <line num="312" count="26" type="stmt"/>
        <line num="313" count="1274" type="stmt"/>
        <line num="314" count="1274" type="stmt"/>
        <line num="315" count="1274" type="cond" truecount="1" falsecount="1"/>
        <line num="317" count="1274" type="stmt"/>
        <line num="318" count="1274" type="cond" truecount="1" falsecount="1"/>
        <line num="319" count="1274" type="stmt"/>
        <line num="321" count="1274" type="stmt"/>
        <line num="322" count="1274" type="cond" truecount="4" falsecount="0"/>
        <line num="323" count="1049" type="cond" truecount="4" falsecount="0"/>
        <line num="325" count="1274" type="stmt"/>
        <line num="327" count="1274" type="stmt"/>
        <line num="330" count="1274" type="stmt"/>
        <line num="331" count="1274" type="stmt"/>
        <line num="333" count="26" type="stmt"/>
        <line num="334" count="5506" type="stmt"/>
        <line num="336" count="156" type="stmt"/>
        <line num="338" count="273" type="stmt"/>
        <line num="340" count="26" type="stmt"/>
        <line num="350" count="26" type="stmt"/>
        <line num="351" count="260" type="stmt"/>
        <line num="353" count="26" type="stmt"/>
        <line num="354" count="1300" type="stmt"/>
        <line num="355" count="7800" type="stmt"/>
        <line num="359" count="26" type="stmt"/>
        <line num="360" count="26" type="stmt"/>
        <line num="361" count="26" type="stmt"/>
        <line num="362" count="1274" type="stmt"/>
        <line num="363" count="1274" type="stmt"/>
        <line num="365" count="26" type="stmt"/>
      </file>
      <file name="ZoneBalanceStrategy.js" path="/Users/kelvin/Kelvin-WorkSpace/Lottery/src/engine/strategies/ZoneBalanceStrategy.js">
        <metrics statements="15" coveredstatements="15" conditionals="18" coveredconditionals="18" methods="6" coveredmethods="6"/>
        <line num="11" count="22" type="stmt"/>
        <line num="15" count="1" type="stmt"/>
        <line num="17" count="1" type="stmt"/>
        <line num="24" count="1" type="stmt"/>
        <line num="25" count="49" type="cond" truecount="8" falsecount="0"/>
        <line num="26" count="49" type="stmt"/>
        <line num="29" count="8" type="stmt"/>
        <line num="31" count="1" type="stmt"/>
        <line num="32" count="1" type="stmt"/>
        <line num="33" count="49" type="cond" truecount="8" falsecount="0"/>
        <line num="34" count="49" type="cond" truecount="2" falsecount="0"/>
        <line num="35" count="9" type="stmt"/>
        <line num="38" count="20" type="stmt"/>
        <line num="39" count="12" type="stmt"/>
        <line num="40" count="1" type="stmt"/>
      </file>
    </package>
    <package name="utils">
      <metrics statements="3" coveredstatements="1" conditionals="0" coveredconditionals="0" methods="0" coveredmethods="0"/>
      <file name="Constants.js" path="/Users/kelvin/Kelvin-WorkSpace/Lottery/src/utils/Constants.js">
        <metrics statements="1" coveredstatements="1" conditionals="0" coveredconditionals="0" methods="0" coveredmethods="0"/>
        <line num="11" count="6" type="stmt"/>
      </file>
      <file name="WeightConfigs.js" path="/Users/kelvin/Kelvin-WorkSpace/Lottery/src/utils/WeightConfigs.js">
        <metrics statements="2" coveredstatements="0" conditionals="0" coveredconditionals="0" methods="0" coveredmethods="0"/>
        <line num="4" count="0" type="stmt"/>
        <line num="72" count="0" type="stmt"/>
      </file>
    </package>
  </project>
</coverage>
