{"/Users/kelvin/Kelvin-WorkSpace/Lottery/src/core/App.js": {"path":"/Users/kelvin/Kelvin-WorkSpace/Lottery/src/core/App.js","statementMap":{"0":{"start":{"line":14,"column":8},"end":{"line":14,"column":49}},"1":{"start":{"line":15,"column":8},"end":{"line":15,"column":75}},"2":{"start":{"line":16,"column":8},"end":{"line":16,"column":41}},"3":{"start":{"line":17,"column":8},"end":{"line":17,"column":69}},"4":{"start":{"line":18,"column":8},"end":{"line":18,"column":97}},"5":{"start":{"line":19,"column":8},"end":{"line":19,"column":113}},"6":{"start":{"line":21,"column":8},"end":{"line":21,"column":29}},"7":{"start":{"line":22,"column":8},"end":{"line":22,"column":31}},"8":{"start":{"line":24,"column":8},"end":{"line":24,"column":20}},"9":{"start":{"line":28,"column":8},"end":{"line":28,"column":35}},"10":{"start":{"line":29,"column":8},"end":{"line":29,"column":45}},"11":{"start":{"line":34,"column":26},"end":{"line":34,"column":63}},"12":{"start":{"line":35,"column":26},"end":{"line":35,"column":63}},"13":{"start":{"line":37,"column":8},"end":{"line":45,"column":9}},"14":{"start":{"line":38,"column":12},"end":{"line":38,"column":73}},"15":{"start":{"line":38,"column":54},"end":{"line":38,"column":71}},"16":{"start":{"line":39,"column":12},"end":{"line":44,"column":15}},"17":{"start":{"line":40,"column":29},"end":{"line":40,"column":46}},"18":{"start":{"line":41,"column":16},"end":{"line":41,"column":60}},"19":{"start":{"line":41,"column":26},"end":{"line":41,"column":60}},"20":{"start":{"line":43,"column":16},"end":{"line":43,"column":36}},"21":{"start":{"line":48,"column":26},"end":{"line":48,"column":63}},"22":{"start":{"line":49,"column":30},"end":{"line":49,"column":71}},"23":{"start":{"line":51,"column":8},"end":{"line":59,"column":9}},"24":{"start":{"line":52,"column":12},"end":{"line":52,"column":77}},"25":{"start":{"line":52,"column":54},"end":{"line":52,"column":75}},"26":{"start":{"line":53,"column":12},"end":{"line":58,"column":15}},"27":{"start":{"line":54,"column":30},"end":{"line":54,"column":44}},"28":{"start":{"line":55,"column":16},"end":{"line":55,"column":90}},"29":{"start":{"line":55,"column":47},"end":{"line":55,"column":90}},"30":{"start":{"line":57,"column":16},"end":{"line":57,"column":36}},"31":{"start":{"line":62,"column":26},"end":{"line":62,"column":68}},"32":{"start":{"line":63,"column":8},"end":{"line":65,"column":9}},"33":{"start":{"line":64,"column":12},"end":{"line":64,"column":77}},"34":{"start":{"line":64,"column":54},"end":{"line":64,"column":75}},"35":{"start":{"line":68,"column":29},"end":{"line":68,"column":70}},"36":{"start":{"line":69,"column":8},"end":{"line":71,"column":9}},"37":{"start":{"line":70,"column":12},"end":{"line":70,"column":75}},"38":{"start":{"line":70,"column":57},"end":{"line":70,"column":73}},"39":{"start":{"line":74,"column":27},"end":{"line":74,"column":65}},"40":{"start":{"line":75,"column":8},"end":{"line":77,"column":9}},"41":{"start":{"line":76,"column":12},"end":{"line":76,"column":77}},"42":{"start":{"line":76,"column":55},"end":{"line":76,"column":75}},"43":{"start":{"line":80,"column":30},"end":{"line":80,"column":71}},"44":{"start":{"line":81,"column":8},"end":{"line":83,"column":9}},"45":{"start":{"line":82,"column":12},"end":{"line":82,"column":80}},"46":{"start":{"line":82,"column":58},"end":{"line":82,"column":78}},"47":{"start":{"line":85,"column":32},"end":{"line":85,"column":76}},"48":{"start":{"line":86,"column":8},"end":{"line":88,"column":9}},"49":{"start":{"line":87,"column":12},"end":{"line":87,"column":88}},"50":{"start":{"line":87,"column":60},"end":{"line":87,"column":86}},"51":{"start":{"line":91,"column":8},"end":{"line":100,"column":11}},"52":{"start":{"line":92,"column":12},"end":{"line":99,"column":15}},"53":{"start":{"line":93,"column":32},"end":{"line":93,"column":63}},"54":{"start":{"line":94,"column":16},"end":{"line":98,"column":17}},"55":{"start":{"line":95,"column":20},"end":{"line":95,"column":80}},"56":{"start":{"line":95,"column":37},"end":{"line":95,"column":73}},"57":{"start":{"line":96,"column":23},"end":{"line":98,"column":17}},"58":{"start":{"line":97,"column":20},"end":{"line":97,"column":42}},"59":{"start":{"line":104,"column":8},"end":{"line":117,"column":9}},"60":{"start":{"line":105,"column":12},"end":{"line":105,"column":65}},"61":{"start":{"line":106,"column":27},"end":{"line":106,"column":69}},"62":{"start":{"line":108,"column":12},"end":{"line":108,"column":37}},"63":{"start":{"line":109,"column":12},"end":{"line":109,"column":89}},"64":{"start":{"line":111,"column":29},"end":{"line":111,"column":65}},"65":{"start":{"line":112,"column":12},"end":{"line":112,"column":71}},"66":{"start":{"line":112,"column":26},"end":{"line":112,"column":71}},"67":{"start":{"line":115,"column":12},"end":{"line":115,"column":81}},"68":{"start":{"line":116,"column":12},"end":{"line":116,"column":33}},"69":{"start":{"line":121,"column":8},"end":{"line":145,"column":9}},"70":{"start":{"line":122,"column":12},"end":{"line":122,"column":83}},"71":{"start":{"line":123,"column":27},"end":{"line":123,"column":28}},"72":{"start":{"line":124,"column":31},"end":{"line":124,"column":32}},"73":{"start":{"line":126,"column":12},"end":{"line":134,"column":13}},"74":{"start":{"line":126,"column":25},"end":{"line":126,"column":26}},"75":{"start":{"line":127,"column":16},"end":{"line":133,"column":17}},"76":{"start":{"line":128,"column":35},"end":{"line":128,"column":81}},"77":{"start":{"line":129,"column":20},"end":{"line":129,"column":48}},"78":{"start":{"line":130,"column":20},"end":{"line":130,"column":35}},"79":{"start":{"line":132,"column":20},"end":{"line":132,"column":71}},"80":{"start":{"line":136,"column":12},"end":{"line":136,"column":37}},"81":{"start":{"line":137,"column":12},"end":{"line":137,"column":121}},"82":{"start":{"line":139,"column":29},"end":{"line":139,"column":65}},"83":{"start":{"line":140,"column":12},"end":{"line":140,"column":79}},"84":{"start":{"line":140,"column":26},"end":{"line":140,"column":79}},"85":{"start":{"line":143,"column":12},"end":{"line":143,"column":81}},"86":{"start":{"line":144,"column":12},"end":{"line":144,"column":33}},"87":{"start":{"line":149,"column":8},"end":{"line":149,"column":44}},"88":{"start":{"line":150,"column":8},"end":{"line":150,"column":33}},"89":{"start":{"line":151,"column":8},"end":{"line":151,"column":64}},"90":{"start":{"line":153,"column":25},"end":{"line":153,"column":61}},"91":{"start":{"line":154,"column":8},"end":{"line":154,"column":57}},"92":{"start":{"line":154,"column":22},"end":{"line":154,"column":57}},"93":{"start":{"line":158,"column":22},"end":{"line":158,"column":59}},"94":{"start":{"line":159,"column":8},"end":{"line":159,"column":48}},"95":{"start":{"line":162,"column":8},"end":{"line":170,"column":9}},"96":{"start":{"line":163,"column":25},"end":{"line":163,"column":51}},"97":{"start":{"line":164,"column":25},"end":{"line":164,"column":43}},"98":{"start":{"line":165,"column":26},"end":{"line":165,"column":70}},"99":{"start":{"line":166,"column":29},"end":{"line":166,"column":77}},"100":{"start":{"line":167,"column":12},"end":{"line":169,"column":13}},"101":{"start":{"line":168,"column":16},"end":{"line":168,"column":52}},"102":{"start":{"line":173,"column":21},"end":{"line":173,"column":49}},"103":{"start":{"line":174,"column":8},"end":{"line":176,"column":9}},"104":{"start":{"line":175,"column":12},"end":{"line":175,"column":70}},"105":{"start":{"line":180,"column":8},"end":{"line":180,"column":48}},"106":{"start":{"line":180,"column":41},"end":{"line":180,"column":48}},"107":{"start":{"line":182,"column":8},"end":{"line":182,"column":39}},"108":{"start":{"line":183,"column":8},"end":{"line":183,"column":42}},"109":{"start":{"line":184,"column":8},"end":{"line":184,"column":47}},"110":{"start":{"line":185,"column":8},"end":{"line":185,"column":60}},"111":{"start":{"line":186,"column":8},"end":{"line":186,"column":45}},"112":{"start":{"line":189,"column":8},"end":{"line":189,"column":47}},"113":{"start":{"line":193,"column":23},"end":{"line":193,"column":73}},"114":{"start":{"line":194,"column":26},"end":{"line":194,"column":80}},"115":{"start":{"line":196,"column":8},"end":{"line":199,"column":9}},"116":{"start":{"line":197,"column":12},"end":{"line":197,"column":66}},"117":{"start":{"line":198,"column":12},"end":{"line":198,"column":19}},"118":{"start":{"line":202,"column":30},"end":{"line":202,"column":50}},"119":{"start":{"line":203,"column":27},"end":{"line":203,"column":31}},"120":{"start":{"line":205,"column":8},"end":{"line":296,"column":9}},"121":{"start":{"line":206,"column":12},"end":{"line":206,"column":67}},"122":{"start":{"line":209,"column":28},"end":{"line":209,"column":56}},"123":{"start":{"line":211,"column":12},"end":{"line":213,"column":13}},"124":{"start":{"line":212,"column":16},"end":{"line":212,"column":60}},"125":{"start":{"line":218,"column":32},"end":{"line":221,"column":14}},"126":{"start":{"line":219,"column":33},"end":{"line":219,"column":56}},"127":{"start":{"line":220,"column":16},"end":{"line":220,"column":47}},"128":{"start":{"line":223,"column":12},"end":{"line":226,"column":13}},"129":{"start":{"line":224,"column":39},"end":{"line":224,"column":86}},"130":{"start":{"line":224,"column":64},"end":{"line":224,"column":84}},"131":{"start":{"line":225,"column":16},"end":{"line":225,"column":108}},"132":{"start":{"line":229,"column":12},"end":{"line":233,"column":15}},"133":{"start":{"line":230,"column":30},"end":{"line":230,"column":56}},"134":{"start":{"line":231,"column":30},"end":{"line":231,"column":56}},"135":{"start":{"line":232,"column":16},"end":{"line":232,"column":50}},"136":{"start":{"line":238,"column":28},"end":{"line":238,"column":30}},"137":{"start":{"line":239,"column":31},"end":{"line":239,"column":32}},"138":{"start":{"line":241,"column":12},"end":{"line":282,"column":13}},"139":{"start":{"line":243,"column":35},"end":{"line":243,"column":70}},"140":{"start":{"line":244,"column":37},"end":{"line":247,"column":18}},"141":{"start":{"line":245,"column":37},"end":{"line":245,"column":63}},"142":{"start":{"line":246,"column":20},"end":{"line":246,"column":49}},"143":{"start":{"line":250,"column":16},"end":{"line":253,"column":17}},"144":{"start":{"line":251,"column":20},"end":{"line":251,"column":95}},"145":{"start":{"line":252,"column":20},"end":{"line":252,"column":29}},"146":{"start":{"line":256,"column":33},"end":{"line":256,"column":73}},"147":{"start":{"line":257,"column":16},"end":{"line":259,"column":17}},"148":{"start":{"line":258,"column":20},"end":{"line":258,"column":45}},"149":{"start":{"line":261,"column":16},"end":{"line":261,"column":91}},"150":{"start":{"line":262,"column":35},"end":{"line":262,"column":71}},"151":{"start":{"line":265,"column":29},"end":{"line":265,"column":91}},"152":{"start":{"line":265,"column":60},"end":{"line":265,"column":90}},"153":{"start":{"line":266,"column":34},"end":{"line":266,"column":50}},"154":{"start":{"line":267,"column":16},"end":{"line":267,"column":46}},"155":{"start":{"line":267,"column":31},"end":{"line":267,"column":46}},"156":{"start":{"line":269,"column":33},"end":{"line":271,"column":25}},"157":{"start":{"line":273,"column":16},"end":{"line":281,"column":19}},"158":{"start":{"line":287,"column":12},"end":{"line":287,"column":65}},"159":{"start":{"line":288,"column":12},"end":{"line":291,"column":14}},"160":{"start":{"line":294,"column":12},"end":{"line":294,"column":79}},"161":{"start":{"line":295,"column":12},"end":{"line":295,"column":33}},"162":{"start":{"line":300,"column":23},"end":{"line":300,"column":69}},"163":{"start":{"line":301,"column":26},"end":{"line":301,"column":76}},"164":{"start":{"line":303,"column":8},"end":{"line":306,"column":9}},"165":{"start":{"line":304,"column":12},"end":{"line":304,"column":66}},"166":{"start":{"line":305,"column":12},"end":{"line":305,"column":19}},"167":{"start":{"line":308,"column":30},"end":{"line":308,"column":50}},"168":{"start":{"line":309,"column":27},"end":{"line":309,"column":31}},"169":{"start":{"line":311,"column":8},"end":{"line":402,"column":9}},"170":{"start":{"line":312,"column":12},"end":{"line":312,"column":69}},"171":{"start":{"line":314,"column":28},"end":{"line":314,"column":56}},"172":{"start":{"line":315,"column":12},"end":{"line":317,"column":13}},"173":{"start":{"line":316,"column":16},"end":{"line":316,"column":60}},"174":{"start":{"line":319,"column":32},"end":{"line":319,"column":94}},"175":{"start":{"line":319,"column":55},"end":{"line":319,"column":93}},"176":{"start":{"line":320,"column":12},"end":{"line":323,"column":13}},"177":{"start":{"line":321,"column":39},"end":{"line":321,"column":86}},"178":{"start":{"line":321,"column":64},"end":{"line":321,"column":84}},"179":{"start":{"line":322,"column":16},"end":{"line":322,"column":108}},"180":{"start":{"line":325,"column":12},"end":{"line":329,"column":15}},"181":{"start":{"line":326,"column":30},"end":{"line":326,"column":56}},"182":{"start":{"line":327,"column":30},"end":{"line":327,"column":56}},"183":{"start":{"line":328,"column":16},"end":{"line":328,"column":50}},"184":{"start":{"line":331,"column":28},"end":{"line":331,"column":30}},"185":{"start":{"line":332,"column":31},"end":{"line":332,"column":32}},"186":{"start":{"line":334,"column":12},"end":{"line":368,"column":13}},"187":{"start":{"line":335,"column":35},"end":{"line":335,"column":70}},"188":{"start":{"line":336,"column":37},"end":{"line":339,"column":18}},"189":{"start":{"line":337,"column":37},"end":{"line":337,"column":63}},"190":{"start":{"line":338,"column":20},"end":{"line":338,"column":49}},"191":{"start":{"line":341,"column":16},"end":{"line":341,"column":55}},"192":{"start":{"line":341,"column":46},"end":{"line":341,"column":55}},"193":{"start":{"line":343,"column":33},"end":{"line":343,"column":73}},"194":{"start":{"line":344,"column":16},"end":{"line":346,"column":17}},"195":{"start":{"line":345,"column":20},"end":{"line":345,"column":45}},"196":{"start":{"line":348,"column":16},"end":{"line":348,"column":89}},"197":{"start":{"line":349,"column":35},"end":{"line":349,"column":71}},"198":{"start":{"line":351,"column":29},"end":{"line":351,"column":91}},"199":{"start":{"line":351,"column":60},"end":{"line":351,"column":90}},"200":{"start":{"line":352,"column":34},"end":{"line":352,"column":50}},"201":{"start":{"line":353,"column":16},"end":{"line":353,"column":46}},"202":{"start":{"line":353,"column":31},"end":{"line":353,"column":46}},"203":{"start":{"line":355,"column":33},"end":{"line":357,"column":25}},"204":{"start":{"line":359,"column":16},"end":{"line":367,"column":19}},"205":{"start":{"line":371,"column":26},"end":{"line":371,"column":82}},"206":{"start":{"line":372,"column":29},"end":{"line":372,"column":78}},"207":{"start":{"line":373,"column":31},"end":{"line":373,"column":83}},"208":{"start":{"line":375,"column":12},"end":{"line":392,"column":13}},"209":{"start":{"line":376,"column":29},"end":{"line":376,"column":103}},"210":{"start":{"line":377,"column":16},"end":{"line":377,"column":44}},"211":{"start":{"line":379,"column":16},"end":{"line":389,"column":28}},"212":{"start":{"line":379,"column":51},"end":{"line":389,"column":17}},"213":{"start":{"line":391,"column":16},"end":{"line":391,"column":51}},"214":{"start":{"line":394,"column":12},"end":{"line":397,"column":14}},"215":{"start":{"line":400,"column":12},"end":{"line":400,"column":81}},"216":{"start":{"line":401,"column":12},"end":{"line":401,"column":33}},"217":{"start":{"line":406,"column":23},"end":{"line":406,"column":73}},"218":{"start":{"line":407,"column":26},"end":{"line":407,"column":80}},"219":{"start":{"line":408,"column":8},"end":{"line":411,"column":9}},"220":{"start":{"line":409,"column":12},"end":{"line":409,"column":67}},"221":{"start":{"line":410,"column":12},"end":{"line":410,"column":19}},"222":{"start":{"line":414,"column":23},"end":{"line":414,"column":43}},"223":{"start":{"line":415,"column":27},"end":{"line":415,"column":31}},"224":{"start":{"line":417,"column":8},"end":{"line":488,"column":9}},"225":{"start":{"line":418,"column":12},"end":{"line":418,"column":72}},"226":{"start":{"line":421,"column":28},"end":{"line":421,"column":56}},"227":{"start":{"line":424,"column":32},"end":{"line":424,"column":88}},"228":{"start":{"line":424,"column":52},"end":{"line":424,"column":87}},"229":{"start":{"line":425,"column":12},"end":{"line":427,"column":13}},"230":{"start":{"line":426,"column":16},"end":{"line":426,"column":59}},"231":{"start":{"line":430,"column":12},"end":{"line":434,"column":15}},"232":{"start":{"line":431,"column":27},"end":{"line":431,"column":53}},"233":{"start":{"line":432,"column":27},"end":{"line":432,"column":53}},"234":{"start":{"line":433,"column":16},"end":{"line":433,"column":44}},"235":{"start":{"line":437,"column":29},"end":{"line":437,"column":69}},"236":{"start":{"line":438,"column":12},"end":{"line":438,"column":94}},"237":{"start":{"line":438,"column":48},"end":{"line":438,"column":94}},"238":{"start":{"line":441,"column":29},"end":{"line":441,"column":52}},"239":{"start":{"line":442,"column":27},"end":{"line":442,"column":28}},"240":{"start":{"line":444,"column":12},"end":{"line":473,"column":13}},"241":{"start":{"line":444,"column":29},"end":{"line":444,"column":30}},"242":{"start":{"line":446,"column":31},"end":{"line":446,"column":100}},"243":{"start":{"line":448,"column":16},"end":{"line":453,"column":17}},"244":{"start":{"line":449,"column":20},"end":{"line":449,"column":43}},"245":{"start":{"line":450,"column":20},"end":{"line":450,"column":57}},"246":{"start":{"line":455,"column":16},"end":{"line":455,"column":134}},"247":{"start":{"line":458,"column":30},"end":{"line":458,"column":34}},"248":{"start":{"line":459,"column":34},"end":{"line":459,"column":51}},"249":{"start":{"line":462,"column":16},"end":{"line":468,"column":17}},"250":{"start":{"line":463,"column":20},"end":{"line":467,"column":21}},"251":{"start":{"line":464,"column":24},"end":{"line":466,"column":25}},"252":{"start":{"line":465,"column":28},"end":{"line":465,"column":82}},"253":{"start":{"line":472,"column":16},"end":{"line":472,"column":45}},"254":{"start":{"line":476,"column":12},"end":{"line":476,"column":42}},"255":{"start":{"line":478,"column":12},"end":{"line":478,"column":73}},"256":{"start":{"line":480,"column":12},"end":{"line":483,"column":14}},"257":{"start":{"line":486,"column":12},"end":{"line":486,"column":79}},"258":{"start":{"line":487,"column":12},"end":{"line":487,"column":31}},"259":{"start":{"line":493,"column":32},"end":{"line":493,"column":55}},"260":{"start":{"line":494,"column":8},"end":{"line":494,"column":34}},"261":{"start":{"line":496,"column":27},"end":{"line":496,"column":28}},"262":{"start":{"line":498,"column":8},"end":{"line":513,"column":9}},"263":{"start":{"line":499,"column":31},"end":{"line":499,"column":66}},"264":{"start":{"line":500,"column":33},"end":{"line":503,"column":14}},"265":{"start":{"line":501,"column":33},"end":{"line":501,"column":59}},"266":{"start":{"line":502,"column":16},"end":{"line":502,"column":45}},"267":{"start":{"line":505,"column":12},"end":{"line":505,"column":51}},"268":{"start":{"line":505,"column":42},"end":{"line":505,"column":51}},"269":{"start":{"line":508,"column":31},"end":{"line":508,"column":67}},"270":{"start":{"line":511,"column":25},"end":{"line":511,"column":87}},"271":{"start":{"line":511,"column":56},"end":{"line":511,"column":86}},"272":{"start":{"line":512,"column":12},"end":{"line":512,"column":49}},"273":{"start":{"line":512,"column":34},"end":{"line":512,"column":49}},"274":{"start":{"line":516,"column":8},"end":{"line":516,"column":43}},"275":{"start":{"line":518,"column":8},"end":{"line":520,"column":10}},"276":{"start":{"line":524,"column":27},"end":{"line":524,"column":72}},"277":{"start":{"line":525,"column":25},"end":{"line":525,"column":67}},"278":{"start":{"line":526,"column":22},"end":{"line":526,"column":71}},"279":{"start":{"line":528,"column":8},"end":{"line":545,"column":9}},"280":{"start":{"line":529,"column":25},"end":{"line":529,"column":99}},"281":{"start":{"line":530,"column":12},"end":{"line":530,"column":40}},"282":{"start":{"line":532,"column":12},"end":{"line":542,"column":24}},"283":{"start":{"line":532,"column":47},"end":{"line":542,"column":13}},"284":{"start":{"line":544,"column":12},"end":{"line":544,"column":47}},"285":{"start":{"line":549,"column":23},"end":{"line":549,"column":73}},"286":{"start":{"line":550,"column":27},"end":{"line":550,"column":71}},"287":{"start":{"line":552,"column":8},"end":{"line":559,"column":9}},"288":{"start":{"line":553,"column":12},"end":{"line":553,"column":65}},"289":{"start":{"line":554,"column":27},"end":{"line":554,"column":82}},"290":{"start":{"line":555,"column":12},"end":{"line":555,"column":49}},"291":{"start":{"line":556,"column":12},"end":{"line":556,"column":64}},"292":{"start":{"line":558,"column":12},"end":{"line":558,"column":79}},"293":{"start":{"line":563,"column":26},"end":{"line":563,"column":70}},"294":{"start":{"line":564,"column":8},"end":{"line":568,"column":9}},"295":{"start":{"line":565,"column":12},"end":{"line":567,"column":23}},"296":{"start":{"line":566,"column":16},"end":{"line":566,"column":55}},"297":{"start":{"line":570,"column":30},"end":{"line":570,"column":73}},"298":{"start":{"line":571,"column":31},"end":{"line":571,"column":73}},"299":{"start":{"line":572,"column":8},"end":{"line":572,"column":79}},"300":{"start":{"line":572,"column":27},"end":{"line":572,"column":79}},"301":{"start":{"line":573,"column":8},"end":{"line":573,"column":81}},"302":{"start":{"line":573,"column":28},"end":{"line":573,"column":81}},"303":{"start":{"line":575,"column":23},"end":{"line":575,"column":67}},"304":{"start":{"line":576,"column":8},"end":{"line":576,"column":55}},"305":{"start":{"line":576,"column":20},"end":{"line":576,"column":55}},"306":{"start":{"line":580,"column":21},"end":{"line":580,"column":49}},"307":{"start":{"line":581,"column":8},"end":{"line":581,"column":85}},"308":{"start":{"line":582,"column":8},"end":{"line":585,"column":11}},"309":{"start":{"line":583,"column":12},"end":{"line":583,"column":36}},"310":{"start":{"line":584,"column":12},"end":{"line":584,"column":34}}},"fnMap":{"0":{"name":"(anonymous_0)","decl":{"start":{"line":13,"column":4},"end":{"line":13,"column":5}},"loc":{"start":{"line":13,"column":18},"end":{"line":25,"column":5}},"line":13},"1":{"name":"(anonymous_1)","decl":{"start":{"line":27,"column":4},"end":{"line":27,"column":5}},"loc":{"start":{"line":27,"column":11},"end":{"line":30,"column":5}},"line":27},"2":{"name":"(anonymous_2)","decl":{"start":{"line":32,"column":4},"end":{"line":32,"column":5}},"loc":{"start":{"line":32,"column":26},"end":{"line":101,"column":5}},"line":32},"3":{"name":"(anonymous_3)","decl":{"start":{"line":38,"column":48},"end":{"line":38,"column":49}},"loc":{"start":{"line":38,"column":54},"end":{"line":38,"column":71}},"line":38},"4":{"name":"(anonymous_4)","decl":{"start":{"line":39,"column":49},"end":{"line":39,"column":50}},"loc":{"start":{"line":39,"column":62},"end":{"line":44,"column":13}},"line":39},"5":{"name":"(anonymous_5)","decl":{"start":{"line":52,"column":48},"end":{"line":52,"column":49}},"loc":{"start":{"line":52,"column":54},"end":{"line":52,"column":75}},"line":52},"6":{"name":"(anonymous_6)","decl":{"start":{"line":53,"column":53},"end":{"line":53,"column":54}},"loc":{"start":{"line":53,"column":66},"end":{"line":58,"column":13}},"line":53},"7":{"name":"(anonymous_7)","decl":{"start":{"line":64,"column":48},"end":{"line":64,"column":49}},"loc":{"start":{"line":64,"column":54},"end":{"line":64,"column":75}},"line":64},"8":{"name":"(anonymous_8)","decl":{"start":{"line":70,"column":51},"end":{"line":70,"column":52}},"loc":{"start":{"line":70,"column":57},"end":{"line":70,"column":73}},"line":70},"9":{"name":"(anonymous_9)","decl":{"start":{"line":76,"column":49},"end":{"line":76,"column":50}},"loc":{"start":{"line":76,"column":55},"end":{"line":76,"column":75}},"line":76},"10":{"name":"(anonymous_10)","decl":{"start":{"line":82,"column":52},"end":{"line":82,"column":53}},"loc":{"start":{"line":82,"column":58},"end":{"line":82,"column":78}},"line":82},"11":{"name":"(anonymous_11)","decl":{"start":{"line":87,"column":54},"end":{"line":87,"column":55}},"loc":{"start":{"line":87,"column":60},"end":{"line":87,"column":86}},"line":87},"12":{"name":"(anonymous_12)","decl":{"start":{"line":91,"column":54},"end":{"line":91,"column":55}},"loc":{"start":{"line":91,"column":61},"end":{"line":100,"column":9}},"line":91},"13":{"name":"(anonymous_13)","decl":{"start":{"line":92,"column":42},"end":{"line":92,"column":43}},"loc":{"start":{"line":92,"column":49},"end":{"line":99,"column":13}},"line":92},"14":{"name":"(anonymous_14)","decl":{"start":{"line":95,"column":31},"end":{"line":95,"column":32}},"loc":{"start":{"line":95,"column":37},"end":{"line":95,"column":73}},"line":95},"15":{"name":"(anonymous_15)","decl":{"start":{"line":103,"column":4},"end":{"line":103,"column":5}},"loc":{"start":{"line":103,"column":33},"end":{"line":118,"column":5}},"line":103},"16":{"name":"(anonymous_16)","decl":{"start":{"line":120,"column":4},"end":{"line":120,"column":5}},"loc":{"start":{"line":120,"column":42},"end":{"line":146,"column":5}},"line":120},"17":{"name":"(anonymous_17)","decl":{"start":{"line":148,"column":4},"end":{"line":148,"column":5}},"loc":{"start":{"line":148,"column":21},"end":{"line":155,"column":5}},"line":148},"18":{"name":"(anonymous_18)","decl":{"start":{"line":157,"column":4},"end":{"line":157,"column":5}},"loc":{"start":{"line":157,"column":24},"end":{"line":177,"column":5}},"line":157},"19":{"name":"(anonymous_19)","decl":{"start":{"line":179,"column":4},"end":{"line":179,"column":5}},"loc":{"start":{"line":179,"column":16},"end":{"line":190,"column":5}},"line":179},"20":{"name":"(anonymous_20)","decl":{"start":{"line":192,"column":4},"end":{"line":192,"column":5}},"loc":{"start":{"line":192,"column":26},"end":{"line":297,"column":5}},"line":192},"21":{"name":"(anonymous_21)","decl":{"start":{"line":218,"column":47},"end":{"line":218,"column":48}},"loc":{"start":{"line":218,"column":55},"end":{"line":221,"column":13}},"line":218},"22":{"name":"(anonymous_22)","decl":{"start":{"line":224,"column":59},"end":{"line":224,"column":60}},"loc":{"start":{"line":224,"column":64},"end":{"line":224,"column":84}},"line":224},"23":{"name":"(anonymous_23)","decl":{"start":{"line":229,"column":29},"end":{"line":229,"column":30}},"loc":{"start":{"line":229,"column":39},"end":{"line":233,"column":13}},"line":229},"24":{"name":"(anonymous_24)","decl":{"start":{"line":244,"column":52},"end":{"line":244,"column":53}},"loc":{"start":{"line":244,"column":57},"end":{"line":247,"column":17}},"line":244},"25":{"name":"(anonymous_25)","decl":{"start":{"line":265,"column":55},"end":{"line":265,"column":56}},"loc":{"start":{"line":265,"column":60},"end":{"line":265,"column":90}},"line":265},"26":{"name":"(anonymous_26)","decl":{"start":{"line":299,"column":4},"end":{"line":299,"column":5}},"loc":{"start":{"line":299,"column":39},"end":{"line":403,"column":5}},"line":299},"27":{"name":"(anonymous_27)","decl":{"start":{"line":319,"column":47},"end":{"line":319,"column":48}},"loc":{"start":{"line":319,"column":55},"end":{"line":319,"column":93}},"line":319},"28":{"name":"(anonymous_28)","decl":{"start":{"line":321,"column":59},"end":{"line":321,"column":60}},"loc":{"start":{"line":321,"column":64},"end":{"line":321,"column":84}},"line":321},"29":{"name":"(anonymous_29)","decl":{"start":{"line":325,"column":29},"end":{"line":325,"column":30}},"loc":{"start":{"line":325,"column":39},"end":{"line":329,"column":13}},"line":325},"30":{"name":"(anonymous_30)","decl":{"start":{"line":336,"column":52},"end":{"line":336,"column":53}},"loc":{"start":{"line":336,"column":57},"end":{"line":339,"column":17}},"line":336},"31":{"name":"(anonymous_31)","decl":{"start":{"line":351,"column":55},"end":{"line":351,"column":56}},"loc":{"start":{"line":351,"column":60},"end":{"line":351,"column":90}},"line":351},"32":{"name":"(anonymous_32)","decl":{"start":{"line":379,"column":46},"end":{"line":379,"column":47}},"loc":{"start":{"line":379,"column":51},"end":{"line":389,"column":17}},"line":379},"33":{"name":"(anonymous_33)","decl":{"start":{"line":405,"column":4},"end":{"line":405,"column":5}},"loc":{"start":{"line":405,"column":32},"end":{"line":489,"column":5}},"line":405},"34":{"name":"(anonymous_34)","decl":{"start":{"line":424,"column":47},"end":{"line":424,"column":48}},"loc":{"start":{"line":424,"column":52},"end":{"line":424,"column":87}},"line":424},"35":{"name":"(anonymous_35)","decl":{"start":{"line":430,"column":29},"end":{"line":430,"column":30}},"loc":{"start":{"line":430,"column":39},"end":{"line":434,"column":13}},"line":430},"36":{"name":"(anonymous_36)","decl":{"start":{"line":491,"column":4},"end":{"line":491,"column":5}},"loc":{"start":{"line":491,"column":65},"end":{"line":521,"column":5}},"line":491},"37":{"name":"(anonymous_37)","decl":{"start":{"line":500,"column":48},"end":{"line":500,"column":49}},"loc":{"start":{"line":500,"column":53},"end":{"line":503,"column":13}},"line":500},"38":{"name":"(anonymous_38)","decl":{"start":{"line":511,"column":51},"end":{"line":511,"column":52}},"loc":{"start":{"line":511,"column":56},"end":{"line":511,"column":86}},"line":511},"39":{"name":"(anonymous_39)","decl":{"start":{"line":523,"column":4},"end":{"line":523,"column":5}},"loc":{"start":{"line":523,"column":52},"end":{"line":546,"column":5}},"line":523},"40":{"name":"(anonymous_40)","decl":{"start":{"line":532,"column":42},"end":{"line":532,"column":43}},"loc":{"start":{"line":532,"column":47},"end":{"line":542,"column":13}},"line":532},"41":{"name":"(anonymous_41)","decl":{"start":{"line":548,"column":4},"end":{"line":548,"column":5}},"loc":{"start":{"line":548,"column":26},"end":{"line":560,"column":5}},"line":548},"42":{"name":"(anonymous_42)","decl":{"start":{"line":562,"column":4},"end":{"line":562,"column":5}},"loc":{"start":{"line":562,"column":36},"end":{"line":577,"column":5}},"line":562},"43":{"name":"(anonymous_43)","decl":{"start":{"line":565,"column":53},"end":{"line":565,"column":54}},"loc":{"start":{"line":566,"column":16},"end":{"line":566,"column":55}},"line":566},"44":{"name":"(anonymous_44)","decl":{"start":{"line":579,"column":4},"end":{"line":579,"column":5}},"loc":{"start":{"line":579,"column":21},"end":{"line":586,"column":5}},"line":579},"45":{"name":"(anonymous_45)","decl":{"start":{"line":582,"column":90},"end":{"line":582,"column":91}},"loc":{"start":{"line":582,"column":100},"end":{"line":585,"column":9}},"line":582}},"branchMap":{"0":{"loc":{"start":{"line":37,"column":8},"end":{"line":45,"column":9}},"type":"if","locations":[{"start":{"line":37,"column":8},"end":{"line":45,"column":9}},{"start":{},"end":{}}],"line":37},"1":{"loc":{"start":{"line":37,"column":12},"end":{"line":37,"column":34}},"type":"binary-expr","locations":[{"start":{"line":37,"column":12},"end":{"line":37,"column":21}},{"start":{"line":37,"column":25},"end":{"line":37,"column":34}}],"line":37},"2":{"loc":{"start":{"line":41,"column":16},"end":{"line":41,"column":60}},"type":"if","locations":[{"start":{"line":41,"column":16},"end":{"line":41,"column":60}},{"start":{},"end":{}}],"line":41},"3":{"loc":{"start":{"line":51,"column":8},"end":{"line":59,"column":9}},"type":"if","locations":[{"start":{"line":51,"column":8},"end":{"line":59,"column":9}},{"start":{},"end":{}}],"line":51},"4":{"loc":{"start":{"line":51,"column":12},"end":{"line":51,"column":38}},"type":"binary-expr","locations":[{"start":{"line":51,"column":12},"end":{"line":51,"column":21}},{"start":{"line":51,"column":25},"end":{"line":51,"column":38}}],"line":51},"5":{"loc":{"start":{"line":55,"column":16},"end":{"line":55,"column":90}},"type":"if","locations":[{"start":{"line":55,"column":16},"end":{"line":55,"column":90}},{"start":{},"end":{}}],"line":55},"6":{"loc":{"start":{"line":55,"column":20},"end":{"line":55,"column":45}},"type":"binary-expr","locations":[{"start":{"line":55,"column":20},"end":{"line":55,"column":25}},{"start":{"line":55,"column":29},"end":{"line":55,"column":45}}],"line":55},"7":{"loc":{"start":{"line":63,"column":8},"end":{"line":65,"column":9}},"type":"if","locations":[{"start":{"line":63,"column":8},"end":{"line":65,"column":9}},{"start":{},"end":{}}],"line":63},"8":{"loc":{"start":{"line":69,"column":8},"end":{"line":71,"column":9}},"type":"if","locations":[{"start":{"line":69,"column":8},"end":{"line":71,"column":9}},{"start":{},"end":{}}],"line":69},"9":{"loc":{"start":{"line":75,"column":8},"end":{"line":77,"column":9}},"type":"if","locations":[{"start":{"line":75,"column":8},"end":{"line":77,"column":9}},{"start":{},"end":{}}],"line":75},"10":{"loc":{"start":{"line":81,"column":8},"end":{"line":83,"column":9}},"type":"if","locations":[{"start":{"line":81,"column":8},"end":{"line":83,"column":9}},{"start":{},"end":{}}],"line":81},"11":{"loc":{"start":{"line":86,"column":8},"end":{"line":88,"column":9}},"type":"if","locations":[{"start":{"line":86,"column":8},"end":{"line":88,"column":9}},{"start":{},"end":{}}],"line":86},"12":{"loc":{"start":{"line":94,"column":16},"end":{"line":98,"column":17}},"type":"if","locations":[{"start":{"line":94,"column":16},"end":{"line":98,"column":17}},{"start":{"line":96,"column":23},"end":{"line":98,"column":17}}],"line":94},"13":{"loc":{"start":{"line":96,"column":23},"end":{"line":98,"column":17}},"type":"if","locations":[{"start":{"line":96,"column":23},"end":{"line":98,"column":17}},{"start":{},"end":{}}],"line":96},"14":{"loc":{"start":{"line":112,"column":12},"end":{"line":112,"column":71}},"type":"if","locations":[{"start":{"line":112,"column":12},"end":{"line":112,"column":71}},{"start":{},"end":{}}],"line":112},"15":{"loc":{"start":{"line":140,"column":12},"end":{"line":140,"column":79}},"type":"if","locations":[{"start":{"line":140,"column":12},"end":{"line":140,"column":79}},{"start":{},"end":{}}],"line":140},"16":{"loc":{"start":{"line":154,"column":8},"end":{"line":154,"column":57}},"type":"if","locations":[{"start":{"line":154,"column":8},"end":{"line":154,"column":57}},{"start":{},"end":{}}],"line":154},"17":{"loc":{"start":{"line":162,"column":8},"end":{"line":170,"column":9}},"type":"if","locations":[{"start":{"line":162,"column":8},"end":{"line":170,"column":9}},{"start":{},"end":{}}],"line":162},"18":{"loc":{"start":{"line":162,"column":12},"end":{"line":162,"column":37}},"type":"binary-expr","locations":[{"start":{"line":162,"column":12},"end":{"line":162,"column":17}},{"start":{"line":162,"column":21},"end":{"line":162,"column":37}}],"line":162},"19":{"loc":{"start":{"line":167,"column":12},"end":{"line":169,"column":13}},"type":"if","locations":[{"start":{"line":167,"column":12},"end":{"line":169,"column":13}},{"start":{},"end":{}}],"line":167},"20":{"loc":{"start":{"line":174,"column":8},"end":{"line":176,"column":9}},"type":"if","locations":[{"start":{"line":174,"column":8},"end":{"line":176,"column":9}},{"start":{},"end":{}}],"line":174},"21":{"loc":{"start":{"line":174,"column":12},"end":{"line":174,"column":35}},"type":"binary-expr","locations":[{"start":{"line":174,"column":12},"end":{"line":174,"column":16}},{"start":{"line":174,"column":20},"end":{"line":174,"column":35}}],"line":174},"22":{"loc":{"start":{"line":180,"column":8},"end":{"line":180,"column":48}},"type":"if","locations":[{"start":{"line":180,"column":8},"end":{"line":180,"column":48}},{"start":{},"end":{}}],"line":180},"23":{"loc":{"start":{"line":196,"column":8},"end":{"line":199,"column":9}},"type":"if","locations":[{"start":{"line":196,"column":8},"end":{"line":199,"column":9}},{"start":{},"end":{}}],"line":196},"24":{"loc":{"start":{"line":211,"column":12},"end":{"line":213,"column":13}},"type":"if","locations":[{"start":{"line":211,"column":12},"end":{"line":213,"column":13}},{"start":{},"end":{}}],"line":211},"25":{"loc":{"start":{"line":223,"column":12},"end":{"line":226,"column":13}},"type":"if","locations":[{"start":{"line":223,"column":12},"end":{"line":226,"column":13}},{"start":{},"end":{}}],"line":223},"26":{"loc":{"start":{"line":250,"column":16},"end":{"line":253,"column":17}},"type":"if","locations":[{"start":{"line":250,"column":16},"end":{"line":253,"column":17}},{"start":{},"end":{}}],"line":250},"27":{"loc":{"start":{"line":257,"column":16},"end":{"line":259,"column":17}},"type":"if","locations":[{"start":{"line":257,"column":16},"end":{"line":259,"column":17}},{"start":{},"end":{}}],"line":257},"28":{"loc":{"start":{"line":267,"column":16},"end":{"line":267,"column":46}},"type":"if","locations":[{"start":{"line":267,"column":16},"end":{"line":267,"column":46}},{"start":{},"end":{}}],"line":267},"29":{"loc":{"start":{"line":269,"column":33},"end":{"line":271,"column":25}},"type":"cond-expr","locations":[{"start":{"line":270,"column":22},"end":{"line":270,"column":122}},{"start":{"line":271,"column":22},"end":{"line":271,"column":25}}],"line":269},"30":{"loc":{"start":{"line":289,"column":73},"end":{"line":289,"column":147}},"type":"cond-expr","locations":[{"start":{"line":289,"column":94},"end":{"line":289,"column":143}},{"start":{"line":289,"column":146},"end":{"line":289,"column":147}}],"line":289},"31":{"loc":{"start":{"line":303,"column":8},"end":{"line":306,"column":9}},"type":"if","locations":[{"start":{"line":303,"column":8},"end":{"line":306,"column":9}},{"start":{},"end":{}}],"line":303},"32":{"loc":{"start":{"line":315,"column":12},"end":{"line":317,"column":13}},"type":"if","locations":[{"start":{"line":315,"column":12},"end":{"line":317,"column":13}},{"start":{},"end":{}}],"line":315},"33":{"loc":{"start":{"line":320,"column":12},"end":{"line":323,"column":13}},"type":"if","locations":[{"start":{"line":320,"column":12},"end":{"line":323,"column":13}},{"start":{},"end":{}}],"line":320},"34":{"loc":{"start":{"line":341,"column":16},"end":{"line":341,"column":55}},"type":"if","locations":[{"start":{"line":341,"column":16},"end":{"line":341,"column":55}},{"start":{},"end":{}}],"line":341},"35":{"loc":{"start":{"line":344,"column":16},"end":{"line":346,"column":17}},"type":"if","locations":[{"start":{"line":344,"column":16},"end":{"line":346,"column":17}},{"start":{},"end":{}}],"line":344},"36":{"loc":{"start":{"line":353,"column":16},"end":{"line":353,"column":46}},"type":"if","locations":[{"start":{"line":353,"column":16},"end":{"line":353,"column":46}},{"start":{},"end":{}}],"line":353},"37":{"loc":{"start":{"line":355,"column":33},"end":{"line":357,"column":25}},"type":"cond-expr","locations":[{"start":{"line":356,"column":22},"end":{"line":356,"column":122}},{"start":{"line":357,"column":22},"end":{"line":357,"column":25}}],"line":355},"38":{"loc":{"start":{"line":375,"column":12},"end":{"line":392,"column":13}},"type":"if","locations":[{"start":{"line":375,"column":12},"end":{"line":392,"column":13}},{"start":{},"end":{}}],"line":375},"39":{"loc":{"start":{"line":375,"column":16},"end":{"line":375,"column":47}},"type":"binary-expr","locations":[{"start":{"line":375,"column":16},"end":{"line":375,"column":21}},{"start":{"line":375,"column":25},"end":{"line":375,"column":33}},{"start":{"line":375,"column":37},"end":{"line":375,"column":47}}],"line":375},"40":{"loc":{"start":{"line":376,"column":29},"end":{"line":376,"column":103}},"type":"cond-expr","locations":[{"start":{"line":376,"column":50},"end":{"line":376,"column":99}},{"start":{"line":376,"column":102},"end":{"line":376,"column":103}}],"line":376},"41":{"loc":{"start":{"line":380,"column":33},"end":{"line":380,"column":65}},"type":"cond-expr","locations":[{"start":{"line":380,"column":47},"end":{"line":380,"column":60}},{"start":{"line":380,"column":63},"end":{"line":380,"column":65}}],"line":380},"42":{"loc":{"start":{"line":385,"column":53},"end":{"line":385,"column":82}},"type":"cond-expr","locations":[{"start":{"line":385,"column":67},"end":{"line":385,"column":77}},{"start":{"line":385,"column":80},"end":{"line":385,"column":82}}],"line":385},"43":{"loc":{"start":{"line":387,"column":30},"end":{"line":387,"column":53}},"type":"cond-expr","locations":[{"start":{"line":387,"column":44},"end":{"line":387,"column":47}},{"start":{"line":387,"column":50},"end":{"line":387,"column":53}}],"line":387},"44":{"loc":{"start":{"line":395,"column":75},"end":{"line":395,"column":149}},"type":"cond-expr","locations":[{"start":{"line":395,"column":96},"end":{"line":395,"column":145}},{"start":{"line":395,"column":148},"end":{"line":395,"column":149}}],"line":395},"45":{"loc":{"start":{"line":408,"column":8},"end":{"line":411,"column":9}},"type":"if","locations":[{"start":{"line":408,"column":8},"end":{"line":411,"column":9}},{"start":{},"end":{}}],"line":408},"46":{"loc":{"start":{"line":425,"column":12},"end":{"line":427,"column":13}},"type":"if","locations":[{"start":{"line":425,"column":12},"end":{"line":427,"column":13}},{"start":{},"end":{}}],"line":425},"47":{"loc":{"start":{"line":438,"column":12},"end":{"line":438,"column":94}},"type":"if","locations":[{"start":{"line":438,"column":12},"end":{"line":438,"column":94}},{"start":{},"end":{}}],"line":438},"48":{"loc":{"start":{"line":438,"column":16},"end":{"line":438,"column":46}},"type":"binary-expr","locations":[{"start":{"line":438,"column":16},"end":{"line":438,"column":25}},{"start":{"line":438,"column":29},"end":{"line":438,"column":46}}],"line":438},"49":{"loc":{"start":{"line":448,"column":16},"end":{"line":453,"column":17}},"type":"if","locations":[{"start":{"line":448,"column":16},"end":{"line":453,"column":17}},{"start":{},"end":{}}],"line":448},"50":{"loc":{"start":{"line":463,"column":20},"end":{"line":467,"column":21}},"type":"if","locations":[{"start":{"line":463,"column":20},"end":{"line":467,"column":21}},{"start":{},"end":{}}],"line":463},"51":{"loc":{"start":{"line":464,"column":24},"end":{"line":466,"column":25}},"type":"if","locations":[{"start":{"line":464,"column":24},"end":{"line":466,"column":25}},{"start":{},"end":{}}],"line":464},"52":{"loc":{"start":{"line":505,"column":12},"end":{"line":505,"column":51}},"type":"if","locations":[{"start":{"line":505,"column":12},"end":{"line":505,"column":51}},{"start":{},"end":{}}],"line":505},"53":{"loc":{"start":{"line":512,"column":12},"end":{"line":512,"column":49}},"type":"if","locations":[{"start":{"line":512,"column":12},"end":{"line":512,"column":49}},{"start":{},"end":{}}],"line":512},"54":{"loc":{"start":{"line":528,"column":8},"end":{"line":545,"column":9}},"type":"if","locations":[{"start":{"line":528,"column":8},"end":{"line":545,"column":9}},{"start":{},"end":{}}],"line":528},"55":{"loc":{"start":{"line":528,"column":12},"end":{"line":528,"column":43}},"type":"binary-expr","locations":[{"start":{"line":528,"column":12},"end":{"line":528,"column":22}},{"start":{"line":528,"column":26},"end":{"line":528,"column":34}},{"start":{"line":528,"column":38},"end":{"line":528,"column":43}}],"line":528},"56":{"loc":{"start":{"line":529,"column":25},"end":{"line":529,"column":99}},"type":"cond-expr","locations":[{"start":{"line":529,"column":46},"end":{"line":529,"column":95}},{"start":{"line":529,"column":98},"end":{"line":529,"column":99}}],"line":529},"57":{"loc":{"start":{"line":533,"column":29},"end":{"line":533,"column":61}},"type":"cond-expr","locations":[{"start":{"line":533,"column":43},"end":{"line":533,"column":56}},{"start":{"line":533,"column":59},"end":{"line":533,"column":61}}],"line":533},"58":{"loc":{"start":{"line":538,"column":49},"end":{"line":538,"column":78}},"type":"cond-expr","locations":[{"start":{"line":538,"column":63},"end":{"line":538,"column":73}},{"start":{"line":538,"column":76},"end":{"line":538,"column":78}}],"line":538},"59":{"loc":{"start":{"line":539,"column":26},"end":{"line":539,"column":43}},"type":"binary-expr","locations":[{"start":{"line":539,"column":26},"end":{"line":539,"column":36}},{"start":{"line":539,"column":40},"end":{"line":539,"column":43}}],"line":539},"60":{"loc":{"start":{"line":540,"column":26},"end":{"line":540,"column":49}},"type":"cond-expr","locations":[{"start":{"line":540,"column":40},"end":{"line":540,"column":43}},{"start":{"line":540,"column":46},"end":{"line":540,"column":49}}],"line":540},"61":{"loc":{"start":{"line":564,"column":8},"end":{"line":568,"column":9}},"type":"if","locations":[{"start":{"line":564,"column":8},"end":{"line":568,"column":9}},{"start":{},"end":{}}],"line":564},"62":{"loc":{"start":{"line":572,"column":8},"end":{"line":572,"column":79}},"type":"if","locations":[{"start":{"line":572,"column":8},"end":{"line":572,"column":79}},{"start":{},"end":{}}],"line":572},"63":{"loc":{"start":{"line":573,"column":8},"end":{"line":573,"column":81}},"type":"if","locations":[{"start":{"line":573,"column":8},"end":{"line":573,"column":81}},{"start":{},"end":{}}],"line":573},"64":{"loc":{"start":{"line":576,"column":8},"end":{"line":576,"column":55}},"type":"if","locations":[{"start":{"line":576,"column":8},"end":{"line":576,"column":55}},{"start":{},"end":{}}],"line":576}},"s":{"0":0,"1":0,"2":0,"3":0,"4":0,"5":0,"6":0,"7":0,"8":0,"9":0,"10":0,"11":0,"12":0,"13":0,"14":0,"15":0,"16":0,"17":0,"18":0,"19":0,"20":0,"21":0,"22":0,"23":0,"24":0,"25":0,"26":0,"27":0,"28":0,"29":0,"30":0,"31":0,"32":0,"33":0,"34":0,"35":0,"36":0,"37":0,"38":0,"39":0,"40":0,"41":0,"42":0,"43":0,"44":0,"45":0,"46":0,"47":0,"48":0,"49":0,"50":0,"51":0,"52":0,"53":0,"54":0,"55":0,"56":0,"57":0,"58":0,"59":0,"60":0,"61":0,"62":0,"63":0,"64":0,"65":0,"66":0,"67":0,"68":0,"69":0,"70":0,"71":0,"72":0,"73":0,"74":0,"75":0,"76":0,"77":0,"78":0,"79":0,"80":0,"81":0,"82":0,"83":0,"84":0,"85":0,"86":0,"87":0,"88":0,"89":0,"90":0,"91":0,"92":0,"93":0,"94":0,"95":0,"96":0,"97":0,"98":0,"99":0,"100":0,"101":0,"102":0,"103":0,"104":0,"105":0,"106":0,"107":0,"108":0,"109":0,"110":0,"111":0,"112":0,"113":0,"114":0,"115":0,"116":0,"117":0,"118":0,"119":0,"120":0,"121":0,"122":0,"123":0,"124":0,"125":0,"126":0,"127":0,"128":0,"129":0,"130":0,"131":0,"132":0,"133":0,"134":0,"135":0,"136":0,"137":0,"138":0,"139":0,"140":0,"141":0,"142":0,"143":0,"144":0,"145":0,"146":0,"147":0,"148":0,"149":0,"150":0,"151":0,"152":0,"153":0,"154":0,"155":0,"156":0,"157":0,"158":0,"159":0,"160":0,"161":0,"162":0,"163":0,"164":0,"165":0,"166":0,"167":0,"168":0,"169":0,"170":0,"171":0,"172":0,"173":0,"174":0,"175":0,"176":0,"177":0,"178":0,"179":0,"180":0,"181":0,"182":0,"183":0,"184":0,"185":0,"186":0,"187":0,"188":0,"189":0,"190":0,"191":0,"192":0,"193":0,"194":0,"195":0,"196":0,"197":0,"198":0,"199":0,"200":0,"201":0,"202":0,"203":0,"204":0,"205":0,"206":0,"207":0,"208":0,"209":0,"210":0,"211":0,"212":0,"213":0,"214":0,"215":0,"216":0,"217":0,"218":0,"219":0,"220":0,"221":0,"222":0,"223":0,"224":0,"225":0,"226":0,"227":0,"228":0,"229":0,"230":0,"231":0,"232":0,"233":0,"234":0,"235":0,"236":0,"237":0,"238":0,"239":0,"240":0,"241":0,"242":0,"243":0,"244":0,"245":0,"246":0,"247":0,"248":0,"249":0,"250":0,"251":0,"252":0,"253":0,"254":0,"255":0,"256":0,"257":0,"258":0,"259":0,"260":0,"261":0,"262":0,"263":0,"264":0,"265":0,"266":0,"267":0,"268":0,"269":0,"270":0,"271":0,"272":0,"273":0,"274":0,"275":0,"276":0,"277":0,"278":0,"279":0,"280":0,"281":0,"282":0,"283":0,"284":0,"285":0,"286":0,"287":0,"288":0,"289":0,"290":0,"291":0,"292":0,"293":0,"294":0,"295":0,"296":0,"297":0,"298":0,"299":0,"300":0,"301":0,"302":0,"303":0,"304":0,"305":0,"306":0,"307":0,"308":0,"309":0,"310":0},"f":{"0":0,"1":0,"2":0,"3":0,"4":0,"5":0,"6":0,"7":0,"8":0,"9":0,"10":0,"11":0,"12":0,"13":0,"14":0,"15":0,"16":0,"17":0,"18":0,"19":0,"20":0,"21":0,"22":0,"23":0,"24":0,"25":0,"26":0,"27":0,"28":0,"29":0,"30":0,"31":0,"32":0,"33":0,"34":0,"35":0,"36":0,"37":0,"38":0,"39":0,"40":0,"41":0,"42":0,"43":0,"44":0,"45":0},"b":{"0":[0,0],"1":[0,0],"2":[0,0],"3":[0,0],"4":[0,0],"5":[0,0],"6":[0,0],"7":[0,0],"8":[0,0],"9":[0,0],"10":[0,0],"11":[0,0],"12":[0,0],"13":[0,0],"14":[0,0],"15":[0,0],"16":[0,0],"17":[0,0],"18":[0,0],"19":[0,0],"20":[0,0],"21":[0,0],"22":[0,0],"23":[0,0],"24":[0,0],"25":[0,0],"26":[0,0],"27":[0,0],"28":[0,0],"29":[0,0],"30":[0,0],"31":[0,0],"32":[0,0],"33":[0,0],"34":[0,0],"35":[0,0],"36":[0,0],"37":[0,0],"38":[0,0],"39":[0,0,0],"40":[0,0],"41":[0,0],"42":[0,0],"43":[0,0],"44":[0,0],"45":[0,0],"46":[0,0],"47":[0,0],"48":[0,0],"49":[0,0],"50":[0,0],"51":[0,0],"52":[0,0],"53":[0,0],"54":[0,0],"55":[0,0,0],"56":[0,0],"57":[0,0],"58":[0,0],"59":[0,0],"60":[0,0],"61":[0,0],"62":[0,0],"63":[0,0],"64":[0,0]}}
,"/Users/kelvin/Kelvin-WorkSpace/Lottery/src/core/DataProcessor.js": {"path":"/Users/kelvin/Kelvin-WorkSpace/Lottery/src/core/DataProcessor.js","statementMap":{"0":{"start":{"line":9,"column":8},"end":{"line":9,"column":30}},"1":{"start":{"line":10,"column":8},"end":{"line":10,"column":52}},"2":{"start":{"line":18,"column":21},"end":{"line":18,"column":23}},"3":{"start":{"line":19,"column":26},"end":{"line":19,"column":48}},"4":{"start":{"line":20,"column":27},"end":{"line":20,"column":30}},"5":{"start":{"line":22,"column":8},"end":{"line":38,"column":9}},"6":{"start":{"line":22,"column":21},"end":{"line":22,"column":22}},"7":{"start":{"line":23,"column":29},"end":{"line":23,"column":48}},"8":{"start":{"line":24,"column":12},"end":{"line":24,"column":60}},"9":{"start":{"line":26,"column":28},"end":{"line":26,"column":141}},"10":{"start":{"line":28,"column":12},"end":{"line":30,"column":54}},"11":{"start":{"line":29,"column":16},"end":{"line":29,"column":122}},"12":{"start":{"line":32,"column":12},"end":{"line":37,"column":15}},"13":{"start":{"line":35,"column":48},"end":{"line":35,"column":53}},"14":{"start":{"line":39,"column":8},"end":{"line":39,"column":20}},"15":{"start":{"line":50,"column":24},"end":{"line":50,"column":33}},"16":{"start":{"line":51,"column":8},"end":{"line":53,"column":9}},"17":{"start":{"line":52,"column":12},"end":{"line":52,"column":75}},"18":{"start":{"line":54,"column":8},"end":{"line":54,"column":35}},"19":{"start":{"line":63,"column":8},"end":{"line":143,"column":11}},"20":{"start":{"line":64,"column":27},"end":{"line":64,"column":43}},"21":{"start":{"line":65,"column":12},"end":{"line":140,"column":14}},"22":{"start":{"line":66,"column":16},"end":{"line":139,"column":17}},"23":{"start":{"line":67,"column":33},"end":{"line":67,"column":48}},"24":{"start":{"line":68,"column":34},"end":{"line":68,"column":78}},"25":{"start":{"line":68,"column":66},"end":{"line":68,"column":77}},"26":{"start":{"line":69,"column":33},"end":{"line":69,"column":35}},"27":{"start":{"line":71,"column":20},"end":{"line":74,"column":21}},"28":{"start":{"line":72,"column":24},"end":{"line":72,"column":57}},"29":{"start":{"line":73,"column":24},"end":{"line":73,"column":31}},"30":{"start":{"line":76,"column":38},"end":{"line":76,"column":53}},"31":{"start":{"line":77,"column":39},"end":{"line":77,"column":78}},"32":{"start":{"line":78,"column":45},"end":{"line":79,"column":120}},"33":{"start":{"line":81,"column":20},"end":{"line":130,"column":21}},"34":{"start":{"line":81,"column":33},"end":{"line":81,"column":34}},"35":{"start":{"line":82,"column":37},"end":{"line":82,"column":52}},"36":{"start":{"line":83,"column":24},"end":{"line":83,"column":44}},"37":{"start":{"line":83,"column":35},"end":{"line":83,"column":44}},"38":{"start":{"line":85,"column":38},"end":{"line":85,"column":94}},"39":{"start":{"line":85,"column":63},"end":{"line":85,"column":93}},"40":{"start":{"line":88,"column":24},"end":{"line":111,"column":25}},"41":{"start":{"line":89,"column":28},"end":{"line":89,"column":99}},"42":{"start":{"line":89,"column":90},"end":{"line":89,"column":99}},"43":{"start":{"line":90,"column":28},"end":{"line":90,"column":60}},"44":{"start":{"line":90,"column":51},"end":{"line":90,"column":60}},"45":{"start":{"line":92,"column":28},"end":{"line":92,"column":44}},"46":{"start":{"line":94,"column":28},"end":{"line":94,"column":64}},"47":{"start":{"line":95,"column":28},"end":{"line":98,"column":30}},"48":{"start":{"line":99,"column":28},"end":{"line":99,"column":58}},"49":{"start":{"line":101,"column":28},"end":{"line":101,"column":59}},"50":{"start":{"line":101,"column":50},"end":{"line":101,"column":59}},"51":{"start":{"line":103,"column":28},"end":{"line":103,"column":44}},"52":{"start":{"line":105,"column":28},"end":{"line":105,"column":64}},"53":{"start":{"line":106,"column":28},"end":{"line":109,"column":30}},"54":{"start":{"line":110,"column":28},"end":{"line":110,"column":57}},"55":{"start":{"line":113,"column":45},"end":{"line":117,"column":25}},"56":{"start":{"line":114,"column":28},"end":{"line":116,"column":62}},"57":{"start":{"line":119,"column":24},"end":{"line":129,"column":25}},"58":{"start":{"line":123,"column":28},"end":{"line":128,"column":31}},"59":{"start":{"line":126,"column":69},"end":{"line":126,"column":74}},"60":{"start":{"line":132,"column":20},"end":{"line":136,"column":21}},"61":{"start":{"line":133,"column":24},"end":{"line":133,"column":55}},"62":{"start":{"line":135,"column":24},"end":{"line":135,"column":38}},"63":{"start":{"line":138,"column":20},"end":{"line":138,"column":67}},"64":{"start":{"line":141,"column":12},"end":{"line":141,"column":63}},"65":{"start":{"line":141,"column":35},"end":{"line":141,"column":62}},"66":{"start":{"line":142,"column":12},"end":{"line":142,"column":45}},"67":{"start":{"line":151,"column":8},"end":{"line":151,"column":48}},"68":{"start":{"line":152,"column":8},"end":{"line":152,"column":32}},"69":{"start":{"line":161,"column":24},"end":{"line":161,"column":49}},"70":{"start":{"line":162,"column":30},"end":{"line":162,"column":59}},"71":{"start":{"line":163,"column":8},"end":{"line":163,"column":52}},"72":{"start":{"line":165,"column":8},"end":{"line":171,"column":10}},"73":{"start":{"line":180,"column":30},"end":{"line":180,"column":72}},"74":{"start":{"line":180,"column":64},"end":{"line":180,"column":70}},"75":{"start":{"line":181,"column":27},"end":{"line":181,"column":29}},"76":{"start":{"line":182,"column":26},"end":{"line":182,"column":28}},"77":{"start":{"line":184,"column":8},"end":{"line":191,"column":11}},"78":{"start":{"line":185,"column":12},"end":{"line":190,"column":13}},"79":{"start":{"line":186,"column":16},"end":{"line":186,"column":38}},"80":{"start":{"line":188,"column":16},"end":{"line":188,"column":37}},"81":{"start":{"line":189,"column":16},"end":{"line":189,"column":45}},"82":{"start":{"line":193,"column":27},"end":{"line":193,"column":62}},"83":{"start":{"line":194,"column":8},"end":{"line":194,"column":71}},"84":{"start":{"line":194,"column":34},"end":{"line":194,"column":69}},"85":{"start":{"line":196,"column":8},"end":{"line":202,"column":10}},"86":{"start":{"line":210,"column":8},"end":{"line":210,"column":32}},"87":{"start":{"line":219,"column":8},"end":{"line":219,"column":58}},"88":{"start":{"line":219,"column":34},"end":{"line":219,"column":58}},"89":{"start":{"line":220,"column":8},"end":{"line":220,"column":63}},"90":{"start":{"line":228,"column":8},"end":{"line":228,"column":30}},"91":{"start":{"line":229,"column":8},"end":{"line":229,"column":32}},"92":{"start":{"line":238,"column":8},"end":{"line":238,"column":44}},"93":{"start":{"line":238,"column":20},"end":{"line":238,"column":44}},"94":{"start":{"line":239,"column":8},"end":{"line":242,"column":10}},"95":{"start":{"line":240,"column":12},"end":{"line":241,"column":37}},"96":{"start":{"line":251,"column":8},"end":{"line":255,"column":10}},"97":{"start":{"line":252,"column":12},"end":{"line":254,"column":44}}},"fnMap":{"0":{"name":"(anonymous_0)","decl":{"start":{"line":8,"column":4},"end":{"line":8,"column":5}},"loc":{"start":{"line":8,"column":18},"end":{"line":11,"column":5}},"line":8},"1":{"name":"(anonymous_1)","decl":{"start":{"line":17,"column":4},"end":{"line":17,"column":5}},"loc":{"start":{"line":17,"column":25},"end":{"line":40,"column":5}},"line":17},"2":{"name":"(anonymous_2)","decl":{"start":{"line":35,"column":38},"end":{"line":35,"column":39}},"loc":{"start":{"line":35,"column":48},"end":{"line":35,"column":53}},"line":35},"3":{"name":"(anonymous_3)","decl":{"start":{"line":49,"column":4},"end":{"line":49,"column":5}},"loc":{"start":{"line":49,"column":43},"end":{"line":55,"column":5}},"line":49},"4":{"name":"(anonymous_4)","decl":{"start":{"line":62,"column":4},"end":{"line":62,"column":5}},"loc":{"start":{"line":62,"column":25},"end":{"line":144,"column":5}},"line":62},"5":{"name":"(anonymous_5)","decl":{"start":{"line":63,"column":27},"end":{"line":63,"column":28}},"loc":{"start":{"line":63,"column":48},"end":{"line":143,"column":9}},"line":63},"6":{"name":"(anonymous_6)","decl":{"start":{"line":65,"column":28},"end":{"line":65,"column":29}},"loc":{"start":{"line":65,"column":35},"end":{"line":140,"column":13}},"line":65},"7":{"name":"(anonymous_7)","decl":{"start":{"line":68,"column":58},"end":{"line":68,"column":59}},"loc":{"start":{"line":68,"column":66},"end":{"line":68,"column":77}},"line":68},"8":{"name":"(anonymous_8)","decl":{"start":{"line":85,"column":58},"end":{"line":85,"column":59}},"loc":{"start":{"line":85,"column":63},"end":{"line":85,"column":93}},"line":85},"9":{"name":"(anonymous_9)","decl":{"start":{"line":113,"column":60},"end":{"line":113,"column":61}},"loc":{"start":{"line":114,"column":28},"end":{"line":116,"column":62}},"line":114},"10":{"name":"(anonymous_10)","decl":{"start":{"line":126,"column":59},"end":{"line":126,"column":60}},"loc":{"start":{"line":126,"column":69},"end":{"line":126,"column":74}},"line":126},"11":{"name":"(anonymous_11)","decl":{"start":{"line":141,"column":29},"end":{"line":141,"column":30}},"loc":{"start":{"line":141,"column":35},"end":{"line":141,"column":62}},"line":141},"12":{"name":"(anonymous_12)","decl":{"start":{"line":150,"column":4},"end":{"line":150,"column":5}},"loc":{"start":{"line":150,"column":21},"end":{"line":153,"column":5}},"line":150},"13":{"name":"(anonymous_13)","decl":{"start":{"line":160,"column":4},"end":{"line":160,"column":5}},"loc":{"start":{"line":160,"column":28},"end":{"line":172,"column":5}},"line":160},"14":{"name":"(anonymous_14)","decl":{"start":{"line":179,"column":4},"end":{"line":179,"column":5}},"loc":{"start":{"line":179,"column":29},"end":{"line":203,"column":5}},"line":179},"15":{"name":"(anonymous_15)","decl":{"start":{"line":180,"column":59},"end":{"line":180,"column":60}},"loc":{"start":{"line":180,"column":64},"end":{"line":180,"column":70}},"line":180},"16":{"name":"(anonymous_16)","decl":{"start":{"line":184,"column":24},"end":{"line":184,"column":25}},"loc":{"start":{"line":184,"column":32},"end":{"line":191,"column":9}},"line":184},"17":{"name":"(anonymous_17)","decl":{"start":{"line":194,"column":24},"end":{"line":194,"column":25}},"loc":{"start":{"line":194,"column":34},"end":{"line":194,"column":69}},"line":194},"18":{"name":"(anonymous_18)","decl":{"start":{"line":209,"column":4},"end":{"line":209,"column":5}},"loc":{"start":{"line":209,"column":14},"end":{"line":211,"column":5}},"line":209},"19":{"name":"(anonymous_19)","decl":{"start":{"line":218,"column":4},"end":{"line":218,"column":5}},"loc":{"start":{"line":218,"column":29},"end":{"line":221,"column":5}},"line":218},"20":{"name":"(anonymous_20)","decl":{"start":{"line":227,"column":4},"end":{"line":227,"column":5}},"loc":{"start":{"line":227,"column":16},"end":{"line":230,"column":5}},"line":227},"21":{"name":"(anonymous_21)","decl":{"start":{"line":237,"column":4},"end":{"line":237,"column":5}},"loc":{"start":{"line":237,"column":22},"end":{"line":243,"column":5}},"line":237},"22":{"name":"(anonymous_22)","decl":{"start":{"line":239,"column":39},"end":{"line":239,"column":40}},"loc":{"start":{"line":240,"column":12},"end":{"line":241,"column":37}},"line":240},"23":{"name":"(anonymous_23)","decl":{"start":{"line":250,"column":4},"end":{"line":250,"column":5}},"loc":{"start":{"line":250,"column":29},"end":{"line":256,"column":5}},"line":250},"24":{"name":"(anonymous_24)","decl":{"start":{"line":251,"column":42},"end":{"line":251,"column":43}},"loc":{"start":{"line":252,"column":12},"end":{"line":254,"column":44}},"line":252}},"branchMap":{"0":{"loc":{"start":{"line":71,"column":20},"end":{"line":74,"column":21}},"type":"if","locations":[{"start":{"line":71,"column":20},"end":{"line":74,"column":21}},{"start":{},"end":{}}],"line":71},"1":{"loc":{"start":{"line":77,"column":39},"end":{"line":77,"column":78}},"type":"cond-expr","locations":[{"start":{"line":77,"column":58},"end":{"line":77,"column":73}},{"start":{"line":77,"column":76},"end":{"line":77,"column":78}}],"line":77},"2":{"loc":{"start":{"line":78,"column":45},"end":{"line":79,"column":120}},"type":"binary-expr","locations":[{"start":{"line":78,"column":45},"end":{"line":78,"column":71}},{"start":{"line":79,"column":45},"end":{"line":79,"column":55}},{"start":{"line":79,"column":60},"end":{"line":79,"column":86}},{"start":{"line":79,"column":90},"end":{"line":79,"column":118}}],"line":78},"3":{"loc":{"start":{"line":83,"column":24},"end":{"line":83,"column":44}},"type":"if","locations":[{"start":{"line":83,"column":24},"end":{"line":83,"column":44}},{"start":{},"end":{}}],"line":83},"4":{"loc":{"start":{"line":88,"column":24},"end":{"line":111,"column":25}},"type":"if","locations":[{"start":{"line":88,"column":24},"end":{"line":111,"column":25}},{"start":{"line":100,"column":31},"end":{"line":111,"column":25}}],"line":88},"5":{"loc":{"start":{"line":89,"column":28},"end":{"line":89,"column":99}},"type":"if","locations":[{"start":{"line":89,"column":28},"end":{"line":89,"column":99}},{"start":{},"end":{}}],"line":89},"6":{"loc":{"start":{"line":89,"column":32},"end":{"line":89,"column":88}},"type":"binary-expr","locations":[{"start":{"line":89,"column":32},"end":{"line":89,"column":57}},{"start":{"line":89,"column":61},"end":{"line":89,"column":88}}],"line":89},"7":{"loc":{"start":{"line":90,"column":28},"end":{"line":90,"column":60}},"type":"if","locations":[{"start":{"line":90,"column":28},"end":{"line":90,"column":60}},{"start":{},"end":{}}],"line":90},"8":{"loc":{"start":{"line":101,"column":28},"end":{"line":101,"column":59}},"type":"if","locations":[{"start":{"line":101,"column":28},"end":{"line":101,"column":59}},{"start":{},"end":{}}],"line":101},"9":{"loc":{"start":{"line":114,"column":28},"end":{"line":116,"column":62}},"type":"binary-expr","locations":[{"start":{"line":114,"column":28},"end":{"line":114,"column":37}},{"start":{"line":115,"column":28},"end":{"line":115,"column":62}},{"start":{"line":116,"column":28},"end":{"line":116,"column":62}}],"line":114},"10":{"loc":{"start":{"line":119,"column":24},"end":{"line":129,"column":25}},"type":"if","locations":[{"start":{"line":119,"column":24},"end":{"line":129,"column":25}},{"start":{},"end":{}}],"line":119},"11":{"loc":{"start":{"line":119,"column":28},"end":{"line":122,"column":68}},"type":"binary-expr","locations":[{"start":{"line":119,"column":28},"end":{"line":119,"column":75}},{"start":{"line":120,"column":28},"end":{"line":120,"column":43}},{"start":{"line":121,"column":28},"end":{"line":121,"column":68}},{"start":{"line":122,"column":28},"end":{"line":122,"column":68}}],"line":119},"12":{"loc":{"start":{"line":132,"column":20},"end":{"line":136,"column":21}},"type":"if","locations":[{"start":{"line":132,"column":20},"end":{"line":136,"column":21}},{"start":{"line":134,"column":27},"end":{"line":136,"column":21}}],"line":132},"13":{"loc":{"start":{"line":185,"column":12},"end":{"line":190,"column":13}},"type":"if","locations":[{"start":{"line":185,"column":12},"end":{"line":190,"column":13}},{"start":{"line":187,"column":19},"end":{"line":190,"column":13}}],"line":185},"14":{"loc":{"start":{"line":219,"column":8},"end":{"line":219,"column":58}},"type":"if","locations":[{"start":{"line":219,"column":8},"end":{"line":219,"column":58}},{"start":{},"end":{}}],"line":219},"15":{"loc":{"start":{"line":238,"column":8},"end":{"line":238,"column":44}},"type":"if","locations":[{"start":{"line":238,"column":8},"end":{"line":238,"column":44}},{"start":{},"end":{}}],"line":238},"16":{"loc":{"start":{"line":240,"column":12},"end":{"line":241,"column":37}},"type":"binary-expr","locations":[{"start":{"line":240,"column":12},"end":{"line":240,"column":37}},{"start":{"line":241,"column":12},"end":{"line":241,"column":37}}],"line":240},"17":{"loc":{"start":{"line":250,"column":13},"end":{"line":250,"column":27}},"type":"default-arg","locations":[{"start":{"line":250,"column":21},"end":{"line":250,"column":27}}],"line":250},"18":{"loc":{"start":{"line":252,"column":12},"end":{"line":254,"column":44}},"type":"cond-expr","locations":[{"start":{"line":253,"column":16},"end":{"line":253,"column":44}},{"start":{"line":254,"column":16},"end":{"line":254,"column":44}}],"line":252}},"s":{"0":99,"1":99,"2":105,"3":105,"4":105,"5":105,"6":105,"7":52500,"8":52500,"9":52500,"10":52500,"11":59844,"12":52500,"13":548562,"14":105,"15":52503,"16":52503,"17":332570,"18":52503,"19":0,"20":0,"21":0,"22":0,"23":0,"24":0,"25":0,"26":0,"27":0,"28":0,"29":0,"30":0,"31":0,"32":0,"33":0,"34":0,"35":0,"36":0,"37":0,"38":0,"39":0,"40":0,"41":0,"42":0,"43":0,"44":0,"45":0,"46":0,"47":0,"48":0,"49":0,"50":0,"51":0,"52":0,"53":0,"54":0,"55":0,"56":0,"57":0,"58":0,"59":0,"60":0,"61":0,"62":0,"63":0,"64":0,"65":0,"66":0,"67":86,"68":86,"69":0,"70":0,"71":0,"72":0,"73":4,"74":8,"75":4,"76":4,"77":4,"78":5,"79":1,"80":4,"81":4,"82":4,"83":4,"84":9,"85":4,"86":41,"87":70,"88":1,"89":69,"90":4,"91":4,"92":3,"93":1,"94":2,"95":1000,"96":3,"97":1497},"f":{"0":99,"1":105,"2":548562,"3":52503,"4":0,"5":0,"6":0,"7":0,"8":0,"9":0,"10":0,"11":0,"12":86,"13":0,"14":4,"15":8,"16":5,"17":9,"18":41,"19":70,"20":4,"21":3,"22":1000,"23":3,"24":1497},"b":{"0":[0,0],"1":[0,0],"2":[0,0,0,0],"3":[0,0],"4":[0,0],"5":[0,0],"6":[0,0],"7":[0,0],"8":[0,0],"9":[0,0,0],"10":[0,0],"11":[0,0,0,0],"12":[0,0],"13":[1,4],"14":[1,69],"15":[1,2],"16":[1000,500],"17":[1],"18":[499,998]},"_coverageSchema":"1a1c01bbd47fc00a2c39e90264f33305004495a9","hash":"a8aa4b02b31f37a49ac36822e1c418aadd0c080b"}
,"/Users/kelvin/Kelvin-WorkSpace/Lottery/src/data/StatisticsService.js": {"path":"/Users/kelvin/Kelvin-WorkSpace/Lottery/src/data/StatisticsService.js","statementMap":{"0":{"start":{"line":9,"column":8},"end":{"line":9,"column":43}},"1":{"start":{"line":16,"column":21},"end":{"line":16,"column":49}},"2":{"start":{"line":17,"column":8},"end":{"line":19,"column":9}},"3":{"start":{"line":18,"column":12},"end":{"line":18,"column":24}},"4":{"start":{"line":21,"column":22},"end":{"line":21,"column":43}},"5":{"start":{"line":21,"column":36},"end":{"line":21,"column":42}},"6":{"start":{"line":22,"column":28},"end":{"line":22,"column":45}},"7":{"start":{"line":24,"column":8},"end":{"line":31,"column":10}},"8":{"start":{"line":38,"column":27},"end":{"line":38,"column":63}},"9":{"start":{"line":39,"column":26},"end":{"line":39,"column":28}},"10":{"start":{"line":42,"column":8},"end":{"line":44,"column":9}},"11":{"start":{"line":42,"column":21},"end":{"line":42,"column":50}},"12":{"start":{"line":43,"column":12},"end":{"line":43,"column":29}},"13":{"start":{"line":47,"column":8},"end":{"line":51,"column":11}},"14":{"start":{"line":48,"column":12},"end":{"line":50,"column":15}},"15":{"start":{"line":49,"column":16},"end":{"line":49,"column":33}},"16":{"start":{"line":53,"column":8},"end":{"line":53,"column":25}},"17":{"start":{"line":60,"column":27},"end":{"line":60,"column":63}},"18":{"start":{"line":61,"column":24},"end":{"line":61,"column":26}},"19":{"start":{"line":64,"column":8},"end":{"line":66,"column":9}},"20":{"start":{"line":64,"column":21},"end":{"line":64,"column":50}},"21":{"start":{"line":65,"column":12},"end":{"line":65,"column":27}},"22":{"start":{"line":79,"column":8},"end":{"line":91,"column":9}},"23":{"start":{"line":79,"column":23},"end":{"line":79,"column":52}},"24":{"start":{"line":80,"column":24},"end":{"line":80,"column":29}},"25":{"start":{"line":81,"column":12},"end":{"line":87,"column":13}},"26":{"start":{"line":81,"column":25},"end":{"line":81,"column":26}},"27":{"start":{"line":82,"column":16},"end":{"line":86,"column":17}},"28":{"start":{"line":83,"column":20},"end":{"line":83,"column":37}},"29":{"start":{"line":84,"column":20},"end":{"line":84,"column":33}},"30":{"start":{"line":85,"column":20},"end":{"line":85,"column":26}},"31":{"start":{"line":88,"column":12},"end":{"line":90,"column":13}},"32":{"start":{"line":89,"column":16},"end":{"line":89,"column":49}},"33":{"start":{"line":93,"column":8},"end":{"line":93,"column":23}},"34":{"start":{"line":100,"column":26},"end":{"line":100,"column":51}},"35":{"start":{"line":101,"column":27},"end":{"line":101,"column":62}},"36":{"start":{"line":102,"column":23},"end":{"line":104,"column":28}},"37":{"start":{"line":103,"column":28},"end":{"line":103,"column":39}},"38":{"start":{"line":106,"column":8},"end":{"line":110,"column":12}},"39":{"start":{"line":106,"column":44},"end":{"line":110,"column":9}},"40":{"start":{"line":117,"column":26},"end":{"line":117,"column":51}},"41":{"start":{"line":118,"column":27},"end":{"line":118,"column":62}},"42":{"start":{"line":119,"column":23},"end":{"line":121,"column":28}},"43":{"start":{"line":120,"column":28},"end":{"line":120,"column":39}},"44":{"start":{"line":123,"column":8},"end":{"line":127,"column":12}},"45":{"start":{"line":123,"column":44},"end":{"line":127,"column":9}},"46":{"start":{"line":134,"column":21},"end":{"line":134,"column":49}},"47":{"start":{"line":135,"column":29},"end":{"line":141,"column":9}},"48":{"start":{"line":144,"column":8},"end":{"line":152,"column":11}},"49":{"start":{"line":145,"column":12},"end":{"line":151,"column":15}},"50":{"start":{"line":146,"column":16},"end":{"line":150,"column":45}},"51":{"start":{"line":146,"column":31},"end":{"line":146,"column":54}},"52":{"start":{"line":147,"column":21},"end":{"line":150,"column":45}},"53":{"start":{"line":147,"column":36},"end":{"line":147,"column":60}},"54":{"start":{"line":148,"column":21},"end":{"line":150,"column":45}},"55":{"start":{"line":148,"column":36},"end":{"line":148,"column":60}},"56":{"start":{"line":149,"column":21},"end":{"line":150,"column":45}},"57":{"start":{"line":149,"column":36},"end":{"line":149,"column":60}},"58":{"start":{"line":150,"column":21},"end":{"line":150,"column":45}},"59":{"start":{"line":155,"column":29},"end":{"line":155,"column":66}},"60":{"start":{"line":156,"column":8},"end":{"line":160,"column":9}},"61":{"start":{"line":157,"column":12},"end":{"line":159,"column":13}},"62":{"start":{"line":158,"column":16},"end":{"line":158,"column":92}},"63":{"start":{"line":162,"column":8},"end":{"line":162,"column":28}}},"fnMap":{"0":{"name":"(anonymous_0)","decl":{"start":{"line":8,"column":4},"end":{"line":8,"column":5}},"loc":{"start":{"line":8,"column":31},"end":{"line":10,"column":5}},"line":8},"1":{"name":"(anonymous_1)","decl":{"start":{"line":15,"column":4},"end":{"line":15,"column":5}},"loc":{"start":{"line":15,"column":19},"end":{"line":32,"column":5}},"line":15},"2":{"name":"(anonymous_2)","decl":{"start":{"line":21,"column":31},"end":{"line":21,"column":32}},"loc":{"start":{"line":21,"column":36},"end":{"line":21,"column":42}},"line":21},"3":{"name":"(anonymous_3)","decl":{"start":{"line":37,"column":4},"end":{"line":37,"column":5}},"loc":{"start":{"line":37,"column":36},"end":{"line":54,"column":5}},"line":37},"4":{"name":"(anonymous_4)","decl":{"start":{"line":47,"column":27},"end":{"line":47,"column":28}},"loc":{"start":{"line":47,"column":35},"end":{"line":51,"column":9}},"line":47},"5":{"name":"(anonymous_5)","decl":{"start":{"line":48,"column":33},"end":{"line":48,"column":34}},"loc":{"start":{"line":48,"column":40},"end":{"line":50,"column":13}},"line":48},"6":{"name":"(anonymous_6)","decl":{"start":{"line":59,"column":4},"end":{"line":59,"column":5}},"loc":{"start":{"line":59,"column":40},"end":{"line":94,"column":5}},"line":59},"7":{"name":"(anonymous_7)","decl":{"start":{"line":99,"column":4},"end":{"line":99,"column":5}},"loc":{"start":{"line":99,"column":30},"end":{"line":111,"column":5}},"line":99},"8":{"name":"(anonymous_8)","decl":{"start":{"line":103,"column":18},"end":{"line":103,"column":19}},"loc":{"start":{"line":103,"column":28},"end":{"line":103,"column":39}},"line":103},"9":{"name":"(anonymous_9)","decl":{"start":{"line":106,"column":26},"end":{"line":106,"column":27}},"loc":{"start":{"line":106,"column":44},"end":{"line":110,"column":9}},"line":106},"10":{"name":"(anonymous_10)","decl":{"start":{"line":116,"column":4},"end":{"line":116,"column":5}},"loc":{"start":{"line":116,"column":31},"end":{"line":128,"column":5}},"line":116},"11":{"name":"(anonymous_11)","decl":{"start":{"line":120,"column":18},"end":{"line":120,"column":19}},"loc":{"start":{"line":120,"column":28},"end":{"line":120,"column":39}},"line":120},"12":{"name":"(anonymous_12)","decl":{"start":{"line":123,"column":26},"end":{"line":123,"column":27}},"loc":{"start":{"line":123,"column":44},"end":{"line":127,"column":9}},"line":123},"13":{"name":"(anonymous_13)","decl":{"start":{"line":133,"column":4},"end":{"line":133,"column":5}},"loc":{"start":{"line":133,"column":28},"end":{"line":163,"column":5}},"line":133},"14":{"name":"(anonymous_14)","decl":{"start":{"line":144,"column":21},"end":{"line":144,"column":22}},"loc":{"start":{"line":144,"column":29},"end":{"line":152,"column":9}},"line":144},"15":{"name":"(anonymous_15)","decl":{"start":{"line":145,"column":33},"end":{"line":145,"column":34}},"loc":{"start":{"line":145,"column":40},"end":{"line":151,"column":13}},"line":145}},"branchMap":{"0":{"loc":{"start":{"line":17,"column":8},"end":{"line":19,"column":9}},"type":"if","locations":[{"start":{"line":17,"column":8},"end":{"line":19,"column":9}},{"start":{},"end":{}}],"line":17},"1":{"loc":{"start":{"line":37,"column":23},"end":{"line":37,"column":34}},"type":"default-arg","locations":[{"start":{"line":37,"column":30},"end":{"line":37,"column":34}}],"line":37},"2":{"loc":{"start":{"line":38,"column":27},"end":{"line":38,"column":63}},"type":"binary-expr","locations":[{"start":{"line":38,"column":27},"end":{"line":38,"column":31}},{"start":{"line":38,"column":35},"end":{"line":38,"column":63}}],"line":38},"3":{"loc":{"start":{"line":59,"column":27},"end":{"line":59,"column":38}},"type":"default-arg","locations":[{"start":{"line":59,"column":34},"end":{"line":59,"column":38}}],"line":59},"4":{"loc":{"start":{"line":60,"column":27},"end":{"line":60,"column":63}},"type":"binary-expr","locations":[{"start":{"line":60,"column":27},"end":{"line":60,"column":31}},{"start":{"line":60,"column":35},"end":{"line":60,"column":63}}],"line":60},"5":{"loc":{"start":{"line":82,"column":16},"end":{"line":86,"column":17}},"type":"if","locations":[{"start":{"line":82,"column":16},"end":{"line":86,"column":17}},{"start":{},"end":{}}],"line":82},"6":{"loc":{"start":{"line":88,"column":12},"end":{"line":90,"column":13}},"type":"if","locations":[{"start":{"line":88,"column":12},"end":{"line":90,"column":13}},{"start":{},"end":{}}],"line":88},"7":{"loc":{"start":{"line":99,"column":18},"end":{"line":99,"column":28}},"type":"default-arg","locations":[{"start":{"line":99,"column":26},"end":{"line":99,"column":28}}],"line":99},"8":{"loc":{"start":{"line":116,"column":19},"end":{"line":116,"column":29}},"type":"default-arg","locations":[{"start":{"line":116,"column":27},"end":{"line":116,"column":29}}],"line":116},"9":{"loc":{"start":{"line":146,"column":16},"end":{"line":150,"column":45}},"type":"if","locations":[{"start":{"line":146,"column":16},"end":{"line":150,"column":45}},{"start":{"line":147,"column":21},"end":{"line":150,"column":45}}],"line":146},"10":{"loc":{"start":{"line":147,"column":21},"end":{"line":150,"column":45}},"type":"if","locations":[{"start":{"line":147,"column":21},"end":{"line":150,"column":45}},{"start":{"line":148,"column":21},"end":{"line":150,"column":45}}],"line":147},"11":{"loc":{"start":{"line":148,"column":21},"end":{"line":150,"column":45}},"type":"if","locations":[{"start":{"line":148,"column":21},"end":{"line":150,"column":45}},{"start":{"line":149,"column":21},"end":{"line":150,"column":45}}],"line":148},"12":{"loc":{"start":{"line":149,"column":21},"end":{"line":150,"column":45}},"type":"if","locations":[{"start":{"line":149,"column":21},"end":{"line":150,"column":45}},{"start":{"line":150,"column":21},"end":{"line":150,"column":45}}],"line":149},"13":{"loc":{"start":{"line":156,"column":8},"end":{"line":160,"column":9}},"type":"if","locations":[{"start":{"line":156,"column":8},"end":{"line":160,"column":9}},{"start":{},"end":{}}],"line":156}},"s":{"0":74,"1":3,"2":3,"3":1,"4":2,"5":1000,"6":2,"7":2,"8":229,"9":229,"10":229,"11":229,"12":11221,"13":229,"14":16772,"15":100632,"16":229,"17":109,"18":109,"19":109,"20":109,"21":5341,"22":109,"23":109,"24":5341,"25":5341,"26":5341,"27":43791,"28":5305,"29":5305,"30":5305,"31":5341,"32":36,"33":109,"34":5,"35":5,"36":5,"37":1061,"38":5,"39":40,"40":5,"41":5,"42":5,"43":1055,"44":5,"45":40,"46":4,"47":4,"48":4,"49":1500,"50":9000,"51":1801,"52":7199,"53":1828,"54":5371,"55":1816,"56":3555,"57":1865,"58":1690,"59":4,"60":4,"61":3,"62":15,"63":4},"f":{"0":74,"1":3,"2":1000,"3":229,"4":16772,"5":100632,"6":109,"7":5,"8":1061,"9":40,"10":5,"11":1055,"12":40,"13":4,"14":1500,"15":9000},"b":{"0":[1,2],"1":[12],"2":[229,12],"3":[2],"4":[109,2],"5":[5305,38486],"6":[36,5305],"7":[2],"8":[2],"9":[1801,7199],"10":[1828,5371],"11":[1816,3555],"12":[1865,1690],"13":[3,1]},"_coverageSchema":"1a1c01bbd47fc00a2c39e90264f33305004495a9","hash":"96d07fbcf0a1bdbcfc13d2a0c2a2c5d264369544"}
,"/Users/kelvin/Kelvin-WorkSpace/Lottery/src/engine/PredictionEngine.js": {"path":"/Users/kelvin/Kelvin-WorkSpace/Lottery/src/engine/PredictionEngine.js","statementMap":{"0":{"start":{"line":19,"column":8},"end":{"line":19,"column":43}},"1":{"start":{"line":20,"column":8},"end":{"line":20,"column":51}},"2":{"start":{"line":21,"column":8},"end":{"line":52,"column":10}},"3":{"start":{"line":56,"column":21},"end":{"line":56,"column":64}},"4":{"start":{"line":58,"column":8},"end":{"line":60,"column":9}},"5":{"start":{"line":59,"column":12},"end":{"line":59,"column":39}},"6":{"start":{"line":62,"column":25},"end":{"line":62,"column":48}},"7":{"start":{"line":63,"column":8},"end":{"line":67,"column":9}},"8":{"start":{"line":65,"column":12},"end":{"line":65,"column":85}},"9":{"start":{"line":66,"column":12},"end":{"line":66,"column":62}},"10":{"start":{"line":69,"column":8},"end":{"line":69,"column":44}},"11":{"start":{"line":74,"column":25},"end":{"line":74,"column":80}},"12":{"start":{"line":75,"column":8},"end":{"line":75,"column":44}}},"fnMap":{"0":{"name":"(anonymous_0)","decl":{"start":{"line":18,"column":4},"end":{"line":18,"column":5}},"loc":{"start":{"line":18,"column":50},"end":{"line":53,"column":5}},"line":18},"1":{"name":"(anonymous_1)","decl":{"start":{"line":55,"column":4},"end":{"line":55,"column":5}},"loc":{"start":{"line":55,"column":57},"end":{"line":70,"column":5}},"line":55},"2":{"name":"(anonymous_2)","decl":{"start":{"line":73,"column":4},"end":{"line":73,"column":5}},"loc":{"start":{"line":73,"column":40},"end":{"line":76,"column":5}},"line":73}},"branchMap":{"0":{"loc":{"start":{"line":55,"column":18},"end":{"line":55,"column":38}},"type":"default-arg","locations":[{"start":{"line":55,"column":27},"end":{"line":55,"column":38}}],"line":55},"1":{"loc":{"start":{"line":55,"column":40},"end":{"line":55,"column":55}},"type":"default-arg","locations":[{"start":{"line":55,"column":53},"end":{"line":55,"column":55}}],"line":55},"2":{"loc":{"start":{"line":58,"column":8},"end":{"line":60,"column":9}},"type":"if","locations":[{"start":{"line":58,"column":8},"end":{"line":60,"column":9}},{"start":{},"end":{}}],"line":58},"3":{"loc":{"start":{"line":63,"column":8},"end":{"line":67,"column":9}},"type":"if","locations":[{"start":{"line":63,"column":8},"end":{"line":67,"column":9}},{"start":{},"end":{}}],"line":63},"4":{"loc":{"start":{"line":74,"column":25},"end":{"line":74,"
[...]
":{"line":165,"column":38},"end":{"line":172,"column":9}},"line":165},"18":{"name":"(anonymous_18)","decl":{"start":{"line":168,"column":33},"end":{"line":168,"column":34}},"loc":{"start":{"line":168,"column":40},"end":{"line":171,"column":13}},"line":168},"19":{"name":"(anonymous_19)","decl":{"start":{"line":187,"column":61},"end":{"line":187,"column":62}},"loc":{"start":{"line":187,"column":71},"end":{"line":187,"column":76}},"line":187},"20":{"name":"(anonymous_20)","decl":{"start":{"line":198,"column":60},"end":{"line":198,"column":61}},"loc":{"start":{"line":198,"column":70},"end":{"line":198,"column":75}},"line":198},"21":{"name":"(anonymous_21)","decl":{"start":{"line":204,"column":18},"end":{"line":204,"column":19}},"loc":{"start":{"line":204,"column":28},"end":{"line":204,"column":39}},"line":204},"22":{"name":"(anonymous_22)","decl":{"start":{"line":206,"column":17},"end":{"line":206,"column":18}},"loc":{"start":{"line":206,"column":35},"end":{"line":206,"column":79}},"line":206},"23":{"name":"(anonymous_23)","decl":{"start":{"line":208,"column":51},"end":{"line":208,"column":52}},"loc":{"start":{"line":208,"column":59},"end":{"line":208,"column":70}},"line":208},"24":{"name":"(anonymous_24)","decl":{"start":{"line":208,"column":77},"end":{"line":208,"column":78}},"loc":{"start":{"line":208,"column":87},"end":{"line":208,"column":92}},"line":208},"25":{"name":"(anonymous_25)","decl":{"start":{"line":222,"column":4},"end":{"line":222,"column":5}},"loc":{"start":{"line":222,"column":30},"end":{"line":268,"column":5}},"line":222},"26":{"name":"(anonymous_26)","decl":{"start":{"line":234,"column":21},"end":{"line":234,"column":22}},"loc":{"start":{"line":234,"column":29},"end":{"line":245,"column":9}},"line":234},"27":{"name":"(anonymous_27)","decl":{"start":{"line":236,"column":46},"end":{"line":236,"column":47}},"loc":{"start":{"line":236,"column":51},"end":{"line":236,"column":70}},"line":236},"28":{"name":"(anonymous_28)","decl":{"start":{"line":239,"column":29},"end":{"line":239,"column":30}},"loc":{"start":{"line":239,"column":34},"end":{"line":243,"column":17}},"line":239},"29":{"name":"(anonymous_29)","decl":{"start":{"line":248,"column":62},"end":{"line":248,"column":63}},"loc":{"start":{"line":248,"column":72},"end":{"line":248,"column":77}},"line":248},"30":{"name":"(anonymous_30)","decl":{"start":{"line":255,"column":18},"end":{"line":255,"column":19}},"loc":{"start":{"line":255,"column":28},"end":{"line":255,"column":39}},"line":255},"31":{"name":"(anonymous_31)","decl":{"start":{"line":257,"column":17},"end":{"line":257,"column":18}},"loc":{"start":{"line":257,"column":35},"end":{"line":257,"column":79}},"line":257},"32":{"name":"(anonymous_32)","decl":{"start":{"line":259,"column":51},"end":{"line":259,"column":52}},"loc":{"start":{"line":259,"column":59},"end":{"line":259,"column":70}},"line":259},"33":{"name":"(anonymous_33)","decl":{"start":{"line":259,"column":77},"end":{"line":259,"column":78}},"loc":{"start":{"line":259,"column":87},"end":{"line":259,"column":92}},"line":259},"34":{"name":"(anonymous_34)","decl":{"start":{"line":273,"column":4},"end":{"line":273,"column":5}},"loc":{"start":{"line":273,"column":33},"end":{"line":347,"column":5}},"line":273},"35":{"name":"(anonymous_35)","decl":{"start":{"line":292,"column":21},"end":{"line":292,"column":22}},"loc":{"start":{"line":292,"column":29},"end":{"line":295,"column":10}},"line":292},"36":{"name":"(anonymous_36)","decl":{"start":{"line":292,"column":50},"end":{"line":292,"column":51}},"loc":{"start":{"line":292,"column":55},"end":{"line":295,"column":9}},"line":292},"37":{"name":"(anonymous_37)","decl":{"start":{"line":300,"column":21},"end":{"line":300,"column":22}},"loc":{"start":{"line":300,"column":29},"end":{"line":300,"column":88}},"line":300},"38":{"name":"(anonymous_38)","decl":{"start":{"line":300,"column":50},"end":{"line":300,"column":51}},"loc":{"start":{"line":300,"column":55},"end":{"line":300,"column":87}},"line":300},"39":{"name":"(anonymous_39)","decl":{"start":{"line":309,"column":38},"end":{"line":309,"column":39}},"loc":{"start":{"line":309,"column":45},"end":{"line":309,"column":62}},"line":309},"40":{"name":"(anonymous_40)","decl":{"start":{"line":330,"column":60},"end":{"line":330,"column":61}},"loc":{"start":{"line":330,"column":70},"end":{"line":330,"column":75}},"line":330},"41":{"name":"(anonymous_41)","decl":{"start":{"line":334,"column":18},"end":{"line":334,"column":19}},"loc":{"start":{"line":334,"column":28},"end":{"line":334,"column":39}},"line":334},"42":{"name":"(anonymous_42)","decl":{"start":{"line":336,"column":17},"end":{"line":336,"column":18}},"loc":{"start":{"line":336,"column":35},"end":{"line":336,"column":79}},"line":336},"43":{"name":"(anonymous_43)","decl":{"start":{"line":338,"column":51},"end":{"line":338,"column":52}},"loc":{"start":{"line":338,"column":59},"end":{"line":338,"column":70}},"line":338},"44":{"name":"(anonymous_44)","decl":{"start":{"line":338,"column":77},"end":{"line":338,"column":78}},"loc":{"start":{"line":338,"column":87},"end":{"line":338,"column":92}},"line":338},"45":{"name":"(anonymous_45)","decl":{"start":{"line":349,"column":4},"end":{"line":349,"column":5}},"loc":{"start":{"line":349,"column":23},"end":{"line":366,"column":5}},"line":349},"46":{"name":"(anonymous_46)","decl":{"start":{"line":353,"column":21},"end":{"line":353,"column":22}},"loc":{"start":{"line":353,"column":29},"end":{"line":357,"column":9}},"line":353},"47":{"name":"(anonymous_47)","decl":{"start":{"line":354,"column":33},"end":{"line":354,"column":34}},"loc":{"start":{"line":354,"column":40},"end":{"line":356,"column":13}},"line":354}},"branchMap":{"0":{"loc":{"start":{"line":13,"column":35},"end":{"line":13,"column":52}},"type":"default-arg","locations":[{"start":{"line":13,"column":42},"end":{"line":13,"column":52}}],"line":13},"1":{"loc":{"start":{"line":30,"column":8},"end":{"line":42,"column":9}},"type":"switch","locations":[{"start":{"line":31,"column":12},"end":{"line":32,"column":50}},{"start":{"line":33,"column":12},"end":{"line":34,"column":50}},{"start":{"line":35,"column":12},"end":{"line":36,"column":54}},{"start":{"line":37,"column":12},"end":{"line":38,"column":57}},{"start":{"line":39,"column":12},"end":{"line":39,"column":28}},{"start":{"line":40,"column":12},"end":{"line":41,"column":50}}],"line":30},"2":{"loc":{"start":{"line":63,"column":16},"end":{"line":65,"column":17}},"type":"if","locations":[{"start":{"line":63,"column":16},"end":{"line":65,"column":17}},{"start":{},"end":{}}],"line":63},"3":{"loc":{"start":{"line":70,"column":25},"end":{"line":70,"column":90}},"type":"binary-expr","locations":[{"start":{"line":70,"column":25},"end":{"line":70,"column":85}},{"start":{"line":70,"column":89},"end":{"line":70,"column":90}}],"line":70},"4":{"loc":{"start":{"line":106,"column":27},"end":{"line":106,"column":67}},"type":"binary-expr","locations":[{"start":{"line":106,"column":27},"end":{"line":106,"column":62}},{"start":{"line":106,"column":66},"end":{"line":106,"column":67}}],"line":106},"5":{"loc":{"start":{"line":179,"column":23},"end":{"line":179,"column":73}},"type":"cond-expr","locations":[{"start":{"line":179,"column":39},"end":{"line":179,"column":43}},{"start":{"line":179,"column":46},"end":{"line":179,"column":73}}],"line":179},"6":{"loc":{"start":{"line":179,"column":46},"end":{"line":179,"column":73}},"type":"cond-expr","locations":[{"start":{"line":179,"column":62},"end":{"line":179,"column":66}},{"start":{"line":179,"column":69},"end":{"line":179,"column":73}}],"line":179},"7":{"loc":{"start":{"line":180,"column":19},"end":{"line":180,"column":69}},"type":"cond-expr","locations":[{"start":{"line":180,"column":35},"end":{"line":180,"column":39}},{"start":{"line":180,"column":42},"end":{"line":180,"column":69}}],"line":180},"8":{"loc":{"start":{"line":180,"column":42},"end":{"line":180,"column":69}},"type":"cond-expr","locations":[{"start":{"line":180,"column":58},"end":{"line":180,"column":62}},{"start":{"line":180,"column":65},"end":{"line":180,"column":69}}],"line":180},"9":{"loc":{"start":{"line":186,"column":27},"end":{"line":186,"column":67}},"type":"binary-expr","locations":[{"start":{"line":186,"column":27},"end":{"line":186,"column":62}},{"start":{"line":186,"column":66},"end":{"line":186,"column":67}}],"line":186},"10":{"loc":{"start":{"line":187,"column":30},"end":{"line":187,"column":85}},"type":"binary-expr","locations":[{"start":{"line":187,"column":30},"end":{"line":187,"column":80}},{"start":{"line":187,"column":84},"end":{"line":187,"column":85}}],"line":187},"11":{"loc":{"start":{"line":238,"column":12},"end":{"line":244,"column":13}},"type":"if","locations":[{"start":{"line":238,"column":12},"end":{"line":244,"column":13}},{"start":{},"end":{}}],"line":238},"12":{"loc":{"start":{"line":240,"column":20},"end":{"line":242,"column":21}},"type":"if","locations":[{"start":{"line":240,"column":20},"end":{"line":242,"column":21}},{"start":{},"end":{}}],"line":240},"13":{"loc":{"start":{"line":251,"column":31},"end":{"line":251,"column":80}},"type":"cond-expr","locations":[{"start":{"line":251,"column":48},"end":{"line":251,"column":76}},{"start":{"line":251,"column":79},"end":{"line":251,"column":80}}],"line":251},"14":{"loc":{"start":{"line":285,"column":27},"end":{"line":285,"column":67}},"type":"binary-expr","locations":[{"start":{"line":285,"column":27},"end":{"line":285,"column":62}},{"start":{"line":285,"column":66},"end":{"line":285,"column":67}}],"line":285},"15":{"loc":{"start":{"line":300,"column":57},"end":{"line":300,"column":85}},"type":"if","locations":[{"start":{"line":300,"column":57},"end":{"line":300,"column":85}},{"start":{},"end":{}}],"line":300},"16":{"loc":{"start":{"line":315,"column":31},"end":{"line":315,"column":48}},"type":"binary-expr","locations":[{"start":{"line":315,"column":31},"end":{"line":315,"column":43}},{"start":{"line":315,"column":47},"end":{"line":315,"column":48}}],"line":315},"17":{"loc":{"start":{"line":318,"column":30},"end":{"line":318,"column":56}},"type":"binary-expr","locations":[{"start":{"line":318,"column":30},"end":{"line":318,"column":51}},{"start":{"line":318,"column":55},"end":{"line":318,"column":56}}],"line":318},"18":{"loc":{"start":{"line":322,"column":12},"end":{"line":323,"column":71}},"type":"if","locations":[{"start":{"line":322,"column":12},"end":{"line":323,"column":71}},{"start":{"line":323,"column":17},"end":{"line":323,"column":71}}],"line":322},"19":{"loc":{"start":{"line":322,"column":16},"end":{"line":322,"column":45}},"type":"binary-expr","locations":[{"start":{"line":322,"column":16},"end":{"line":322,"column":27}},{"start":{"line":322,"column":31},"end":{"line":322,"column":45}}],"line":322},"20":{"loc":{"start":{"line":323,"column":17},"end":{"line":323,"column":71}},"type":"if","locations":[{"start":{"line":323,"column":17},"end":{"line":323,"column":71}},{"start":{},"end":{}}],"line":323},"21":{"loc":{"start":{"line":323,"column":21},"end":{"line":323,"column":50}},"type":"binary-expr","locations":[{"start":{"line":323,"column":21},"end":{"line":323,"column":32}},{"start":{"line":323,"column":36},"end":{"line":323,"column":50}}],"line":323}},"s":{"0":380,"1":380,"2":380,"3":80,"4":80,"5":1,"6":26,"7":26,"8":26,"9":1,"10":1,"11":1,"12":1,"13":1,"14":49,"15":1,"16":1,"17":5,"18":5,"19":1,"20":5,"21":5,"22":245,"23":244,"24":1,"25":49,"26":1,"27":1,"28":49,"29":1,"30":212,"31":6,"32":1,"33":6,"34":9,"35":1,"36":1,"37":1,"38":1,"39":1,"40":49,"41":1,"42":1,"43":1,"44":1,"45":1,"46":1,"47":1,"48":1,"49":3,"50":3,"51":147,"52":147,"53":147,"54":588,"55":147,"56":1,"57":49,"58":1,"59":1,"60":49,"61":1,"62":215,"63":6,"64":1,"65":6,"66":10,"67":1,"68":26,"69":26,"70":26,"71":26,"72":26,"73":26,"74":26,"75":1274,"76":1274,"77":26,"78":26,"79":1300,"80":1300,"81":1300,"82":7800,"83":7800,"84":26,"85":26,"86":26,"87":26,"88":26,"89":26,"90":1274,"91":26,"92":26,"93":1274,"94":1274,"95":1274,"96":1274,"97":26,"98":1274,"99":26,"100":26,"101":1274,"102":26,"103":5488,"104":156,"105":26,"106":156,"107":258,"108":26,"109":26,"110":26,"111":26,"112":26,"113":26,"114":26,"115":1274,"116":26,"117":1300,"118":1300,"119":7800,"120":1300,"121":744,"122":4464,"123":3361,"124":26,"125":1274,"126":26,"127":26,"128":26,"129":1274,"130":26,"131":5447,"132":156,"133":26,"134":156,"135":266,"136":26,"137":26,"138":26,"139":26,"140":26,"141":1274,"142":26,"143":26,"144":26,"145":26,"146":26,"147":26,"148":26,"149":1300,"150":7800,"151":7800,"152":26,"153":26,"154":26,"155":1300,"156":7800,"157":3980,"158":26,"159":26,"160":26,"161":26,"162":26,"163":26,"164":1274,"165":26,"166":26,"167":520,"168":3120,"169":26,"170":26,"171":1274,"172":1274,"173":1274,"174":1274,"175":1274,"176":1274,"177":1274,"178":1274,"179":225,"180":1049,"181":408,"182":1274,"183":1274,"184":26,"185":1274,"186":26,"187":26,"188":1274,"189":26,"190":5506,"191":156,"192":26,"193":156,"194":273,"195":26,"196":26,"197":26,"198":26,"199":260,"200":26,"201":1300,"202":7800,"203":26,"204":26,"205":26,"206":26,"207":1274,"208":1274,"209":26},"f":{"0":380,"1":80,"2":1,"3":5,"4":49,"5":212,"6":6,"7":6,"8":9,"9":1,"10":588,"11":49,"12":215,"13":6,"14":6,"15":10,"16":26,"17":1300,"18":7800,"19":1274,"20":1274,"21":5488,"22":156,"23":156,"24":258,"25":26,"26":1300,"27":7800,"28":4464,"29":1274,"30":5447,"31":156,"32":156,"33":266,"34":26,"35":1300,"36":7800,"37":1300,"38":7800,"39":3120,"40":1274,"41":5506,"42":156,"43":156,"44":273,"45":26,"46":1300,"47":7800},"b":{"0":[0],"1":[1,26,26,26,1,1],"2":[244,1],"3":[1,0],"4":[1,0],"5":[0,26],"6":[0,26],"7":[0,26],"8":[0,26],"9":[26,0],"10":[26,0],"11":[744,556],"12":[3361,1103],"13":[1274,0],"14":[26,0],"15":[3980,3820],"16":[1274,0],"17":[1274,0],"18":[225,1049],"19":[1274,650],"20":[408,641],"21":[1049,624]},"_coverageSchema":"1a1c01bbd47fc00a2c39e90264f33305004495a9","hash":"cd7841ab767b8c5bb1841c97b772c7e4ca0edf15"}
,"/Users/kelvin/Kelvin-WorkSpace/Lottery/src/engine/strategies/ZoneBalanceStrategy.js": {"path":"/Users/kelvin/Kelvin-WorkSpace/Lottery/src/engine/strategies/ZoneBalanceStrategy.js","statementMap":{"0":{"start":{"line":11,"column":8},"end":{"line":11,"column":51}},"1":{"start":{"line":15,"column":26},"end":{"line":15,"column":73}},"2":{"start":{"line":17,"column":22},"end":{"line":23,"column":9}},"3":{"start":{"line":24,"column":8},"end":{"line":27,"column":9}},"4":{"start":{"line":24,"column":21},"end":{"line":24,"column":50}},"5":{"start":{"line":25,"column":28},"end":{"line":25,"column":114}},"6":{"start":{"line":26,"column":12},"end":{"line":26,"column":43}},"7":{"start":{"line":29,"column":27},"end":{"line":29,"column":82}},"8":{"start":{"line":29,"column":64},"end":{"line":29,"column":75}},"9":{"start":{"line":31,"column":27},"end":{"line":31,"column":29}},"10":{"start":{"line":32,"column":8},"end":{"line":37,"column":9}},"11":{"start":{"line":32,"column":21},"end":{"line":32,"column":50}},"12":{"start":{"line":33,"column":28},"end":{"line":33,"column":114}},"13":{"start":{"line":34,"column":12},"end":{"line":36,"column":13}},"14":{"start":{"line":35,"column":16},"end":{"line":35,"column":67}},"15":{"start":{"line":38,"column":8},"end":{"line":38,"column":51}},"16":{"start":{"line":38,"column":34},"end":{"line":38,"column":49}},"17":{"start":{"line":39,"column":25},"end":{"line":39,"column":110}},"18":{"start":{"line":39,"column":79},"end":{"line":39,"column":87}},"19":{"start":{"line":39,"column":104},"end":{"line":39,"column":109}},"20":{"start":{"line":40,"column":8},"end":{"line":44,"column":10}}},"fnMap":{"0":{"name":"(anonymous_0)","decl":{"start":{"line":10,"column":4},"end":{"line":10,"column":5}},"loc":{"start":{"line":10,"column":35},"end":{"line":12,"column":5}},"line":10},"1":{"name":"(anonymous_1)","decl":{"start":{"line":14,"column":4},"end":{"line":14,"column":5}},"loc":{"start":{"line":14,"column":18},"end":{"line":45,"column":5}},"line":14},"2":{"name":"(anonymous_2)","decl":{"start":{"line":29,"column":54},"end":{"line":29,"column":55}},"loc":{"start":{"line":29,"column":64},"end":{"line":29,"column":75}},"line":29},"3":{"name":"(anonymous_3)","decl":{"start":{"line":38,"column":24},"end":{"line":38,"column":25}},"loc":{"start":{"line":38,"column":34},"end":{"line":38,"column":49}},"line":38},"4":{"name":"(anonymous_4)","decl":{"start":{"line":39,"column":74},"end":{"line":39,"column":75}},"loc":{"start":{"line":39,"column":79},"end":{"line":39,"column":87}},"line":39},"5":{"name":"(anonymous_5)","decl":{"start":{"line":39,"column":94},"end":{"line":39,"column":95}},"loc":{"start":{"line":39,"column":104},"end":{"line":39,"column":109}},"line":39}},"branchMap":{"0":{"loc":{"start":{"line":25,"column":28},"end":{"line":25,"column":114}},"type":"cond-expr","locations":[{"start":{"line":25,"column":38},"end":{"line":25,"column":44}},{"start":{"line":25,"column":47},"end":{"line":25,"column":114}}],"line":25},"1":{"loc":{"start":{"line":25,"column":47},"end":{"line":25,"column":114}},"type":"cond-expr","locations":[{"start":{"line":25,"column":57},"end":{"line":25,"column":64}},{"start":{"line":25,"column":67},"end":{"line":25,"column":114}}],"line":25},"2":{"loc":{"start":{"line":25,"column":67},"end":{"line":25,"column":114}},"type":"cond-expr","locations":[{"start":{"line":25,"column":77},"end":{"line":25,"column":84}},{"start":{"line":25,"column":87},"end":{"line":25,"column":114}}],"line":25},"3":{"loc":{"start":{"line":25,"column":87},"end":{"line":25,"column":114}},"type":"cond-expr","locations":[{"start":{"line":25,"column":97},"end":{"line":25,"column":104}},{"start":{"line":25,"column":107},"end":{"line":25,"column":114}}],"line":25},"4":{"loc":{"start":{"line":33,"column":28},"end":{"line":33,"column":114}},"type":"cond-expr","locations":[{"start":{"line":33,"column":38},"end":{"line":33,"column":44}},{"start":{"line":33,"column":47},"end":{"line":33,"column":114}}],"line":33},"5":{"loc":{"start":{"line":33,"column":47},"end":{"line":33,"column":114}},"type":"cond-expr","locations":[{"start":{"line":33,"column":57},"end":{"line":33,"column":64}},{"start":{"line":33,"column":67},"end":{"line":33,"column":114}}],"line":33},"6":{"loc":{"start":{"line":33,"column":67},"end":{"line":33,"column":114}},"type":"cond-expr","locations":[{"start":{"line":33,"column":77},"end":{"line":33,"column":84}},{"start":{"line":33,"column":87},"end":{"line":33,"column":114}}],"line":33},"7":{"loc":{"start":{"line":33,"column":87},"end":{"line":33,"column":114}},"type":"cond-expr","locations":[{"start":{"line":33,"column":97},"end":{"line":33,"column":104}},{"start":{"line":33,"column":107},"end":{"line":33,"column":114}}],"line":33},"8":{"loc":{"start":{"line":34,"column":12},"end":{"line":36,"column":13}},"type":"if","locations":[{"start":{"line":34,"column":12},"end":{"line":36,"column":13}},{"start":{},"end":{}}],"line":34}},"s":{"0":22,"1":1,"2":1,"3":1,"4":1,"5":49,"6":49,"7":1,"8":8,"9":1,"10":1,"11":1,"12":49,"13":49,"14":9,"15":1,"16":20,"17":1,"18":6,"19":12,"20":1},"f":{"0":22,"1":1,"2":8,"3":20,"4":6,"5":12},"b":{"0":[10,39],"1":[10,29],"2":[10,19],"3":[10,9],"4":[10,39],"5":[10,29],"6":[10,19],"7":[10,9],"8":[9,40]},"_coverageSchema":"1a1c01bbd47fc00a2c39e90264f33305004495a9","hash":"953201f1081dbeb2374e03329f16732b03b4edd4"}
,"/Users/kelvin/Kelvin-WorkSpace/Lottery/src/utils/Constants.js": {"path":"/Users/kelvin/Kelvin-WorkSpace/Lottery/src/utils/Constants.js","statementMap":{"0":{"start":{"line":11,"column":29},"end":{"line":70,"column":1}}},"fnMap":{},"branchMap":{},"s":{"0":6},"f":{},"b":{},"_coverageSchema":"1a1c01bbd47fc00a2c39e90264f33305004495a9","hash":"a40ea3e7ae39c8c54ffdf17b691b7c5de53864a2"}
,"/Users/kelvin/Kelvin-WorkSpace/Lottery/src/utils/WeightConfigs.js": {"path":"/Users/kelvin/Kelvin-WorkSpace/Lottery/src/utils/WeightConfigs.js","statementMap":{"0":{"start":{"line":4,"column":30},"end":{"line":69,"column":1}},"1":{"start":{"line":72,"column":30},"end":{"line":72,"column":39}}},"fnMap":{},"branchMap":{},"s":{"0":0,"1":0},"f":{},"b":{}}
}
