TN:
SF:src/core/App.js
FN:13,(anonymous_0)
FN:27,(anonymous_1)
FN:32,(anonymous_2)
FN:38,(anonymous_3)
FN:39,(anonymous_4)
FN:52,(anonymous_5)
FN:53,(anonymous_6)
FN:64,(anonymous_7)
FN:70,(anonymous_8)
FN:76,(anonymous_9)
FN:82,(anonymous_10)
FN:87,(anonymous_11)
FN:91,(anonymous_12)
FN:92,(anonymous_13)
FN:95,(anonymous_14)
FN:103,(anonymous_15)
FN:120,(anonymous_16)
FN:148,(anonymous_17)
FN:157,(anonymous_18)
FN:179,(anonymous_19)
FN:192,(anonymous_20)
FN:218,(anonymous_21)
FN:224,(anonymous_22)
FN:229,(anonymous_23)
FN:244,(anonymous_24)
FN:265,(anonymous_25)
FN:299,(anonymous_26)
FN:319,(anonymous_27)
FN:321,(anonymous_28)
FN:325,(anonymous_29)
FN:336,(anonymous_30)
FN:351,(anonymous_31)
FN:379,(anonymous_32)
FN:405,(anonymous_33)
FN:424,(anonymous_34)
FN:430,(anonymous_35)
FN:491,(anonymous_36)
FN:500,(anonymous_37)
FN:511,(anonymous_38)
FN:523,(anonymous_39)
FN:532,(anonymous_40)
FN:548,(anonymous_41)
FN:562,(anonymous_42)
FN:565,(anonymous_43)
FN:579,(anonymous_44)
FN:582,(anonymous_45)
FNF:46
FNH:0
FNDA:0,(anonymous_0)
FNDA:0,(anonymous_1)
FNDA:0,(anonymous_2)
FNDA:0,(anonymous_3)
FNDA:0,(anonymous_4)
FNDA:0,(anonymous_5)
FNDA:0,(anonymous_6)
FNDA:0,(anonymous_7)
FNDA:0,(anonymous_8)
FNDA:0,(anonymous_9)
FNDA:0,(anonymous_10)
FNDA:0,(anonymous_11)
FNDA:0,(anonymous_12)
FNDA:0,(anonymous_13)
FNDA:0,(anonymous_14)
FNDA:0,(anonymous_15)
FNDA:0,(anonymous_16)
FNDA:0,(anonymous_17)
FNDA:0,(anonymous_18)
FNDA:0,(anonymous_19)
FNDA:0,(anonymous_20)
FNDA:0,(anonymous_21)
FNDA:0,(anonymous_22)
FNDA:0,(anonymous_23)
FNDA:0,(anonymous_24)
FNDA:0,(anonymous_25)
FNDA:0,(anonymous_26)
FNDA:0,(anonymous_27)
FNDA:0,(anonymous_28)
FNDA:0,(anonymous_29)
FNDA:0,(anonymous_30)
FNDA:0,(anonymous_31)
FNDA:0,(anonymous_32)
FNDA:0,(anonymous_33)
FNDA:0,(anonymous_34)
FNDA:0,(anonymous_35)
FNDA:0,(anonymous_36)
FNDA:0,(anonymous_37)
FNDA:0,(anonymous_38)
FNDA:0,(anonymous_39)
FNDA:0,(anonymous_40)
FNDA:0,(anonymous_41)
FNDA:0,(anonymous_42)
FNDA:0,(anonymous_43)
FNDA:0,(anonymous_44)
FNDA:0,(anonymous_45)
DA:14,0
DA:15,0
DA:16,0
DA:17,0
DA:18,0
DA:19,0
DA:21,0
DA:22,0
DA:24,0
DA:28,0
DA:29,0
DA:34,0
DA:35,0
DA:37,0
DA:38,0
DA:39,0
DA:40,0
DA:41,0
DA:43,0
DA:48,0
DA:49,0
DA:51,0
DA:52,0
DA:53,0
DA:54,0
DA:55,0
DA:57,0
DA:62,0
DA:63,0
DA:64,0
DA:68,0
DA:69,0
DA:70,0
DA:74,0
DA:75,0
DA:76,0
DA:80,0
DA:81,0
DA:82,0
DA:85,0
DA:86,0
DA:87,0
DA:91,0
DA:92,0
DA:93,0
DA:94,0
DA:95,0
DA:96,0
DA:97,0
DA:104,0
DA:105,0
DA:106,0
DA:108,0
DA:109,0
DA:111,0
DA:112,0
DA:115,0
DA:116,0
DA:121,0
DA:122,0
DA:123,0
DA:124,0
DA:126,0
DA:127,0
DA:128,0
DA:129,0
DA:130,0
DA:132,0
DA:136,0
DA:137,0
DA:139,0
DA:140,0
DA:143,0
DA:144,0
DA:149,0
DA:150,0
DA:151,0
DA:153,0
DA:154,0
DA:158,0
DA:159,0
DA:162,0
DA:163,0
DA:164,0
DA:165,0
DA:166,0
DA:167,0
DA:168,0
DA:173,0
DA:174,0
DA:175,0
DA:180,0
DA:182,0
DA:183,0
DA:184,0
DA:185,0
DA:186,0
DA:189,0
DA:193,0
DA:194,0
DA:196,0
DA:197,0
DA:198,0
DA:202,0
DA:203,0
DA:205,0
DA:206,0
DA:209,0
DA:211,0
DA:212,0
DA:218,0
DA:219,0
DA:220,0
DA:223,0
DA:224,0
DA:225,0
DA:229,0
DA:230,0
DA:231,0
DA:232,0
DA:238,0
DA:239,0
DA:241,0
DA:243,0
DA:244,0
DA:245,0
DA:246,0
DA:250,0
DA:251,0
DA:252,0
DA:256,0
DA:257,0
DA:258,0
DA:261,0
DA:262,0
DA:265,0
DA:266,0
DA:267,0
DA:269,0
DA:273,0
DA:287,0
DA:288,0
DA:294,0
DA:295,0
DA:300,0
DA:301,0
DA:303,0
DA:304,0
DA:305,0
DA:308,0
DA:309,0
DA:311,0
DA:312,0
DA:314,0
DA:315,0
DA:316,0
DA:319,0
DA:320,0
DA:321,0
DA:322,0
DA:325,0
DA:326,0
DA:327,0
DA:328,0
DA:331,0
DA:332,0
DA:334,0
DA:335,0
DA:336,0
DA:337,0
DA:338,0
DA:341,0
DA:343,0
DA:344,0
DA:345,0
DA:348,0
DA:349,0
DA:351,0
DA:352,0
DA:353,0
DA:355,0
DA:359,0
DA:371,0
DA:372,0
DA:373,0
DA:375,0
DA:376,0
DA:377,0
DA:379,0
DA:391,0
DA:394,0
DA:400,0
DA:401,0
DA:406,0
DA:407,0
DA:408,0
DA:409,0
DA:410,0
DA:414,0
DA:415,0
DA:417,0
DA:418,0
DA:421,0
DA:424,0
DA:425,0
DA:426,0
DA:430,0
DA:431,0
DA:432,0
DA:433,0
DA:437,0
DA:438,0
DA:441,0
DA:442,0
DA:444,0
DA:446,0
DA:448,0
DA:449,0
DA:450,0
DA:455,0
DA:458,0
DA:459,0
DA:462,0
DA:463,0
DA:464,0
DA:465,0
DA:472,0
DA:476,0
DA:478,0
DA:480,0
DA:486,0
DA:487,0
DA:493,0
DA:494,0
DA:496,0
DA:498,0
DA:499,0
DA:500,0
DA:501,0
DA:502,0
DA:505,0
DA:508,0
DA:511,0
DA:512,0
DA:516,0
DA:518,0
DA:524,0
DA:525,0
DA:526,0
DA:528,0
DA:529,0
DA:530,0
DA:532,0
DA:544,0
DA:549,0
DA:550,0
DA:552,0
DA:553,0
DA:554,0
DA:555,0
DA:556,0
DA:558,0
DA:563,0
DA:564,0
DA:565,0
DA:566,0
DA:570,0
DA:571,0
DA:572,0
DA:573,0
DA:575,0
DA:576,0
DA:580,0
DA:581,0
DA:582,0
DA:583,0
DA:584,0
LF:277
LH:0
BRDA:37,0,0,0
BRDA:37,0,1,0
BRDA:37,1,0,0
BRDA:37,1,1,0
BRDA:41,2,0,0
BRDA:41,2,1,0
BRDA:51,3,0,0
BRDA:51,3,1,0
BRDA:51,4,0,0
BRDA:51,4,1,0
BRDA:55,5,0,0
BRDA:55,5,1,0
BRDA:55,6,0,0
BRDA:55,6,1,0
BRDA:63,7,0,0
BRDA:63,7,1,0
BRDA:69,8,0,0
BRDA:69,8,1,0
BRDA:75,9,0,0
BRDA:75,9,1,0
BRDA:81,10,0,0
BRDA:81,10,1,0
BRDA:86,11,0,0
BRDA:86,11,1,0
BRDA:94,12,0,0
BRDA:94,12,1,0
BRDA:96,13,0,0
BRDA:96,13,1,0
BRDA:112,14,0,0
BRDA:112,14,1,0
BRDA:140,15,0,0
BRDA:140,15,1,0
BRDA:154,16,0,0
BRDA:154,16,1,0
BRDA:162,17,0,0
BRDA:162,17,1,0
BRDA:162,18,0,0
BRDA:162,18,1,0
BRDA:167,19,0,0
BRDA:167,19,1,0
BRDA:174,20,0,0
BRDA:174,20,1,0
BRDA:174,21,0,0
BRDA:174,21,1,0
BRDA:180,22,0,0
BRDA:180,22,1,0
BRDA:196,23,0,0
BRDA:196,23,1,0
BRDA:211,24,0,0
BRDA:211,24,1,0
BRDA:223,25,0,0
BRDA:223,25,1,0
BRDA:250,26,0,0
BRDA:250,26,1,0
BRDA:257,27,0,0
BRDA:257,27,1,0
BRDA:267,28,0,0
BRDA:267,28,1,0
BRDA:269,29,0,0
BRDA:269,29,1,0
BRDA:289,30,0,0
BRDA:289,30,1,0
BRDA:303,31,0,0
BRDA:303,31,1,0
BRDA:315,32,0,0
BRDA:315,32,1,0
BRDA:320,33,0,0
BRDA:320,33,1,0
BRDA:341,34,0,0
BRDA:341,34,1,0
BRDA:344,35,0,0
BRDA:344,35,1,0
BRDA:353,36,0,0
BRDA:353,36,1,0
BRDA:355,37,0,0
BRDA:355,37,1,0
BRDA:375,38,0,0
BRDA:375,38,1,0
BRDA:375,39,0,0
BRDA:375,39,1,0
BRDA:375,39,2,0
BRDA:376,40,0,0
BRDA:376,40,1,0
BRDA:380,41,0,0
BRDA:380,41,1,0
BRDA:385,42,0,0
BRDA:385,42,1,0
BRDA:387,43,0,0
BRDA:387,43,1,0
BRDA:395,44,0,0
BRDA:395,44,1,0
BRDA:408,45,0,0
BRDA:408,45,1,0
BRDA:425,46,0,0
BRDA:425,46,1,0
BRDA:438,47,0,0
BRDA:438,47,1,0
BRDA:438,48,0,0
BRDA:438,48,1,0
BRDA:448,49,0,0
BRDA:448,49,1,0
BRDA:463,50,0,0
BRDA:463,50,1,0
BRDA:464,51,0,0
BRDA:464,51,1,0
BRDA:505,52,0,0
BRDA:505,52,1,0
BRDA:512,53,0,0
BRDA:512,53,1,0
BRDA:528,54,0,0
BRDA:528,54,1,0
BRDA:528,55,0,0
BRDA:528,55,1,0
BRDA:528,55,2,0
BRDA:529,56,0,0
BRDA:529,56,1,0
BRDA:533,57,0,0
BRDA:533,57,1,0
BRDA:538,58,0,0
BRDA:538,58,1,0
BRDA:539,59,0,0
BRDA:539,59,1,0
BRDA:540,60,0,0
BRDA:540,60,1,0
BRDA:564,61,0,0
BRDA:564,61,1,0
BRDA:572,62,0,0
BRDA:572,62,1,0
BRDA:573,63,0,0
BRDA:573,63,1,0
BRDA:576,64,0,0
BRDA:576,64,1,0
BRF:132
BRH:0
end_of_record
TN:
SF:src/core/DataProcessor.js
FN:8,(anonymous_0)
FN:17,(anonymous_1)
FN:35,(anonymous_2)
FN:49,(anonymous_3)
FN:62,(anonymous_4)
FN:63,(anonymous_5)
FN:65,(anonymous_6)
FN:68,(anonymous_7)
FN:85,(anonymous_8)
FN:113,(anonymous_9)
FN:126,(anonymous_10)
FN:141,(anonymous_11)
FN:150,(anonymous_12)
FN:160,(anonymous_13)
FN:179,(anonymous_14)
FN:180,(anonymous_15)
FN:184,(anonymous_16)
FN:194,(anonymous_17)
FN:209,(anonymous_18)
FN:218,(anonymous_19)
FN:227,(anonymous_20)
FN:237,(anonymous_21)
FN:239,(anonymous_22)
FN:250,(anonymous_23)
FN:251,(anonymous_24)
FNF:25
FNH:16
FNDA:99,(anonymous_0)
FNDA:105,(anonymous_1)
FNDA:548562,(anonymous_2)
FNDA:52503,(anonymous_3)
FNDA:0,(anonymous_4)
FNDA:0,(anonymous_5)
FNDA:0,(anonymous_6)
FNDA:0,(anonymous_7)
FNDA:0,(anonymous_8)
FNDA:0,(anonymous_9)
FNDA:0,(anonymous_10)
FNDA:0,(anonymous_11)
FNDA:86,(anonymous_12)
FNDA:0,(anonymous_13)
FNDA:4,(anonymous_14)
FNDA:8,(anonymous_15)
FNDA:5,(anonymous_16)
FNDA:9,(anonymous_17)
FNDA:41,(anonymous_18)
FNDA:70,(anonymous_19)
FNDA:4,(anonymous_20)
FNDA:3,(anonymous_21)
FNDA:1000,(anonymous_22)
FNDA:3,(anonymous_23)
FNDA:1497,(anonymous_24)
DA:9,99
DA:10,99
DA:18,105
DA:19,105
DA:20,105
DA:22,105
DA:23,52500
DA:24,52500
DA:26,52500
DA:28,52500
DA:29,59844
DA:32,52500
DA:35,548562
DA:39,105
DA:50,52503
DA:51,52503
DA:52,332570
DA:54,52503
DA:63,0
DA:64,0
DA:65,0
DA:66,0
DA:67,0
DA:68,0
DA:69,0
DA:71,0
DA:72,0
DA:73,0
DA:76,0
DA:77,0
DA:78,0
DA:81,0
DA:82,0
DA:83,0
DA:85,0
DA:88,0
DA:89,0
DA:90,0
DA:92,0
DA:94,0
DA:95,0
DA:99,0
DA:101,0
DA:103,0
DA:105,0
DA:106,0
DA:110,0
DA:113,0
DA:114,0
DA:119,0
DA:123,0
DA:126,0
DA:132,0
DA:133,0
DA:135,0
DA:138,0
DA:141,0
DA:142,0
DA:151,86
DA:152,86
DA:161,0
DA:162,0
DA:163,0
DA:165,0
DA:180,8
DA:181,4
DA:182,4
DA:184,4
DA:185,5
DA:186,1
DA:188,4
DA:189,4
DA:193,4
DA:194,9
DA:196,4
DA:210,41
DA:219,70
DA:220,69
DA:228,4
DA:229,4
DA:238,3
DA:239,2
DA:240,1000
DA:251,3
DA:252,1497
LF:85
LH:41
BRDA:71,0,0,0
BRDA:71,0,1,0
BRDA:77,1,0,0
BRDA:77,1,1,0
BRDA:78,2,0,0
BRDA:78,2,1,0
BRDA:78,2,2,0
BRDA:78,2,3,0
BRDA:83,3,0,0
BRDA:83,3,1,0
BRDA:88,4,0,0
BRDA:88,4,1,0
BRDA:89,5,0,0
BRDA:89,5,1,0
BRDA:89,6,0,0
BRDA:89,6,1,0
BRDA:90,7,0,0
BRDA:90,7,1,0
BRDA:101,8,0,0
BRDA:101,8,1,0
BRDA:114,9,0,0
BRDA:114,9,1,0
BRDA:114,9,2,0
BRDA:119,10,0,0
BRDA:119,10,1,0
BRDA:119,11,0,0
BRDA:119,11,1,0
BRDA:119,11,2,0
BRDA:119,11,3,0
BRDA:132,12,0,0
BRDA:132,12,1,0
BRDA:185,13,0,1
BRDA:185,13,1,4
BRDA:219,14,0,1
BRDA:219,14,1,69
BRDA:238,15,0,1
BRDA:238,15,1,2
BRDA:240,16,0,1000
BRDA:240,16,1,500
BRDA:250,17,0,1
BRDA:252,18,0,499
BRDA:252,18,1,998
BRF:42
BRH:11
end_of_record
TN:
SF:src/data/StatisticsService.js
FN:8,(anonymous_0)
FN:15,(anonymous_1)
FN:21,(anonymous_2)
FN:37,(anonymous_3)
FN:47,(anonymous_4)
FN:48,(anonymous_5)
FN:59,(anonymous_6)
FN:99,(anonymous_7)
FN:103,(anonymous_8)
FN:106,(anonymous_9)
FN:116,(anonymous_10)
FN:120,(anonymous_11)
FN:123,(anonymous_12)
FN:133,(anonymous_13)
FN:144,(anonymous_14)
FN:145,(anonymous_15)
FNF:16
FNH:16
FNDA:74,(anonymous_0)
FNDA:3,(anonymous_1)
FNDA:1000,(anonymous_2)
FNDA:229,(anonymous_3)
FNDA:16772,(anonymous_4)
FNDA:100632,(anonymous_5)
FNDA:109,(anonymous_6)
FNDA:5,(anonymous_7)
FNDA:1061,(anonymous_8)
FNDA:40,(anonymous_9)
FNDA:5,(anonymous_10)
FNDA:1055,(anonymous_11)
FNDA:40,(anonymous_12)
FNDA:4,(anonymous_13)
FNDA:1500,(anonymous_14)
FNDA:9000,(anonymous_15)
DA:9,74
DA:16,3
DA:17,3
DA:18,1
DA:21,1000
DA:22,2
DA:24,2
DA:38,229
DA:39,229
DA:42,229
DA:43,11221
DA:47,229
DA:48,16772
DA:49,100632
DA:53,229
DA:60,109
DA:61,109
DA:64,109
DA:65,5341
DA:79,109
DA:80,5341
DA:81,5341
DA:82,43791
DA:83,5305
DA:84,5305
DA:85,5305
DA:88,5341
DA:89,36
DA:93,109
DA:100,5
DA:101,5
DA:102,5
DA:103,1061
DA:106,40
DA:117,5
DA:118,5
DA:119,5
DA:120,1055
DA:123,40
DA:134,4
DA:135,4
DA:144,4
DA:145,1500
DA:146,9000
DA:147,7199
DA:148,5371
DA:149,3555
DA:150,1690
DA:155,4
DA:156,4
DA:157,3
DA:158,15
DA:162,4
LF:53
LH:53
BRDA:17,0,0,1
BRDA:17,0,1,2
BRDA:37,1,0,12
BRDA:38,2,0,229
BRDA:38,2,1,12
BRDA:59,3,0,2
BRDA:60,4,0,109
BRDA:60,4,1,2
BRDA:82,5,0,5305
BRDA:82,5,1,38486
BRDA:88,6,0,36
BRDA:88,6,1,5305
BRDA:99,7,0,2
BRDA:116,8,0,2
BRDA:146,9,0,1801
BRDA:146,9,1,7199
BRDA:147,10,0,1828
BRDA:147,10,1,5371
BRDA:148,11,0,1816
BRDA:148,11,1,3555
BRDA:149,12,0,1865
BRDA:149,12,1,1690
BRDA:156,13,0,3
BRDA:156,13,1,1
BRF:24
BRH:24
end_of_record
TN:
SF:src/engine/PredictionEngine.js
FN:18,(anonymous_0)
FN:55,(anonymous_1)
FN:73,(anonymous_2)
FNF:3
FNH:3
FNDA:22,(anonymous_0)
FNDA:34,(anonymous_1)
FNDA:5,(anonymous_2)
DA:19,22
DA:20,22
DA:21,22
DA:56,34
DA:58,34
DA:59,1
DA:62,33
DA:63,33
DA:65,1
DA:66,1
DA:69,32
DA:74,5
DA:75,5
LF:13
LH:13
BRDA:55,0,0,1
BRDA:55,1,0,1
BRDA:58,2,0,1
BRDA:58,2,1,33
BRDA:63,3,0,1
BRDA:63,3,1,32
BRDA:74,4,0,5
BRDA:74,4,1,1
BRF:8
BRH:8
end_of_record
TN:
SF:src/engine/strategies/BayesianStrategy.js
FN:4,(anonymous_0)
FN:8,(anonymous_1)
FN:31,(anonymous_2)
FN:33,(anonymous_3)
FN:42,(anonymous_4)
FN:53,(anonymous_5)
FN:57,(anonymous_6)
FN:59,(anonymous_7)
FN:61,(anonymous_8)
FN:61,(anonymous_9)
FNF:10
FNH:10
FNDA:112,(anonymous_0)
FNDA:28,(anonymous_1)
FNDA:8232,(anonymous_2)
FNDA:49392,(anonymous_3)
FNDA:8232,(anonymous_4)
FNDA:1372,(anonymous_5)
FNDA:5944,(anonymous_6)
FNDA:168,(anonymous_7)
FNDA:168,(anonymous_8)
FNDA:288,(anonymous_9)
DA:5,112
DA:9,28
DA:10,28
DA:13,28
DA:14,28
DA:15,28
DA:16,28
DA:17,1372
DA:22,28
DA:25,28
DA:27,28
DA:28,1372
DA:29,1372
DA:31,1372
DA:32,8232
DA:33,8232
DA:34,49392
DA:40,28
DA:41,1372
DA:42,1372
DA:43,8232
DA:44,8232
DA:45,8232
DA:49,1372
DA:53,1372
DA:54,1372
DA:56,28
DA:57,5944
DA:59,168
DA:61,288
DA:63,28
LF:31
LH:31
BRDA:17,0,0,1372
BRDA:17,0,1,1
BRDA:32,1,0,1371
BRDA:32,1,1,6861
BRDA:34,2,0,49392
BRDA:34,2,1,35465
BRDA:43,3,0,8232
BRDA:43,3,1,8232
BRDA:43,3,2,3807
BRDA:44,4,0,8232
BRDA:44,4,1,0
BRF:11
BRH:10
end_of_record
TN:
SF:src/engine/strategies/CollaborativeStrategy.js
FN:16,(anonymous_0)
FN:69,(anonymous_1)
FN:87,(anonymous_2)
FN:136,(anonymous_3)
FN:147,(anonymous_4)
FN:165,(anonymous_5)
FN:167,(anonymous_6)
FN:170,(anonymous_7)
FN:176,(anonymous_8)
FN:187,(anonymous_9)
FN:193,(anonymous_10)
FN:195,(anonymous_11)
FN:212,(anonymous_12)
FN:217,(anonymous_13)
FN:219,(anonymous_14)
FN:226,(anonymous_15)
FN:232,(anonymous_16)
FN:243,(anonymous_17)
FN:273,(anonymous_18)
FN:277,(anonymous_19)
FN:285,(anonymous_20)
FN:291,(anonymous_21)
FN:293,(anonymous_22)
FN:299,(anonymous_23)
FN:301,(anonymous_24)
FN:303,(anonymous_25)
FN:304,(anonymous_26)
FN:317,(anonymous_27)
FN:319,(anonymous_28)
FN:325,(anonymous_29)
FN:327,(anonymous_30)
FN:329,(anonymous_31)
FN:330,(anonymous_32)
FN:340,(anonymous_33)
FN:349,(anonymous_34)
FN:351,(anonymous_35)
FN:357,(anonymous_36)
FN:361,(anonymous_37)
FN:369,(anonymous_38)
FN:380,(anonymous_39)
FN:382,(anonymous_40)
FN:384,(anonymous_41)
FN:388,(anonymous_42)
FN:390,(anonymous_43)
FN:391,(anonymous_44)
FN:399,(anonymous_45)
FN:405,(anonymous_46)
FN:407,(anonymous_47)
FN:415,(anonymous_48)
FN:419,(anonymous_49)
FN:425,(anonymous_50)
FN:431,(anonymous_51)
FN:439,(anonymous_52)
FN:445,(anonymous_53)
FN:446,(anonymous_54)
FN:448,(anonymous_55)
FN:451,(anonymous_56)
FN:458,(anonymous_57)
FN:459,(anonymous_58)
FN:469,(anonymous_59)
FN:471,(anonymous_60)
FN:472,(anonymous_61)
FN:486,(anonymous_62)
FN:494,(anonymous_63)
FN:504,(anonymous_64)
FN:509,(anonymous_65)
FN:510,(anonymous_66)
FN:511,(anonymous_67)
FN:537,(anonymous_68)
FN:541,(anonymous_69)
FN:550,(anonymous_70)
FN:557,(anonymous_71)
FN:564,(anonymous_72)
FN:566,(anonymous_73)
FN:570,(anonymous_74)
FN:572,(anonymous_75)
FN:573,(anonymous_76)
FN:576,(anonymous_77)
FN:583,(anonymous_78)
FNF:79
FNH:79
FNDA:90,(anonymous_0)
FNDA:25,(anonymous_1)
FNDA:8,(anonymous_2)
FNDA:78,(anonymous_3)
FNDA:6,(anonymous_4)
FNDA:1266,(anonymous_5)
FNDA:36,(anonymous_6)
FNDA:294,(anonymous_7)
FNDA:63,(anonymous_8)
FNDA:11,(anonymous_9)
FNDA:2340,(anonymous_10)
FNDA:275,(anonymous_11)
FNDA:165,(anonymous_12)
FNDA:462,(anonymous_13)
FNDA:66,(anonymous_14)
FNDA:539,(anonymous_15)
FNDA:113,(anonymous_16)
FNDA:87,(anonymous_17)
FNDA:8,(anonymous_18)
FNDA:48,(anonymous_19)
FNDA:288,(anonymous_20)
FNDA:1708,(anonymous_21)
FNDA:200,(anonymous_22)
FNDA:19,(anonymous_23)
FNDA:475,(anonymous_24)
FNDA:76,(anonymous_25)
FNDA:1900,(anonymous_26)
FNDA:1613,(anonymous_27)
FNDA:261,(anonymous_28)
FNDA:8,(anonymous_29)
FNDA:96,(anonymous_30)
FNDA:8,(anonymous_31)
FNDA:48,(anonymous_32)
FNDA:16,(anonymous_33)
FNDA:215,(anonymous_34)
FNDA:48,(anonymous_35)
FNDA:36,(anonymous_36)
FNDA:341,(anonymous_37)
FNDA:2046,(anonymous_38)
FNDA:6,(anonymous_39)
FNDA:1266,(anonymous_40)
FNDA:36,(anonymous_41)
FNDA:36,(anonymous_42)
FNDA:66,(anonymous_43)
FNDA:396,(anonymous_44)
FNDA:36,(anonymous_45)
FNDA:36,(anonymous_46)
FNDA:36,(anonymous_47)
FNDA:11,(anonymous_48)
FNDA:66,(anonymous_49)
FNDA:66,(anonymous_50)
FNDA:66,(anonymous_51)
FNDA:1,(anonymous_52)
FNDA:41,(anonymous_53)
FNDA:15,(anonymous_54)
FNDA:15,(anonymous_55)
FNDA:4,(anonymous_56)
FNDA:6,(anonymous_57)
FNDA:4,(anonymous_58)
FNDA:1,(anonymous_59)
FNDA:43,(anonymous_60)
FNDA:15,(anonymous_61)
FNDA:15,(anonymous_62)
FNDA:5,(anonymous_63)
FNDA:4,(anonymous_64)
FNDA:168,(anonymous_65)
FNDA:60,(anonymous_66)
FNDA:60,(anonymous_67)
FNDA:8,(anonymous_68)
FNDA:392,(anonymous_69)
FNDA:8,(anonymous_70)
FNDA:6,(anonymous_71)
FNDA:11,(anonymous_72)
FNDA:66,(anonymous_73)
FNDA:8,(anonymous_74)
FNDA:24,(anonymous_75)
FNDA:24,(anonymous_76)
FNDA:6,(anonymous_77)
FNDA:11,(anonymous_78)
DA:17,90
DA:18,90
DA:21,90
DA:66,90
DA:70,25
DA:72,25
DA:74,8
DA:76,6
DA:79,11
DA:88,8
DA:91,8
DA:92,8
DA:95,8
DA:96,8
DA:103,8
DA:104,8
DA:107,8
DA:110,8
DA:117,8
DA:118,8
DA:121,8
DA:124,8
DA:131,8
DA:135,8
DA:136,78
DA:148,6
DA:149,6
DA:152,6
DA:153,30
DA:154,30
DA:158,6
DA:161,6
DA:164,6
DA:165,1266
DA:167,36
DA:169,6
DA:170,294
DA:171,6
DA:172,294
DA:175,6
DA:176,63
DA:189,11
DA:190,11
DA:191,11
DA:192,11
DA:193,2340
DA:195,275
DA:198,11
DA:199,11
DA:200,11
DA:203,11
DA:204,11
DA:207,11
DA:208,11
DA:211,11
DA:212,11
DA:213,165
DA:216,11
DA:217,462
DA:219,66
DA:222,11
DA:225,11
DA:226,539
DA:227,11
DA:228,539
DA:231,11
DA:232,113
DA:244,87
DA:246,87
DA:247,125
DA:248,125
DA:250,125
DA:251,275
DA:252,275
DA:253,275
DA:262,0
DA:267,87
DA:274,8
DA:275,392
DA:277,8
DA:279,48
DA:280,2352
DA:281,2352
DA:285,48
DA:286,288
DA:290,8
DA:291,1708
DA:293,200
DA:300,19
DA:301,475
DA:303,19
DA:304,76
DA:305,1900
DA:306,1900
DA:309,1900
DA:310,1900
DA:311,348
DA:316,19
DA:317,1613
DA:319,261
DA:326,8
DA:327,96
DA:329,8
DA:330,8
DA:331,48
DA:332,23
DA:338,8
DA:339,8
DA:340,8
DA:341,16
DA:343,8
DA:344,0
DA:348,8
DA:349,215
DA:351,48
DA:358,36
DA:359,1764
DA:361,36
DA:363,341
DA:364,16709
DA:365,16709
DA:369,341
DA:370,2046
DA:374,36
DA:381,6
DA:382,1266
DA:384,36
DA:387,6
DA:388,36
DA:390,6
DA:391,66
DA:392,396
DA:393,170
DA:399,36
DA:401,6
DA:403,6
DA:406,36
DA:408,36
DA:416,11
DA:419,66
DA:420,11
DA:421,1
DA:425,66
DA:426,11
DA:427,1
DA:431,66
DA:432,11
DA:433,4
DA:436,11
DA:440,1
DA:441,1
DA:444,1
DA:445,41
DA:446,15
DA:448,1
DA:449,15
DA:450,15
DA:451,4
DA:453,1
DA:456,1
DA:457,1
DA:458,6
DA:459,4
DA:461,1
DA:462,1
DA:463,1
DA:466,1
DA:470,1
DA:471,43
DA:472,15
DA:475,1
DA:476,1
DA:477,5
DA:480,1
DA:482,1
DA:485,1
DA:486,1
DA:487,15
DA:488,15
DA:491,1
DA:493,1
DA:494,5
DA:495,1
DA:496,1
DA:497,1
DA:501,1
DA:505,4
DA:506,4
DA:508,4
DA:509,168
DA:510,60
DA:511,60
DA:513,4
DA:516,4
DA:517,21
DA:518,114
DA:519,114
DA:521,114
DA:522,84
DA:523,84
DA:524,3
DA:525,3
DA:531,1
DA:538,8
DA:539,8
DA:541,392
DA:542,8
DA:543,8
DA:544,392
DA:547,8
DA:552,8
DA:554,8
DA:559,6
DA:560,6
DA:561,6
DA:566,66
DA:567,11
DA:571,8
DA:572,24
DA:573,24
DA:577,6
DA:578,6
DA:584,11
LF:223
LH:221
BRDA:16,0,0,4
BRDA:72,1,0,8
BRDA:72,1,1,6
BRDA:72,1,2,11
BRDA:72,1,3,11
BRDA:213,2,0,165
BRDA:213,2,1,0
BRDA:248,3,0,0
BRDA:248,3,1,125
BRDA:280,4,0,2352
BRDA:280,4,1,0
BRDA:305,5,0,1900
BRDA:305,5,1,88
BRDA:310,6,0,348
BRDA:310,6,1,1552
BRDA:331,7,0,23
BRDA:331,7,1,25
BRDA:338,8,0,8
BRDA:338,8,1,0
BRDA:343,9,0,0
BRDA:343,9,1,8
BRDA:364,10,0,16709
BRDA:364,10,1,1003
BRDA:392,11,0,170
BRDA:392,11,1,226
BRDA:420,12,0,1
BRDA:420,12,1,10
BRDA:420,13,0,11
BRDA:420,13,1,10
BRDA:426,14,0,1
BRDA:426,14,1,10
BRDA:432,15,0,4
BRDA:432,15,1,7
BRDA:432,16,0,11
BRDA:432,16,1,7
BRDA:450,17,0,15
BRDA:450,17,1,0
BRDA:453,18,0,0
BRDA:453,18,1,1
BRDA:458,19,0,6
BRDA:458,19,1,0
BRDA:459,20,0,4
BRDA:459,20,1,0
BRDA:459,21,0,4
BRDA:459,21,1,0
BRDA:461,22,0,1
BRDA:461,22,1,0
BRDA:461,23,0,1
BRDA:461,23,1,1
BRDA:477,24,0,3
BRDA:477,24,1,2
BRDA:480,25,0,0
BRDA:480,25,1,1
BRDA:488,26,0,15
BRDA:488,26,1,3
BRDA:491,27,0,1
BRDA:491,27,1,0
BRDA:494,28,0,5
BRDA:494,28,1,0
BRDA:494,29,0,5
BRDA:494,29,1,0
BRDA:521,30,0,84
BRDA:521,30,1,30
BRDA:521,31,0,114
BRDA:521,31,1,114
BRDA:521,31,2,30
BRDA:521,31,3,0
BRDA:523,32,0,3
BRDA:523,32,1,81
BRDA:523,33,0,84
BRDA:523,33,1,3
BRDA:577,34,0,0
BRDA:577,34,1,6
BRDA:577,35,0,6
BRDA:577,35,1,0
BRF:75
BRH:57
end_of_record
TN:
SF:src/engine/strategies/DeviationStrategy.js
FN:4,(anonymous_0)
FN:8,(anonymous_1)
FN:44,(anonymous_2)
FN:48,(anonymous_3)
FN:50,(anonymous_4)
FN:52,(anonymous_5)
FN:52,(anonymous_6)
FNF:7
FNH:7
FNDA:492,(anonymous_0)
FNDA:27,(anonymous_1)
FNDA:1323,(anonymous_2)
FNDA:5337,(anonymous_3)
FNDA:162,(anonymous_4)
FNDA:162,(anonymous_5)
FNDA:257,(anonymous_6)
DA:5,492
DA:9,27
DA:10,27
DA:13,27
DA:14,27
DA:17,27
DA:18,27
DA:19,1323
DA:20,1323
DA:22,27
DA:24,27
DA:25,1323
DA:26,1323
DA:29,1323
DA:31,68
DA:32,1255
DA:34,36
DA:35,1219
DA:37,245
DA:39,974
DA:44,1323
DA:45,1323
DA:47,27
DA:48,5337
DA:50,162
DA:52,257
DA:54,27
LF:27
LH:27
BRDA:19,0,0,1323
BRDA:19,0,1,1
BRDA:25,1,0,1323
BRDA:25,1,1,1
BRDA:29,2,0,68
BRDA:29,2,1,1255
BRDA:32,3,0,36
BRDA:32,3,1,1219
BRDA:35,4,0,245
BRDA:35,4,1,974
BRDA:35,5,0,1219
BRDA:35,5,1,309
BRF:12
BRH:12
end_of_record
TN:
SF:src/engine/strategies/FrequencyStrategy.js
FN:4,(anonymous_0)
FN:8,(anonymous_1)
FN:18,(anonymous_2)
FN:20,(anonymous_3)
FN:22,(anonymous_4)
FN:22,(anonymous_5)
FN:33,(anonymous_6)
FN:35,(anonymous_7)
FNF:8
FNH:8
FNDA:503,(anonymous_0)
FNDA:51,(anonymous_1)
FNDA:10746,(anonymous_2)
FNDA:306,(anonymous_3)
FNDA:306,(anonymous_4)
FNDA:519,(anonymous_5)
FNDA:52,(anonymous_6)
FNDA:312,(anonymous_7)
DA:5,503
DA:9,51
DA:10,51
DA:11,51
DA:13,51
DA:14,2499
DA:17,51
DA:18,10746
DA:20,306
DA:22,519
DA:24,51
DA:35,312
DA:36,52
DA:37,52
DA:40,52
DA:41,52
LF:16
LH:16
BRF:0
BRH:0
end_of_record
TN:
SF:src/engine/strategies/HotColdMixStrategy.js
FN:10,(anonymous_0)
FN:14,(anonymous_1)
FN:15,(anonymous_2)
FN:16,(anonymous_3)
FN:20,(anonymous_4)
FNF:5
FNH:5
FNDA:22,(anonymous_0)
FNDA:1,(anonymous_1)
FNDA:10,(anonymous_2)
FNDA:10,(anonymous_3)
FNDA:9,(anonymous_4)
DA:11,22
DA:15,10
DA:16,10
DA:17,1
DA:18,1
DA:19,1
DA:20,9
DA:21,1
LF:8
LH:8
BRF:0
BRH:0
end_of_record
TN:
SF:src/engine/strategies/MLStrategy.js
FN:8,(anonymous_0)
FN:13,(anonymous_1)
FN:28,(anonymous_2)
FN:67,(anonymous_3)
FN:74,(anonymous_4)
FN:76,(anonymous_5)
FN:78,(anonymous_6)
FN:78,(anonymous_7)
FN:92,(anonymous_8)
FN:123,(anonymous_9)
FN:138,(anonymous_10)
FN:143,(anonymous_11)
FN:149,(anonymous_12)
FN:151,(anonymous_13)
FN:153,(anonymous_14)
FN:153,(anonymous_15)
FN:167,(anonymous_16)
FN:185,(anonymous_17)
FN:208,(anonymous_18)
FN:216,(anonymous_19)
FN:218,(anonymous_20)
FN:223,(anonymous_21)
FN:228,(anonymous_22)
FN:240,(anonymous_23)
FN:242,(anonymous_24)
FN:256,(anonymous_25)
FN:257,(anonymous_26)
FN:267,(anonymous_27)
FN:271,(anonymous_28)
FN:276,(anonymous_29)
FN:282,(anonymous_30)
FN:287,(anonymous_31)
FN:291,(anonymous_32)
FN:297,(anonymous_33)
FN:303,(anonymous_34)
FN:320,(anonymous_35)
FNF:36
FNH:36
FNDA:246,(anonymous_0)
FNDA:53,(anonymous_1)
FNDA:1,(anonymous_2)
FNDA:49,(anonymous_3)
FNDA:215,(anonymous_4)
FNDA:6,(anonymous_5)
FNDA:6,(anonymous_6)
FNDA:10,(anonymous_7)
FNDA:26,(anonymous_8)
FNDA:272930,(anonymous_9)
FNDA:38220,(anonymous_10)
FNDA:1274,(anonymous_11)
FNDA:5512,(anonymous_12)
FNDA:156,(anonymous_13)
FNDA:156,(anonymous_14)
FNDA:272,(anonymous_15)
FNDA:26,(anonymous_16)
FNDA:39000,(anonymous_17)
FNDA:1300,(anonymous_18)
FNDA:1300,(anonymous_19)
FNDA:7800,(anonymous_20)
FNDA:1274,(anonymous_21)
FNDA:282,(anonymous_22)
FNDA:1300,(anonymous_23)
FNDA:63700,(anonymous_24)
FNDA:191100,(anonymous_25)
FNDA:191100,(anonymous_26)
FNDA:40300,(anonymous_27)
FNDA:241800,(anonymous_28)
FNDA:241800,(anonymous_29)
FNDA:241800,(anonymous_30)
FNDA:241800,(anonymous_31)
FNDA:241800,(anonymous_32)
FNDA:78000,(anonymous_33)
FNDA:31034,(anonymous_34)
FNDA:3911,(anonymous_35)
DA:9,246
DA:10,246
DA:14,53
DA:16,26
DA:18,26
DA:21,1
DA:29,1
DA:30,1
DA:33,49
DA:36,1
DA:37,1
DA:38,1
DA:39,49
DA:43,1
DA:44,1
DA:45,1
DA:46,1
DA:47,49
DA:51,1
DA:52,1
DA:53,49
DA:54,49
DA:55,49
DA:56,32
DA:57,24
DA:58,49
DA:62,1
DA:63,49
DA:67,49
DA:68,1
DA:69,1
DA:70,49
DA:73,1
DA:74,215
DA:76,6
DA:78,10
DA:80,1
DA:93,26
DA:94,26
DA:97,26
DA:98,26
DA:99,26
DA:102,26
DA:103,26
DA:104,780
DA:107,780
DA:108,780
DA:109,780
DA:111,780
DA:112,38220
DA:114,38220
DA:115,27195
DA:117,38220
DA:118,26166
DA:119,26166
DA:121,38220
DA:122,27293
DA:123,27293
DA:124,272930
DA:125,27293
DA:128,38220
DA:129,38220
DA:132,780
DA:136,26
DA:137,26
DA:138,38220
DA:139,1274
DA:143,1274
DA:144,26
DA:145,1274
DA:148,26
DA:149,5512
DA:151,156
DA:153,272
DA:155,26
DA:168,26
DA:169,26
DA:171,26
DA:172,26
DA:175,26
DA:176,26
DA:177,26
DA:179,26
DA:180,1300
DA:184,26
DA:185,39000
DA:188,780
DA:189,780
DA:190,39000
DA:191,39000
DA:194,39000
DA:197,39000
DA:198,3911
DA:201,39000
DA:204,780
DA:208,1300
DA:209,26
DA:210,26
DA:213,26
DA:214,1274
DA:216,26
DA:217,1300
DA:218,1300
DA:219,7800
DA:223,1274
DA:224,26
DA:225,1274
DA:228,282
DA:230,26
DA:241,1300
DA:242,63700
DA:244,1300
DA:245,3902
DA:246,3902
DA:247,99346
DA:248,99346
DA:249,3900
DA:250,3900
DA:255,3902
DA:256,191100
DA:257,191100
DA:258,3900
DA:259,3900
DA:264,1300
DA:268,40300
DA:271,40300
DA:272,241800
DA:276,40300
DA:277,241800
DA:278,241800
DA:282,241800
DA:283,40300
DA:284,19747
DA:287,241800
DA:288,40300
DA:291,241800
DA:292,40300
DA:294,40300
DA:298,78000
DA:299,78000
DA:300,78000
DA:304,31034
DA:305,31034
DA:308,31034
DA:309,31034
DA:310,214382
DA:311,214382
DA:312,186204
DA:313,186204
DA:317,31034
DA:321,3911
DA:322,3911
DA:324,3911
DA:325,4430
DA:328,3911
DA:329,3911
LF:156
LH:156
BRDA:8,0,0,0
BRDA:14,1,0,26
BRDA:14,1,1,26
BRDA:14,1,2,1
BRDA:14,1,3,1
BRDA:37,2,0,1
BRDA:37,2,1,0
BRDA:45,3,0,1
BRDA:45,3,1,0
BRDA:55,4,0,17
BRDA:55,4,1,32
BRDA:55,5,0,49
BRDA:55,5,1,25
BRDA:56,6,0,8
BRDA:56,6,1,24
BRDA:114,7,0,27195
BRDA:114,7,1,11025
BRDA:117,8,0,26166
BRDA:117,8,1,12054
BRDA:119,9,0,10274
BRDA:119,9,1,15892
BRDA:119,10,0,26166
BRDA:119,10,1,13754
BRDA:121,11,0,27293
BRDA:121,11,1,10927
BRDA:124,12,0,33420
BRDA:124,12,1,239510
BRDA:194,13,0,31034
BRDA:194,13,1,7966
BRDA:197,14,0,3911
BRDA:197,14,1,35089
BRDA:248,15,0,3900
BRDA:248,15,1,95446
BRDA:248,16,0,99346
BRDA:248,16,1,4063
BRDA:255,17,0,3900
BRDA:255,17,1,2
BRDA:258,18,0,3900
BRDA:258,18,1,0
BRDA:278,19,0,203428
BRDA:278,19,1,38372
BRDA:278,20,0,241800
BRDA:278,20,1,210779
BRDA:283,21,0,20553
BRDA:283,21,1,19747
BRDA:284,22,0,17106
BRDA:284,22,1,2641
BRDA:284,23,0,19747
BRDA:284,23,1,11563
BRDA:292,24,0,32722
BRDA:292,24,1,7578
BRDA:292,25,0,40300
BRDA:292,25,1,36580
BRDA:300,26,0,36927
BRDA:300,26,1,41073
BRDA:309,27,0,245416
BRDA:309,27,1,214382
BRDA:311,28,0,186204
BRDA:311,28,1,28178
BRF:59
BRH:55
end_of_record
TN:
SF:src/engine/strategies/MarkovStrategy.js
FN:4,(anonymous_0)
FN:7,(anonymous_1)
FN:26,(anonymous_2)
FN:27,(anonymous_3)
FN:38,(anonymous_4)
FN:40,(anonymous_5)
FN:50,(anonymous_6)
FN:56,(anonymous_7)
FN:58,(anonymous_8)
FN:60,(anonymous_9)
FN:60,(anonymous_10)
FNF:11
FNH:11
FNDA:492,(anonymous_0)
FNDA:28,(anonymous_1)
FNDA:8232,(anonymous_2)
FNDA:49392,(anonymous_3)
FNDA:168,(anonymous_4)
FNDA:8232,(anonymous_5)
FNDA:1372,(anonymous_6)
FNDA:5902,(anonymous_7)
FNDA:168,(anonymous_8)
FNDA:168,(anonymous_9)
FNDA:285,(anonymous_10)
DA:8,28
DA:9,28
DA:12,28
DA:13,1372
DA:14,1372
DA:15,67228
DA:22,28
DA:23,1372
DA:24,1372
DA:26,1372
DA:27,8232
DA:28,49392
DA:34,28
DA:35,28
DA:36,1372
DA:38,28
DA:39,168
DA:40,8232
DA:42,168
DA:44,8232
DA:45,8232
DA:50,1372
DA:51,28
DA:52,1372
DA:55,28
DA:56,5902
DA:58,168
DA:60,285
DA:62,28
LF:29
LH:29
BRDA:40,0,0,168
BRDA:40,0,1,0
BRF:2
BRH:1
end_of_record
TN:
SF:src/engine/strategies/MonteCarloStrategy.js
FN:4,(anonymous_0)
FN:8,(anonymous_1)
FN:35,(anonymous_2)
FN:45,(anonymous_3)
FN:47,(anonymous_4)
FN:49,(anonymous_5)
FN:49,(anonymous_6)
FNF:7
FNH:7
FNDA:492,(anonymous_0)
FNDA:27,(anonymous_1)
FNDA:1620000,(anonymous_2)
FNDA:5705,(anonymous_3)
FNDA:162,(anonymous_4)
FNDA:162,(anonymous_5)
FNDA:273,(anonymous_6)
DA:5,492
DA:9,27
DA:10,27
DA:11,27
DA:12,27
DA:15,27
DA:16,27
DA:19,1323
DA:20,1323
DA:21,29430
DA:25,27
DA:26,1323
DA:29,27
DA:30,270000
DA:31,270000
DA:32,1713235
DA:33,1713235
DA:35,1620000
DA:39,27
DA:40,27
DA:41,1323
DA:44,27
DA:45,5705
DA:47,162
DA:49,273
DA:51,27
LF:26
LH:26
BRF:0
BRH:0
end_of_record
TN:
SF:src/engine/strategies/OddEvenBalanceStrategy.js
FN:9,(anonymous_0)
FN:13,(anonymous_1)
FN:30,(anonymous_2)
FN:31,(anonymous_3)
FN:31,(anonymous_4)
FNF:5
FNH:5
FNDA:22,(anonymous_0)
FNDA:1,(anonymous_1)
FNDA:81,(anonymous_2)
FNDA:6,(anonymous_3)
FNDA:11,(anonymous_4)
DA:10,22
DA:15,1
DA:17,1
DA:18,1
DA:19,49
DA:20,25
DA:22,1
DA:24,1
DA:25,1
DA:26,49
DA:27,24
DA:30,81
DA:31,11
DA:32,1
LF:14
LH:14
BRDA:19,0,0,24
BRDA:19,0,1,25
BRDA:22,1,0,0
BRDA:22,1,1,1
BRDA:26,2,0,24
BRDA:26,2,1,25
BRDA:26,3,0,49
BRDA:26,3,1,0
BRDA:26,3,2,49
BRDA:26,3,3,49
BRF:10
BRH:8
end_of_record
TN:
SF:src/engine/strategies/SumRangeStrategy.js
FN:19,(anonymous_0)
FN:29,(anonymous_1)
FN:30,(anonymous_2)
FN:36,(anonymous_3)
FN:53,(anonymous_4)
FN:54,(anonymous_5)
FN:55,(anonymous_6)
FN:59,(anonymous_7)
FN:65,(anonymous_8)
FN:67,(anonymous_9)
FN:79,(anonymous_10)
FN:80,(anonymous_11)
FN:81,(anonymous_12)
FN:84,(anonymous_13)
FN:95,(anonymous_14)
FN:103,(anonymous_15)
FN:104,(anonymous_16)
FN:104,(anonymous_17)
FN:132,(anonymous_18)
FN:180,(anonymous_19)
FN:188,(anonymous_20)
FN:188,(anonymous_21)
FNF:22
FNH:17
FNDA:22,(anonymous_0)
FNDA:71,(anonymous_1)
FNDA:426,(anonymous_2)
FNDA:71,(anonymous_3)
FNDA:1,(anonymous_4)
FNDA:50,(anonymous_5)
FNDA:50,(anonymous_6)
FNDA:50,(anonymous_7)
FNDA:15,(anonymous_8)
FNDA:3,(anonymous_9)
FNDA:1,(anonymous_10)
FNDA:50,(anonymous_11)
FNDA:50,(anonymous_12)
FNDA:50,(anonymous_13)
FNDA:1,(anonymous_14)
FNDA:0,(anonymous_15)
FNDA:0,(anonymous_16)
FNDA:0,(anonymous_17)
FNDA:216,(anonymous_18)
FNDA:52,(anonymous_19)
FNDA:0,(anonymous_20)
FNDA:0,(anonymous_21)
DA:20,22
DA:22,22
DA:23,22
DA:30,426
DA:37,71
DA:40,71
DA:41,426
DA:42,1065
DA:43,1065
DA:47,71
DA:54,50
DA:55,50
DA:58,1
DA:59,1
DA:60,50
DA:64,1
DA:65,15
DA:67,3
DA:69,1
DA:80,50
DA:81,50
DA:84,50
DA:85,1
DA:87,1
DA:96,1
DA:98,0
DA:99,0
DA:100,0
DA:101,0
DA:103,0
DA:104,0
DA:106,0
DA:115,1
DA:116,1
DA:117,1
DA:120,1
DA:121,1
DA:122,1
DA:125,1
DA:128,1
DA:129,1
DA:130,49
DA:132,216
DA:135,1
DA:136,1
DA:139,1
DA:140,20
DA:141,20
DA:142,20
DA:143,20
DA:146,20
DA:147,126
DA:149,120
DA:150,120
DA:153,120
DA:154,120
DA:157,120
DA:158,100
DA:159,100
DA:160,100
DA:161,100
DA:166,20
DA:167,20
DA:168,20
DA:171,20
DA:174,20
DA:175,20
DA:176,20
DA:178,20
DA:179,5
DA:180,52
DA:187,1
DA:188,0
DA:189,0
DA:191,0
DA:199,1
DA:200,1
DA:201,1
DA:203,1
LF:79
LH:69
BRDA:60,0,0,50
BRDA:60,0,1,7
BRDA:96,1,0,0
BRDA:96,1,1,1
BRDA:146,2,0,146
BRDA:146,2,1,146
BRDA:147,3,0,6
BRDA:147,3,1,120
BRDA:157,4,0,100
BRDA:157,4,1,20
BRDA:157,5,0,120
BRDA:157,5,1,120
BRDA:166,6,0,20
BRDA:166,6,1,0
BRDA:171,7,0,20
BRDA:171,7,1,0
BRDA:171,8,0,20
BRDA:171,8,1,20
BRDA:171,8,2,20
BRDA:171,8,3,20
BRDA:178,9,0,5
BRDA:178,9,1,15
BRDA:187,10,0,0
BRDA:187,10,1,1
BRF:24
BRH:20
end_of_record
TN:
SF:src/engine/strategies/TrendStrategy.js
FN:4,(anonymous_0)
FN:7,(anonymous_1)
FN:17,(anonymous_2)
FN:27,(anonymous_3)
FN:32,(anonymous_4)
FN:39,(anonymous_5)
FN:41,(anonymous_6)
FN:43,(anonymous_7)
FN:43,(anonymous_8)
FN:54,(anonymous_9)
FNF:10
FNH:10
FNDA:492,(anonymous_0)
FNDA:30,(anonymous_1)
FNDA:1500,(anonymous_2)
FNDA:9000,(anonymous_3)
FNDA:1470,(anonymous_4)
FNDA:6392,(anonymous_5)
FNDA:180,(anonymous_6)
FNDA:180,(anonymous_7)
FNDA:313,(anonymous_8)
FNDA:30,(anonymous_9)
DA:8,30
DA:10,30
DA:11,1470
DA:14,30
DA:15,30
DA:17,30
DA:24,1500
DA:25,1500
DA:27,1500
DA:28,9000
DA:32,1470
DA:33,30
DA:34,30
DA:35,1470
DA:38,30
DA:39,6392
DA:41,180
DA:43,313
DA:45,30
DA:56,30
LF:20
LH:20
BRF:0
BRH:0
end_of_record
TN:
SF:src/engine/strategies/UnifiedEnsembleStrategy.js
FN:13,(anonymous_0)
FN:27,(anonymous_1)
FN:48,(anonymous_2)
FN:61,(anonymous_3)
FN:70,(anonymous_4)
FN:74,(anonymous_5)
FN:76,(anonymous_6)
FN:78,(anonymous_7)
FN:78,(anonymous_8)
FN:92,(anonymous_9)
FN:123,(anonymous_10)
FN:129,(anonymous_11)
FN:133,(anonymous_12)
FN:135,(anonymous_13)
FN:137,(anonymous_14)
FN:137,(anonymous_15)
FN:151,(anonymous_16)
FN:165,(anonymous_17)
FN:168,(anonymous_18)
FN:187,(anonymous_19)
FN:198,(anonymous_20)
FN:204,(anonymous_21)
FN:206,(anonymous_22)
FN:208,(anonymous_23)
FN:208,(anonymous_24)
FN:222,(anonymous_25)
FN:234,(anonymous_26)
FN:236,(anonymous_27)
FN:239,(anonymous_28)
FN:248,(anonymous_29)
FN:255,(anonymous_30)
FN:257,(anonymous_31)
FN:259,(anonymous_32)
FN:259,(anonymous_33)
FN:273,(anonymous_34)
FN:292,(anonymous_35)
FN:292,(anonymous_36)
FN:300,(anonymous_37)
FN:300,(anonymous_38)
FN:309,(anonymous_39)
FN:330,(anonymous_40)
FN:334,(anonymous_41)
FN:336,(anonymous_42)
FN:338,(anonymous_43)
FN:338,(anonymous_44)
FN:349,(anonymous_45)
FN:353,(anonymous_46)
FN:354,(anonymous_47)
FNF:48
FNH:48
FNDA:380,(anonymous_0)
FNDA:80,(anonymous_1)
FNDA:1,(anonymous_2)
FNDA:5,(anonymous_3)
FNDA:49,(anonymous_4)
FNDA:212,(anonymous_5)
FNDA:6,(anonymous_6)
FNDA:6,(anonymous_7)
FNDA:9,(anonymous_8)
FNDA:1,(anonymous_9)
FNDA:588,(anonymous_10)
FNDA:49,(anonymous_11)
FNDA:215,(anonymous_12)
FNDA:6,(anonymous_13)
FNDA:6,(anonymous_14)
FNDA:10,(anonymous_15)
FNDA:26,(anonymous_16)
FNDA:1300,(anonymous_17)
FNDA:7800,(anonymous_18)
FNDA:1274,(anonymous_19)
FNDA:1274,(anonymous_20)
FNDA:5488,(anonymous_21)
FNDA:156,(anonymous_22)
FNDA:156,(anonymous_23)
FNDA:258,(anonymous_24)
FNDA:26,(anonymous_25)
FNDA:1300,(anonymous_26)
FNDA:7800,(anonymous_27)
FNDA:4464,(anonymous_28)
FNDA:1274,(anonymous_29)
FNDA:5447,(anonymous_30)
FNDA:156,(anonymous_31)
FNDA:156,(anonymous_32)
FNDA:266,(anonymous_33)
FNDA:26,(anonymous_34)
FNDA:1300,(anonymous_35)
FNDA:7800,(anonymous_36)
FNDA:1300,(anonymous_37)
FNDA:7800,(anonymous_38)
FNDA:3120,(anonymous_39)
FNDA:1274,(anonymous_40)
FNDA:5506,(anonymous_41)
FNDA:156,(anonymous_42)
FNDA:156,(anonymous_43)
FNDA:273,(anonymous_44)
FNDA:26,(anonymous_45)
FNDA:1300,(anonymous_46)
FNDA:7800,(anonymous_47)
DA:14,380
DA:15,380
DA:18,380
DA:28,80
DA:30,80
DA:32,1
DA:34,26
DA:36,26
DA:38,26
DA:41,1
DA:49,1
DA:50,1
DA:51,49
DA:54,1
DA:55,1
DA:56,5
DA:57,5
DA:61,1
DA:62,5
DA:63,245
DA:64,244
DA:70,49
DA:71,49
DA:73,1
DA:74,212
DA:76,6
DA:78,9
DA:80,1
DA:93,1
DA:94,1
DA:97,1
DA:98,49
DA:102,1
DA:103,1
DA:104,1
DA:105,1
DA:106,1
DA:109,1
DA:112,1
DA:113,3
DA:114,147
DA:116,147
DA:123,588
DA:124,147
DA:129,49
DA:130,49
DA:132,1
DA:133,215
DA:135,6
DA:137,10
DA:139,1
DA:152,26
DA:153,26
DA:154,26
DA:155,26
DA:156,26
DA:159,26
DA:160,1274
DA:161,1274
DA:164,26
DA:165,26
DA:166,1300
DA:167,1300
DA:168,1300
DA:169,7800
DA:170,7800
DA:175,26
DA:176,26
DA:178,26
DA:185,26
DA:186,26
DA:187,1274
DA:189,26
DA:190,1274
DA:191,1274
DA:192,1274
DA:194,1274
DA:198,1274
DA:199,26
DA:200,1274
DA:203,26
DA:204,5488
DA:206,156
DA:208,258
DA:210,26
DA:223,26
DA:226,26
DA:227,26
DA:230,26
DA:231,1274
DA:234,26
DA:235,1300
DA:236,7800
DA:238,1300
DA:239,744
DA:240,4464
DA:241,3361
DA:248,1274
DA:249,26
DA:250,26
DA:251,1274
DA:254,26
DA:255,5447
DA:257,156
DA:259,266
DA:261,26
DA:274,26
DA:275,26
DA:277,1274
DA:280,26
DA:281,26
DA:284,26
DA:285,26
DA:288,26
DA:291,26
DA:292,1300
DA:293,7800
DA:294,7800
DA:296,26
DA:299,26
DA:300,7800
DA:301,26
DA:302,26
DA:305,26
DA:306,26
DA:307,1274
DA:308,26
DA:309,3120
DA:312,26
DA:313,1274
DA:314,1274
DA:315,1274
DA:317,1274
DA:318,1274
DA:319,1274
DA:321,1274
DA:322,1274
DA:323,1049
DA:325,1274
DA:327,1274
DA:330,1274
DA:331,1274
DA:333,26
DA:334,5506
DA:336,156
DA:338,273
DA:340,26
DA:350,26
DA:351,260
DA:353,26
DA:354,1300
DA:355,7800
DA:359,26
DA:360,26
DA:361,26
DA:362,1274
DA:363,1274
DA:365,26
LF:158
LH:158
BRDA:13,0,0,0
BRDA:30,1,0,1
BRDA:30,1,1,26
BRDA:30,1,2,26
BRDA:30,1,3,26
BRDA:30,1,4,1
BRDA:30,1,5,1
BRDA:63,2,0,244
BRDA:63,2,1,1
BRDA:70,3,0,1
BRDA:70,3,1,0
BRDA:106,4,0,1
BRDA:106,4,1,0
BRDA:179,5,0,0
BRDA:179,5,1,26
BRDA:179,6,0,0
BRDA:179,6,1,26
BRDA:180,7,0,0
BRDA:180,7,1,26
BRDA:180,8,0,0
BRDA:180,8,1,26
BRDA:186,9,0,26
BRDA:186,9,1,0
BRDA:187,10,0,26
BRDA:187,10,1,0
BRDA:238,11,0,744
BRDA:238,11,1,556
BRDA:240,12,0,3361
BRDA:240,12,1,1103
BRDA:251,13,0,1274
BRDA:251,13,1,0
BRDA:285,14,0,26
BRDA:285,14,1,0
BRDA:300,15,0,3980
BRDA:300,15,1,3820
BRDA:315,16,0,1274
BRDA:315,16,1,0
BRDA:318,17,0,1274
BRDA:318,17,1,0
BRDA:322,18,0,225
BRDA:322,18,1,1049
BRDA:322,19,0,1274
BRDA:322,19,1,650
BRDA:323,20,0,408
BRDA:323,20,1,641
BRDA:323,21,0,1049
BRDA:323,21,1,624
BRF:47
BRH:34
end_of_record
TN:
SF:src/engine/strategies/ZoneBalanceStrategy.js
FN:10,(anonymous_0)
FN:14,(anonymous_1)
FN:29,(anonymous_2)
FN:38,(anonymous_3)
FN:39,(anonymous_4)
FN:39,(anonymous_5)
FNF:6
FNH:6
FNDA:22,(anonymous_0)
FNDA:1,(anonymous_1)
FNDA:8,(anonymous_2)
FNDA:20,(anonymous_3)
FNDA:6,(anonymous_4)
FNDA:12,(anonymous_5)
DA:11,22
DA:15,1
DA:17,1
DA:24,1
DA:25,49
DA:26,49
DA:29,8
DA:31,1
DA:32,1
DA:33,49
DA:34,49
DA:35,9
DA:38,20
DA:39,12
DA:40,1
LF:15
LH:15
BRDA:25,0,0,10
BRDA:25,0,1,39
BRDA:25,1,0,10
BRDA:25,1,1,29
BRDA:25,2,0,10
BRDA:25,2,1,19
BRDA:25,3,0,10
BRDA:25,3,1,9
BRDA:33,4,0,10
BRDA:33,4,1,39
BRDA:33,5,0,10
BRDA:33,5,1,29
BRDA:33,6,0,10
BRDA:33,6,1,19
BRDA:33,7,0,10
BRDA:33,7,1,9
BRDA:34,8,0,9
BRDA:34,8,1,40
BRF:18
BRH:18
end_of_record
TN:
SF:src/utils/Constants.js
FNF:0
FNH:0
DA:11,6
LF:1
LH:1
BRF:0
BRH:0
end_of_record
TN:
SF:src/utils/WeightConfigs.js
FNF:0
FNH:0
DA:4,0
DA:72,0
LF:2
LH:0
BRF:0
BRH:0
end_of_record
